<?xml version="1.0" encoding="UTF-8"?>
<!-- Generated by org.testng.reporters.JUnitReportReporter -->
<testsuite hostname="DBOXHYDLT-04730" failures="0" tests="1" name="com.tests.modules.alumni.CompensationForm16TaxSheets" time="66349.188" errors="1" timestamp="2026-07-17T10:59:53 IST" skipped="0">
  <testcase classname="com.tests.modules.alumni.CompensationForm16TaxSheets" name="verifyDownloadForm16PdfForSelectedFy" time="66349.188">
    <error message="Element not found: {&quot;keyValueType&quot;:&quot;String&quot;,&quot;keyValueString&quot;:&quot;alumni_compensation_home_card_form16b&quot;,&quot;finderType&quot;:&quot;ByValueKey&quot;}" type="java.lang.RuntimeException">
      <![CDATA[java.lang.RuntimeException: Element not found: {"keyValueType":"String","keyValueString":"alumni_compensation_home_card_form16b","finderType":"ByValueKey"}
at com.darwinbox.mobile.MobileTestBase.genericHelpers.parameters.helpsers.FlutterHelpers.clickAction(FlutterHelpers.java:304)
at com.pages.alumni.CompensationForm16TaxSheetsPage.openDocumentCard(CompensationForm16TaxSheetsPage.java:313)
at com.tests.modules.alumni.CompensationForm16TaxSheets.verifyDownloadForm16PdfForSelectedFy(CompensationForm16TaxSheets.java:219)
at java.base/jdk.internal.reflect.DirectMethodHandleAccessor.invoke(DirectMethodHandleAccessor.java:103)
at java.base/java.lang.reflect.Method.invoke(Method.java:580)
at org.testng.internal.invokers.MethodInvocationHelper.invokeMethod(MethodInvocationHelper.java:139)
at org.testng.internal.invokers.TestInvoker.invokeMethod(TestInvoker.java:664)
at org.testng.internal.invokers.TestInvoker.invokeTestMethod(TestInvoker.java:227)
at org.testng.internal.invokers.MethodRunner.runInSequence(MethodRunner.java:50)
at org.testng.internal.invokers.TestInvoker$MethodInvocationAgent.invoke(TestInvoker.java:957)
at org.testng.internal.invokers.TestInvoker.invokeTestMethods(TestInvoker.java:200)
at org.testng.internal.invokers.TestMethodWorker.invokeTestMethods(TestMethodWorker.java:148)
at org.testng.internal.invokers.TestMethodWorker.run(TestMethodWorker.java:128)
at java.base/java.util.concurrent.ThreadPoolExecutor.runWorker(ThreadPoolExecutor.java:1144)
at java.base/java.util.concurrent.ThreadPoolExecutor$Worker.run(ThreadPoolExecutor.java:642)
at java.base/java.lang.Thread.run(Thread.java:1583)
]]>
    </error>
  </testcase> <!-- verifyDownloadForm16PdfForSelectedFy -->
</testsuite> <!-- com.tests.modules.alumni.CompensationForm16TaxSheets -->
