<?xml version="1.0" encoding="UTF-8"?>
<!-- Generated by org.testng.reporters.JUnitReportReporter -->
<testsuite hostname="DBOXHYDLT-04730" failures="0" tests="1" name="com.tests.modules.taskbox.TaskboxBulkActionFunctional" time="58.805" errors="0" timestamp="2026-07-29T02:35:35 IST" skipped="0">
  <testcase classname="com.tests.modules.taskbox.TaskboxBulkActionFunctional" name="verifySelectedCountUpdatesInRealTime" time="58.805"/>
</testsuite> <!-- com.tests.modules.taskbox.TaskboxBulkActionFunctional -->
