<?xml version="1.0" encoding="UTF-8"?>
<!-- Generated by org.testng.reporters.JUnitXMLReporter -->
<testsuite ignored="48" hostname="DBOXHYDLT-04730" failures="0" tests="1" name="Surefire test" time="60.166" errors="0" timestamp="2026-07-29T02:35:34 IST">
  <testcase classname="com.tests.modules.taskbox.TaskboxBulkActionFunctional" name="verifySelectedCountUpdatesInRealTime" time="33.312"/>
  <testcase classname="com.tests.modules.taskbox.TaskboxBulkActionFunctional" name="verifyNetworkSwitchDuringBulkSubmitShowsError" time="0.0">
    <ignored/>
  </testcase> <!-- verifyNetworkSwitchDuringBulkSubmitShowsError -->
  <testcase classname="com.tests.modules.taskbox.TaskboxBulkActionFunctional" name="verifyBulkActionRespectsApprovalPermissions" time="0.0">
    <ignored/>
  </testcase> <!-- verifyBulkActionRespectsApprovalPermissions -->
  <testcase classname="com.tests.modules.taskbox.TaskboxBulkActionFunctional" name="verifyNetworkFailureDuringBulkApprove" time="0.0">
    <ignored/>
  </testcase> <!-- verifyNetworkFailureDuringBulkApprove -->
  <testcase classname="com.tests.modules.taskbox.TaskboxBulkActionFunctional" name="verifyMlfStringsRenderForBulkSelectLabels" time="0.0">
    <ignored/>
  </testcase> <!-- verifyMlfStringsRenderForBulkSelectLabels -->
  <testcase classname="com.tests.modules.taskbox.TaskboxBulkActionFunctional" name="verifyAppBarCtaEntersBulkSelectModeWithCheckboxes" time="0.0">
    <ignored/>
  </testcase> <!-- verifyAppBarCtaEntersBulkSelectModeWithCheckboxes -->
  <testcase classname="com.tests.modules.taskbox.TaskboxBulkActionFunctional" name="verifyMandatoryCommentSettingOnLeaveRequestsBulkApprove" time="0.0">
    <ignored/>
  </testcase> <!-- verifyMandatoryCommentSettingOnLeaveRequestsBulkApprove -->
  <testcase classname="com.tests.modules.taskbox.TaskboxBulkActionFunctional" name="verifyHiddenCommentSkipsModalOnBulkApprove" time="0.0">
    <ignored/>
  </testcase> <!-- verifyHiddenCommentSkipsModalOnBulkApprove -->
  <testcase classname="com.tests.modules.taskbox.TaskboxBulkActionFunctional" name="verifyCommentModalCancelPreservesSelection" time="0.0">
    <ignored/>
  </testcase> <!-- verifyCommentModalCancelPreservesSelection -->
  <testcase classname="com.tests.modules.taskbox.TaskboxBulkActionFunctional" name="verifyBulkSelectCtaNotShownOnNonApplicablePage" time="0.0">
    <ignored/>
  </testcase> <!-- verifyBulkSelectCtaNotShownOnNonApplicablePage -->
  <testcase classname="com.tests.modules.taskbox.TaskboxBulkActionFunctional" name="verifyMandatoryCommentBlocksApproveCta" time="0.0">
    <ignored/>
  </testcase> <!-- verifyMandatoryCommentBlocksApproveCta -->
  <testcase classname="com.tests.modules.taskbox.TaskboxBulkActionFunctional" name="verifyNormalModeCardTapOpensRequestDetail" time="0.0">
    <ignored/>
  </testcase> <!-- verifyNormalModeCardTapOpensRequestDetail -->
  <testcase classname="com.tests.modules.taskbox.TaskboxBulkActionFunctional" name="verifyOptionalCommentSettingOnOvertimeRequestsBulkApprove" time="0.0">
    <ignored/>
  </testcase> <!-- verifyOptionalCommentSettingOnOvertimeRequestsBulkApprove -->
  <testcase classname="com.tests.modules.taskbox.TaskboxBulkActionFunctional" name="verifySelectAllChecksAllVisibleCards" time="0.0">
    <ignored/>
  </testcase> <!-- verifySelectAllChecksAllVisibleCards -->
  <testcase classname="com.tests.modules.taskbox.TaskboxBulkActionFunctional" name="verifyBulkSelectCtaVisibleOnRequestType" time="0.0">
    <ignored/>
  </testcase> <!-- verifyBulkSelectCtaVisibleOnRequestType -->
  <testcase classname="com.tests.modules.taskbox.TaskboxBulkActionFunctional" name="verifyLongPressOnNonApplicableActPageDoesNotEnterBulkMode" time="0.0">
    <ignored/>
  </testcase> <!-- verifyLongPressOnNonApplicableActPageDoesNotEnterBulkMode -->
  <testcase classname="com.tests.modules.taskbox.TaskboxBulkActionFunctional" name="verifyHrBpPersonaCanBulkApproveLeaveRequests" time="0.0">
    <ignored/>
  </testcase> <!-- verifyHrBpPersonaCanBulkApproveLeaveRequests -->
  <testcase classname="com.tests.modules.taskbox.TaskboxBulkActionFunctional" name="verifyPendoFreShownOnFirstBulkSelectEntry" time="0.0">
    <ignored/>
  </testcase> <!-- verifyPendoFreShownOnFirstBulkSelectEntry -->
  <testcase classname="com.tests.modules.taskbox.TaskboxBulkActionFunctional" name="verifySelectAllShowsLazyLoadBanner" time="0.0">
    <ignored/>
  </testcase> <!-- verifySelectAllShowsLazyLoadBanner -->
  <testcase classname="com.tests.modules.taskbox.TaskboxBulkActionFunctional" name="verifyAppBackgroundPreservesBulkSelections" time="0.0">
    <ignored/>
  </testcase> <!-- verifyAppBackgroundPreservesBulkSelections -->
  <testcase classname="com.tests.modules.taskbox.TaskboxBulkActionFunctional" name="verifyEmptyCommentWithOptionalSettingAllowsSubmit" time="0.0">
    <ignored/>
  </testcase> <!-- verifyEmptyCommentWithOptionalSettingAllowsSubmit -->
  <testcase classname="com.tests.modules.taskbox.TaskboxBulkActionFunctional" name="verifyBulkSelectCtaHiddenWhenSinglePendingTask" time="0.0">
    <ignored/>
  </testcase> <!-- verifyBulkSelectCtaHiddenWhenSinglePendingTask -->
  <testcase classname="com.tests.modules.taskbox.TaskboxBulkActionFunctional" name="verifyLongPressEntersBulkSelectWithCardPreSelected" time="0.0">
    <ignored/>
  </testcase> <!-- verifyLongPressEntersBulkSelectWithCardPreSelected -->
  <testcase classname="com.tests.modules.taskbox.TaskboxBulkActionFunctional" name="verifyBulkRejectWithOptionalComment" time="0.0">
    <ignored/>
  </testcase> <!-- verifyBulkRejectWithOptionalComment -->
  <testcase classname="com.tests.modules.taskbox.TaskboxBulkActionFunctional" name="verifyMandatoryCommentBlocksRejectCta" time="0.0">
    <ignored/>
  </testcase> <!-- verifyMandatoryCommentBlocksRejectCta -->
  <testcase classname="com.tests.modules.taskbox.TaskboxBulkActionFunctional" name="verifyBulkApproveWithOptionalComment" time="0.0">
    <ignored/>
  </testcase> <!-- verifyBulkApproveWithOptionalComment -->
  <testcase classname="com.tests.modules.taskbox.TaskboxBulkActionFunctional" name="verifyCardTapTogglesCheckboxInBulkSelectMode" time="0.0">
    <ignored/>
  </testcase> <!-- verifyCardTapTogglesCheckboxInBulkSelectMode -->
  <testcase classname="com.tests.modules.taskbox.TaskboxBulkActionFunctional" name="verifyLockScreenPreservesCommentModalState" time="0.0">
    <ignored/>
  </testcase> <!-- verifyLockScreenPreservesCommentModalState -->
  <testcase classname="com.tests.modules.taskbox.TaskboxBulkActionFunctional" name="verifyDockedCtasRespectIosSafeArea" time="0.0">
    <ignored/>
  </testcase> <!-- verifyDockedCtasRespectIosSafeArea -->
  <testcase classname="com.tests.modules.taskbox.TaskboxBulkActionFunctional" name="verifyIndividualApprovePermissionAllowsBulkApprove" time="0.0">
    <ignored/>
  </testcase> <!-- verifyIndividualApprovePermissionAllowsBulkApprove -->
  <testcase classname="com.tests.modules.taskbox.TaskboxBulkActionFunctional" name="verifyRotationMaintainsSelectionCountInBulkMode" time="0.0">
    <ignored/>
  </testcase> <!-- verifyRotationMaintainsSelectionCountInBulkMode -->
  <testcase classname="com.tests.modules.taskbox.TaskboxBulkActionFunctional" name="verifySelectAllDeselectsAllVisibleCards" time="0.0">
    <ignored/>
  </testcase> <!-- verifySelectAllDeselectsAllVisibleCards -->
  <testcase classname="com.tests.modules.taskbox.TaskboxBulkActionFunctional" name="verifyDockedCtasRespectAndroidSafeArea" time="0.0">
    <ignored/>
  </testcase> <!-- verifyDockedCtasRespectAndroidSafeArea -->
  <testcase classname="com.tests.modules.taskbox.TaskboxBulkActionFunctional" name="verifyNotificationOverlayDoesNotClearSelections" time="0.0">
    <ignored/>
  </testcase> <!-- verifyNotificationOverlayDoesNotClearSelections -->
  <testcase classname="com.tests.modules.taskbox.TaskboxBulkActionFunctional" name="verifyBulkRejectFlowCompletesOnRequestType" time="0.0">
    <ignored/>
  </testcase> <!-- verifyBulkRejectFlowCompletesOnRequestType -->
  <testcase classname="com.tests.modules.taskbox.TaskboxBulkActionFunctional" name="verifySelectAllScopeLimitedToLoadedCards" time="0.0">
    <ignored/>
  </testcase> <!-- verifySelectAllScopeLimitedToLoadedCards -->
  <testcase classname="com.tests.modules.taskbox.TaskboxBulkActionFunctional" name="verifyBulkApproveAppliesSameCommentToAll" time="0.0">
    <ignored/>
  </testcase> <!-- verifyBulkApproveAppliesSameCommentToAll -->
  <testcase classname="com.tests.modules.taskbox.TaskboxBulkActionFunctional" name="verifyBackIconExitsBulkSelectMode" time="0.0">
    <ignored/>
  </testcase> <!-- verifyBackIconExitsBulkSelectMode -->
  <testcase classname="com.tests.modules.taskbox.TaskboxBulkActionFunctional" name="verifyExactlyTwoTasksEnablesFullBulkFlow" time="0.0">
    <ignored/>
  </testcase> <!-- verifyExactlyTwoTasksEnablesFullBulkFlow -->
  <testcase classname="com.tests.modules.taskbox.TaskboxBulkActionFunctional" name="verifyBulkRejectSuccessToastExactCopy" time="0.0">
    <ignored/>
  </testcase> <!-- verifyBulkRejectSuccessToastExactCopy -->
  <testcase classname="com.tests.modules.taskbox.TaskboxBulkActionFunctional" name="verifyBulkSelectCtaVisibleOnLeaveRequests" time="0.0">
    <ignored/>
  </testcase> <!-- verifyBulkSelectCtaVisibleOnLeaveRequests -->
  <testcase classname="com.tests.modules.taskbox.TaskboxBulkActionFunctional" name="verifyHiddenCommentSettingOnReimbursementApprovalsBulkApprove" time="0.0">
    <ignored/>
  </testcase> <!-- verifyHiddenCommentSettingOnReimbursementApprovalsBulkApprove -->
  <testcase classname="com.tests.modules.taskbox.TaskboxBulkActionFunctional" name="verifyApproveAndRejectCtasEnabledWhenSelected" time="0.0">
    <ignored/>
  </testcase> <!-- verifyApproveAndRejectCtasEnabledWhenSelected -->
  <testcase classname="com.tests.modules.taskbox.TaskboxBulkActionFunctional" name="verifyDockedCtasDisabledWhenZeroSelected" time="0.0">
    <ignored/>
  </testcase> <!-- verifyDockedCtasDisabledWhenZeroSelected -->
  <testcase classname="com.tests.modules.taskbox.TaskboxBulkActionFunctional" name="verifyMixedApproveRejectNotSupportedInSingleFlow" time="0.0">
    <ignored/>
  </testcase> <!-- verifyMixedApproveRejectNotSupportedInSingleFlow -->
  <testcase classname="com.tests.modules.taskbox.TaskboxBulkActionFunctional" name="verifyServerErrorDuringBulkAction" time="0.0">
    <ignored/>
  </testcase> <!-- verifyServerErrorDuringBulkAction -->
  <testcase classname="com.tests.modules.taskbox.TaskboxBulkActionFunctional" name="verifyForceQuitReturnsToNormalTaskList" time="0.0">
    <ignored/>
  </testcase> <!-- verifyForceQuitReturnsToNormalTaskList -->
  <testcase classname="com.tests.modules.taskbox.TaskboxBulkActionFunctional" name="verifyBulkApproveSuccessToastExactCopy" time="0.0">
    <ignored/>
  </testcase> <!-- verifyBulkApproveSuccessToastExactCopy -->
  <testcase classname="com.tests.modules.taskbox.TaskboxBulkActionFunctional" name="verifySelectionPersistsAcrossPaginatedList" time="0.0">
    <ignored/>
  </testcase> <!-- verifySelectionPersistsAcrossPaginatedList -->
</testsuite> <!-- Surefire test -->
