<?xml version="1.0" encoding="UTF-8"?>
<testsuite xmlns:xsi="http://www.w3.org/2001/XMLSchema-instance" xsi:noNamespaceSchemaLocation="https://maven.apache.org/surefire/maven-surefire-plugin/xsd/surefire-test-report-3.0.xsd" version="3.0" name="com.tests.modules.alumni.CompensationForm16TaxSheets" time="66389.09" tests="1" errors="0" skipped="0" failures="1">
  <properties>
[...]
</properties>
  <testcase name="verifyDownloadForm16PdfForSelectedFy[{Financial Year=2025-26, Category=positive, Expected Tab=Form 16, Priority=high, ExecutionType=Sanity, Precondition=Alumni on Compensation page; FY 2025-26 selected, downloadWaitSeconds=30, TestCaseId=MOB-ALUM-COMP-010, AdminSetup=Form 16 Part A and Part B uploaded and released for FY 2025-26, TestCaseName=Download Form 16 PDF for selected FY, TestMethod=verifyDownloadForm16PdfForSelectedFy, ExpectedOutcome=Alumni downloads Form 16 PDF (Part A + Part B) for selected FY in under 30 seconds (self-service), Groups=[&quot;smoke&quot;,&quot;regression&quot;,&quot;alumni-compensation&quot;], RunMode=Yes, TestCaseType=happy_path, AutomationTargets=alumni_compensation_home_card_form16a, alumni_compensation_home_card_form16b, alumni_compensation_form16_pdf_viewer, alumni_compensation_form16_download_button, TestCaseDescription=Core tax-filing use case: download Form 16 Part A+B for selected FY.}](1)" classname="com.tests.modules.alumni.CompensationForm16TaxSheets" time="66314.33">
    <failure message="Element not found: {&quot;keyValueType&quot;:&quot;String&quot;,&quot;keyValueString&quot;:&quot;alumni_compensation_home_card_form16b&quot;,&quot;finderType&quot;:&quot;ByValueKey&quot;}" type="java.lang.RuntimeException"><![CDATA[java.lang.RuntimeException: Element not found: {"keyValueType":"String","keyValueString":"alumni_compensation_home_card_form16b","finderType":"ByValueKey"}
	at com.darwinbox.mobile.MobileTestBase.genericHelpers.parameters.helpsers.FlutterHelpers.clickAction(FlutterHelpers.java:304)
	at com.pages.alumni.CompensationForm16TaxSheetsPage.openDocumentCard(CompensationForm16TaxSheetsPage.java:313)
	at com.tests.modules.alumni.CompensationForm16TaxSheets.verifyDownloadForm16PdfForSelectedFy(CompensationForm16TaxSheets.java:219)
	at java.base/jdk.internal.reflect.DirectMethodHandleAccessor.invoke(DirectMethodHandleAccessor.java:103)
	at java.base/java.lang.reflect.Method.invoke(Method.java:580)
	at org.testng.internal.invokers.MethodInvocationHelper.invokeMethod(MethodInvocationHelper.java:139)
	at org.testng.internal.invokers.TestInvoker.invokeMethod(TestInvoker.java:664)
	at org.testng.internal.invokers.TestInvoker.invokeTestMethod(TestInvoker.java:227)
	at org.testng.internal.invokers.MethodRunner.runInSequence(MethodRunner.java:50)
	at org.testng.internal.invokers.TestInvoker$MethodInvocationAgent.invoke(TestInvoker.java:957)
	at org.testng.internal.invokers.TestInvoker.invokeTestMethods(TestInvoker.java:200)
	at org.testng.internal.invokers.TestMethodWorker.invokeTestMethods(TestMethodWorker.java:148)
	at org.testng.internal.invokers.TestMethodWorker.run(TestMethodWorker.java:128)
	at java.base/java.util.concurrent.ThreadPoolExecutor.runWorker(ThreadPoolExecutor.java:1144)
	at java.base/java.util.concurrent.ThreadPoolExecutor$Worker.run(ThreadPoolExecutor.java:642)
	at java.base/java.lang.Thread.run(Thread.java:1583)
]]></failure>
    <system-out><![CDATA[WARN Appium Appium encountered 2 warnings while validating drivers found in manifest C:\Users\ShaiwalSingh\.appium\node_modules\.cache\appium\extensions.yaml
WARN Appium Driver "flutter" has 1 potential problem: 
WARN Appium   - Driver "flutter" (package `appium-flutter-driver`) may be incompatible with the current version of Appium (v3.3.0) due to its peer dependency on Appium ^2.4.1. Please install a compatible version of the driver.
&amp#27;[38;5;112m[Appium]&amp#27;[0m Welcome to Appium v3.3.0 (REV e53969d3703c04863a444bab9c41b1e6ccac4834)
&amp#27;[38;5;112m[Appium]&amp#27;[0m Non-default server args:
&amp#27;[38;5;112m[Appium]&amp#27;[0m { address: &amp#27;[32m'127.0.0.1'&amp#27;[39m, loglevel: &amp#27;[32m'info'&amp#27;[39m, port: &amp#27;[33m38084&amp#27;[39m, sessionOverride: &amp#27;[33mtrue&amp#27;[39m }
&amp#27;[38;5;112m[Appium]&amp#27;[0m Attempting to load driver uiautomator2...
&amp#27;[38;5;112m[Appium]&amp#27;[0m Attempting to load driver flutter...
&amp#27;[38;5;112m[Appium]&amp#27;[0m Appium REST http interface listener started on http://127.0.0.1:38084
&amp#27;[38;5;112m[Appium]&amp#27;[0m Available drivers:
&amp#27;[38;5;112m[Appium]&amp#27;[0m   - uiautomator2@4.2.8 (automationName 'UiAutomator2')
&amp#27;[38;5;112m[Appium]&amp#27;[0m   - flutter@2.19.0 (automationName 'Flutter')
&amp#27;[38;5;112m[Appium]&amp#27;[0m No plugins have been installed. Use the "appium plugin" command to install the one(s) you want to use.
&amp#27;[38;5;86m[HTTP]&amp#27;[0m &amp#27;[37m-->&amp#27;[39m &amp#27;[37mGET&amp#27;[39m &amp#27;[37m/status&amp#27;[39m &amp#27;[90m&amp#27;[39m
&amp#27;[38;5;86m[HTTP]&amp#27;[0m &amp#27;[37m<-- GET /status &amp#27;[39m&amp#27;[32m200&amp#27;[39m &amp#27;[90m4 ms - 199&amp#27;[39m
&amp#27;[38;5;86m[HTTP]&amp#27;[0m &amp#27;[37m-->&amp#27;[39m &amp#27;[37mGET&amp#27;[39m &amp#27;[37m/status&amp#27;[39m &amp#27;[90m&amp#27;[39m
&amp#27;[38;5;86m[HTTP]&amp#27;[0m &amp#27;[37m<-- GET /status &amp#27;[39m&amp#27;[32m200&amp#27;[39m &amp#27;[90m1 ms - 199&amp#27;[39m
&amp#27;[38;5;86m[HTTP]&amp#27;[0m &amp#27;[37m-->&amp#27;[39m &amp#27;[37mGET&amp#27;[39m &amp#27;[37m/status&amp#27;[39m &amp#27;[90m&amp#27;[39m
&amp#27;[38;5;86m[HTTP]&amp#27;[0m &amp#27;[37m<-- GET /status &amp#27;[39m&amp#27;[32m200&amp#27;[39m &amp#27;[90m2 ms - 199&amp#27;[39m
&amp#27;[38;5;86m[HTTP]&amp#27;[0m &amp#27;[37m-->&amp#27;[39m &amp#27;[37mPOST&amp#27;[39m &amp#27;[37m/session&amp#27;[39m &amp#27;[90m{"capabilities":{"firstMatch":[{}],"alwaysMatch":{"appium:appActivity":"com.dbox.dbox_flutter.host.MainActivity","appium:appPackage":"com.dbox.dbox_flutter.host","appium:autoGrantPermissions":true,"appium:automationName":"Flutter","appium:deviceName":"SM-515F/DSN","appium:disableWindowAnimation":true,"appium:ignoreHiddenApiPolicyError":true,"appium:newCommandTimeout":600,"appium:observatoryRetryTimeout":120000,"appium:printPageSourceOnFindFailure":true,"appium:udid":"RZ8NA06H1FJ","appium:waitForQuiescence":false,"platformName":"ANDROID"}}}&amp#27;[39m
&amp#27;[38;5;112m[Appium]&amp#27;[0m Attempting to find matching driver for automationName 'Flutter' and platformName 'ANDROID'
&amp#27;[38;5;112m[Appium]&amp#27;[0m The 'flutter' driver was installed and matched caps.
&amp#27;[38;5;112m[Appium]&amp#27;[0m Will require it at C:\Users\ShaiwalSingh\.appium\node_modules\appium-flutter-driver
&amp#27;[38;5;49m[AppiumDriver@f331]&amp#27;[0m Appium v3.3.0 creating new FlutterDriver (v2.19.0) session
&amp#27;[38;5;49m[AppiumDriver@f331]&amp#27;[0m Checking BaseDriver versions for Appium and FlutterDriver
&amp#27;[38;5;49m[AppiumDriver@f331]&amp#27;[0m Appium's BaseDriver version is 10.3.0
&amp#27;[38;5;49m[AppiumDriver@f331]&amp#27;[0m FlutterDriver's BaseDriver version is 10.3.0
&amp#27;[38;5;73m[FlutterDriver@cf86]&amp#27;[0m The following provided capabilities were not recognized by this driver:
&amp#27;[38;5;73m[FlutterDriver@cf86]&amp#27;[0m   appActivity
&amp#27;[38;5;73m[FlutterDriver@cf86]&amp#27;[0m   appPackage
&amp#27;[38;5;73m[FlutterDriver@cf86]&amp#27;[0m   autoGrantPermissions
&amp#27;[38;5;73m[FlutterDriver@cf86]&amp#27;[0m   deviceName
&amp#27;[38;5;73m[FlutterDriver@cf86]&amp#27;[0m   disableWindowAnimation
&amp#27;[38;5;73m[FlutterDriver@cf86]&amp#27;[0m   ignoreHiddenApiPolicyError
&amp#27;[38;5;73m[FlutterDriver@cf86]&amp#27;[0m   observatoryRetryTimeout
&amp#27;[38;5;73m[FlutterDriver@cf86]&amp#27;[0m   waitForQuiescence
&amp#27;[38;5;110m[83f12ada]&amp#27;[0m&amp#27;[38;5;73m[FlutterDriver@cf86]&amp#27;[0m Session created with session id: 83f12ada-5c8b-453e-a9ae-593e714d01f5
&amp#27;[38;5;110m[83f12ada]&amp#27;[0m&amp#27;[38;5;73m[FlutterDriver@cf86]&amp#27;[0m Starting an Android proxy session
&amp#27;[38;5;110m[83f12ada]&amp#27;[0m&amp#27;[38;5;7m[AndroidUiautomator2Driver@1854]&amp#27;[0m The following provided capabilities were not recognized by this driver:
&amp#27;[38;5;110m[83f12ada]&amp#27;[0m&amp#27;[38;5;7m[AndroidUiautomator2Driver@1854]&amp#27;[0m   observatoryRetryTimeout
&amp#27;[38;5;110m[83f12ada]&amp#27;[0m&amp#27;[38;5;7m[AndroidUiautomator2Driver@1854]&amp#27;[0m   waitForQuiescence
&amp#27;[38;5;52m[a1d2b5c8]&amp#27;[0m&amp#27;[38;5;7m[AndroidUiautomator2Driver@1854]&amp#27;[0m Session created with session id: a1d2b5c8-5996-41ce-9d79-0278a09ca480
&amp#27;[38;5;52m[a1d2b5c8]&amp#27;[0m&amp#27;[38;5;229m[ADB]&amp#27;[0m Found 1 'build-tools' folders under 'C:\Users\ShaiwalSingh\AppData\Local\Android\Sdk' (newest first):
&amp#27;[38;5;52m[a1d2b5c8]&amp#27;[0m&amp#27;[38;5;229m[ADB]&amp#27;[0m     C:\Users\ShaiwalSingh\AppData\Local\Android\Sdk\build-tools\34.0.0
&amp#27;[38;5;52m[a1d2b5c8]&amp#27;[0m&amp#27;[38;5;229m[ADB]&amp#27;[0m Using 'adb.exe' from 'C:\Users\ShaiwalSingh\AppData\Local\Android\Sdk\platform-tools\adb.exe'
&amp#27;[38;5;52m[a1d2b5c8]&amp#27;[0m&amp#27;[38;5;7m[AndroidUiautomator2Driver@1854]&amp#27;[0m Retrieving device list
&amp#27;[38;5;52m[a1d2b5c8]&amp#27;[0m&amp#27;[38;5;7m[AndroidUiautomator2Driver@1854]&amp#27;[0m Using device: RZ8NA06H1FJ
&amp#27;[38;5;52m[a1d2b5c8]&amp#27;[0m&amp#27;[38;5;229m[ADB]&amp#27;[0m Using 'adb.exe' from 'C:\Users\ShaiwalSingh\AppData\Local\Android\Sdk\platform-tools\adb.exe'
&amp#27;[38;5;52m[a1d2b5c8]&amp#27;[0m&amp#27;[38;5;7m[AndroidUiautomator2Driver@1854]&amp#27;[0m Starting 'com.dbox.dbox_flutter.host' directly on the device
&amp#27;[38;5;52m[a1d2b5c8]&amp#27;[0m&amp#27;[38;5;229m[ADB]&amp#27;[0m Getting device platform version
&amp#27;[38;5;52m[a1d2b5c8]&amp#27;[0m&amp#27;[38;5;7m[AndroidUiautomator2Driver@1854]&amp#27;[0m Relaxing hidden api policy
&amp#27;[38;5;52m[a1d2b5c8]&amp#27;[0m&amp#27;[38;5;229m[ADB]&amp#27;[0m Using 'aapt2.exe' from 'C:\Users\ShaiwalSingh\AppData\Local\Android\Sdk\build-tools\34.0.0\aapt2.exe'
&amp#27;[38;5;52m[a1d2b5c8]&amp#27;[0m&amp#27;[38;5;7m[AndroidUiautomator2Driver@1854]&amp#27;[0m Server packages are not going to be (re)installed
&amp#27;[38;5;52m[a1d2b5c8]&amp#27;[0m&amp#27;[38;5;229m[ADB]&amp#27;[0m Adding packages ["io.appium.settings","io.appium.uiautomator2.server","io.appium.uiautomator2.server.test"] to Doze whitelist
&amp#27;[38;5;52m[a1d2b5c8]&amp#27;[0m&amp#27;[38;5;7m[AndroidUiautomator2Driver@1854]&amp#27;[0m Starting UIAutomator2 server 7.7.1
&amp#27;[38;5;52m[a1d2b5c8]&amp#27;[0m&amp#27;[38;5;7m[AndroidUiautomator2Driver@1854]&amp#27;[0m Using UIAutomator2 server from 'C:\Users\ShaiwalSingh\.appium\node_modules\appium-flutter-driver\node_modules\appium-uiautomator2-driver\node_modules\appium-uiautomator2-server\apks\appium-uiautomator2-server-v7.7.1.apk' and test from 'C:\Users\ShaiwalSingh\.appium\node_modules\appium-flutter-driver\node_modules\appium-uiautomator2-driver\node_modules\appium-uiautomator2-server\apks\appium-uiautomator2-server-debug-androidTest.apk'
&amp#27;[38;5;52m[a1d2b5c8]&amp#27;[0m&amp#27;[38;5;7m[AndroidUiautomator2Driver@1854]&amp#27;[0m Waiting up to 30000ms for UiAutomator2 to be online...
&amp#27;[38;5;52m[a1d2b5c8]&amp#27;[0m&amp#27;[38;5;7m[AndroidUiautomator2Driver@1854]&amp#27;[0m socket hang up
&amp#27;[38;5;52m[a1d2b5c8]&amp#27;[0m&amp#27;[38;5;7m[AndroidUiautomator2Driver@1854]&amp#27;[0m socket hang up
&amp#27;[38;5;52m[a1d2b5c8]&amp#27;[0m&amp#27;[38;5;7m[AndroidUiautomator2Driver@1854]&amp#27;[0m Determined the downstream protocol as 'W3C'
&amp#27;[38;5;52m[a1d2b5c8]&amp#27;[0m&amp#27;[38;5;7m[AndroidUiautomator2Driver@1854]&amp#27;[0m Screen already unlocked, doing nothing
&amp#27;[38;5;52m[a1d2b5c8]&amp#27;[0m&amp#27;[38;5;7m[AndroidUiautomator2Driver@1854]&amp#27;[0m Starting 'com.dbox.dbox_flutter.host/com.dbox.dbox_flutter.host.MainActivity' and waiting for 'com.dbox.dbox_flutter.host/com.dbox.dbox_flutter.host.MainActivity'
&amp#27;[38;5;52m[a1d2b5c8]&amp#27;[0m&amp#27;[38;5;73m[FlutterDriver@cf86]&amp#27;[0m Connecting to Dart Observatory: ws://127.0.0.1:44725/_GAapMJ0LvA=/ws
&amp#27;[38;5;52m[a1d2b5c8]&amp#27;[0m&amp#27;[38;5;73m[FlutterDriver@cf86]&amp#27;[0m Listing all isolates: [{"type":"@Isolate","id":"isolates/5033822567868327","name":"main","number":"5033822567868327","isSystemIsolate":false,"isolateGroupId":"isolateGroups/4626371417556639"}]
&amp#27;[38;5;52m[a1d2b5c8]&amp#27;[0m&amp#27;[38;5;49m[AppiumDriver@f331]&amp#27;[0m New FlutterDriver session created successfully, session 83f12ada-5c8b-453e-a9ae-593e714d01f5 added to master session list
&amp#27;[38;5;52m[a1d2b5c8]&amp#27;[0m&amp#27;[38;5;86m[HTTP]&amp#27;[0m &amp#27;[37m<-- POST /session &amp#27;[39m&amp#27;[32m200&amp#27;[39m &amp#27;[90m16870 ms - 1135&amp#27;[39m
&amp#27;[38;5;110m[83f12ada]&amp#27;[0m&amp#27;[38;5;86m[HTTP]&amp#27;[0m &amp#27;[37m-->&amp#27;[39m &amp#27;[37mPOST&amp#27;[39m &amp#27;[37m/session/83f12ada-5c8b-453e-a9ae-593e714d01f5/timeouts&amp#27;[39m &amp#27;[90m{"implicit":10000}&amp#27;[39m
&amp#27;[38;5;110m[83f12ada]&amp#27;[0m&amp#27;[38;5;86m[HTTP]&amp#27;[0m &amp#27;[37m<-- POST /session/83f12ada-5c8b-453e-a9ae-593e714d01f5/timeouts &amp#27;[39m&amp#27;[32m200&amp#27;[39m &amp#27;[90m4 ms - 14&amp#27;[39m
&amp#27;[38;5;110m[83f12ada]&amp#27;[0m&amp#27;[38;5;86m[HTTP]&amp#27;[0m &amp#27;[37m-->&amp#27;[39m &amp#27;[37mPOST&amp#27;[39m &amp#27;[37m/session/83f12ada-5c8b-453e-a9ae-593e714d01f5/execute/sync&amp#27;[39m &amp#27;[90m{"script":"flutter:waitFor","args":[{"element-6066-11e4-a52e-4f735466cecf":"eyJrZXlWYWx1ZVR5cGUiOiJTdHJpbmciLCJrZXlWYWx1ZVN0cmluZyI6ImFsdW1uaV9sYW5kaW5nX3BhZ2UiLCJmaW5kZXJUeXBlIjoiQnlWYWx1ZUtleSJ9"},30000]}&amp#27;[39m
&amp#27;[38;5;110m[83f12ada]&amp#27;[0m&amp#27;[38;5;86m[HTTP]&amp#27;[0m &amp#27;[37m<-- POST /session/83f12ada-5c8b-453e-a9ae-593e714d01f5/execute/sync &amp#27;[39m&amp#27;[32m200&amp#27;[39m &amp#27;[90m2951 ms - 305&amp#27;[39m
[ACTION] clickAction -> {"keyValueType":"String","keyValueString":"alumni_dashboard_home_compensation_tile","finderType":"ByValueKey"}
&amp#27;[38;5;110m[83f12ada]&amp#27;[0m&amp#27;[38;5;86m[HTTP]&amp#27;[0m &amp#27;[37m-->&amp#27;[39m &amp#27;[37mPOST&amp#27;[39m &amp#27;[37m/session/83f12ada-5c8b-453e-a9ae-593e714d01f5/execute/sync&amp#27;[39m &amp#27;[90m{"script":"flutter:waitFor","args":[{"element-6066-11e4-a52e-4f735466cecf":"eyJrZXlWYWx1ZVR5cGUiOiJTdHJpbmciLCJrZXlWYWx1ZVN0cmluZyI6ImFsdW1uaV9kYXNoYm9hcmRfaG9tZV9jb21wZW5zYXRpb25fdGlsZSIsImZpbmRlclR5cGUiOiJCeVZhbHVlS2V5In0="},120000]}&amp#27;[39m
&amp#27;[38;5;110m[83f12ada]&amp#27;[0m&amp#27;[38;5;86m[HTTP]&amp#27;[0m &amp#27;[37m<-- POST /session/83f12ada-5c8b-453e-a9ae-593e714d01f5/execute/sync &amp#27;[39m&amp#27;[32m200&amp#27;[39m &amp#27;[90m210 ms - 361&amp#27;[39m
&amp#27;[38;5;110m[83f12ada]&amp#27;[0m&amp#27;[38;5;86m[HTTP]&amp#27;[0m &amp#27;[37m-->&amp#27;[39m &amp#27;[37mPOST&amp#27;[39m &amp#27;[37m/session/83f12ada-5c8b-453e-a9ae-593e714d01f5/element/eyJrZXlWYWx1ZVR5cGUiOiJTdHJpbmciLCJrZXlWYWx1ZVN0cmluZyI6ImFsdW1uaV9kYXNoYm9hcmRfaG9tZV9jb21wZW5zYXRpb25fdGlsZSIsImZpbmRlclR5cGUiOiJCeVZhbHVlS2V5In0%3D/click&amp#27;[39m &amp#27;[90m{"id":"eyJrZXlWYWx1ZVR5cGUiOiJTdHJpbmciLCJrZXlWYWx1ZVN0cmluZyI6ImFsdW1uaV9kYXNoYm9hcmRfaG9tZV9jb21wZW5zYXRpb25fdGlsZSIsImZpbmRlclR5cGUiOiJCeVZhbHVlS2V5In0="}&amp#27;[39m
&amp#27;[38;5;110m[83f12ada]&amp#27;[0m&amp#27;[38;5;86m[HTTP]&amp#27;[0m &amp#27;[37m<-- POST /session/83f12ada-5c8b-453e-a9ae-593e714d01f5/element/eyJrZXlWYWx1ZVR5cGUiOiJTdHJpbmciLCJrZXlWYWx1ZVN0cmluZyI6ImFsdW1uaV9kYXNoYm9hcmRfaG9tZV9jb21wZW5zYXRpb25fdGlsZSIsImZpbmRlclR5cGUiOiJCeVZhbHVlS2V5In0%3D/click &amp#27;[39m&amp#27;[32m200&amp#27;[39m &amp#27;[90m288 ms - 12&amp#27;[39m
&amp#27;[38;5;110m[83f12ada]&amp#27;[0m&amp#27;[38;5;86m[HTTP]&amp#27;[0m &amp#27;[37m-->&amp#27;[39m &amp#27;[37mPOST&amp#27;[39m &amp#27;[37m/session/83f12ada-5c8b-453e-a9ae-593e714d01f5/execute/sync&amp#27;[39m &amp#27;[90m{"script":"flutter:waitFor","args":[{"element-6066-11e4-a52e-4f735466cecf":"eyJrZXlWYWx1ZVR5cGUiOiJTdHJpbmciLCJrZXlWYWx1ZVN0cmluZyI6ImFsdW1uaV9jb21wZW5zYXRpb25faG9tZV9meV9kcm9wX2Rvd24iLCJmaW5kZXJUeXBlIjoiQnlWYWx1ZUtleSJ9"},30000]}&amp#27;[39m
&amp#27;[38;5;110m[83f12ada]&amp#27;[0m&amp#27;[38;5;86m[HTTP]&amp#27;[0m &amp#27;[37m<-- POST /session/83f12ada-5c8b-453e-a9ae-593e714d01f5/execute/sync &amp#27;[39m&amp#27;[32m200&amp#27;[39m &amp#27;[90m407 ms - 353&amp#27;[39m
&amp#27;[38;5;110m[83f12ada]&amp#27;[0m&amp#27;[38;5;86m[HTTP]&amp#27;[0m &amp#27;[37m-->&amp#27;[39m &amp#27;[37mPOST&amp#27;[39m &amp#27;[37m/session/83f12ada-5c8b-453e-a9ae-593e714d01f5/execute/sync&amp#27;[39m &amp#27;[90m{"script":"flutter:waitFor","args":[{"element-6066-11e4-a52e-4f735466cecf":"eyJ0ZXh0IjoiMjAyNS0yNiIsImZpbmRlclR5cGUiOiJCeVRleHQifQ=="},2000]}&amp#27;[39m
&amp#27;[38;5;110m[83f12ada]&amp#27;[0m&amp#27;[38;5;86m[HTTP]&amp#27;[0m &amp#27;[37m<-- POST /session/83f12ada-5c8b-453e-a9ae-593e714d01f5/execute/sync &amp#27;[39m&amp#27;[31m500&amp#27;[39m &amp#27;[90m2112 ms - 3352&amp#27;[39m
Element not found within timeout: Cannot execute command waitFor, server response {
  "isError": true,
  "response": "Timeout while executing waitFor: TimeoutException after 0:00:02.000000: Future not completed\n#0      Future.timeout.<anonymous closure> (dart:async/future_impl.dart:1025:22)\n<asynchronous suspension>\n#1      FlutterDriverExtension.call (package:flutter_driver/src/extension/extension.dart:423:31)\n<asynchronous suspension>\n#2      BindingBase.registerServiceExtension.<anonymous closure> (package:flutter/src/foundation/binding.dart:960:18)\n<asynchronous suspension>\n#3      _runExtension.<anonymous closure> (dart:developer-patch/developer.dart:138:13)\n<asynchronous suspension>\n",
  "type": "_extensionType",
  "method": "ext.flutter.driver"
}
Build info: version: '4.13.0', revision: 'ba948ece5b*'
System info: os.name: 'Windows 11', os.arch: 'amd64', os.version: '10.0', java.version: '21.0.11'
Driver info: io.appium.java_client.AppiumDriver
Command: [83f12ada-5c8b-453e-a9ae-593e714d01f5, executeScript {script=flutter:waitFor, args=[{element-6066-11e4-a52e-4f735466cecf=eyJ0ZXh0IjoiMjAyNS0yNiIsImZpbmRlclR5cGUiOiJCeVRleHQifQ==}, 2000]}]
Capabilities {appium:address: 127.0.0.1, appium:allowCors: false, appium:allowInsecure: [], appium:appActivity: com.dbox.dbox_flutter.host...., appium:appPackage: com.dbox.dbox_flutter.host, appium:autoGrantPermissions: true, appium:automationName: Flutter, appium:basePath: , appium:callbackPort: 4723, appium:debugLogSpacing: false, appium:denyInsecure: [], appium:deviceName: SM-515F/DSN, appium:disableWindowAnimation: true, appium:driversImportChunkSize: 3, appium:extraArgs: [], appium:fastReset: true, appium:ignoreHiddenApiPolicyError: true, appium:keepAliveTimeout: 600, appium:localTimezone: false, appium:logFormat: text, appium:logNoColors: false, appium:logTimestamp: false, appium:loglevel: info, appium:longStacktrace: false, appium:newCommandTimeout: 600, appium:noPermsCheck: false, appium:observatoryRetryTimeout: 120000, appium:pluginsImportChunkSize: 7, appium:port: 38084, appium:printPageSourceOnFindFailure: true, appium:relaxedSecurityEnabled: false, appium:requestTimeout: 3600, appium:sessionOverride: true, appium:shutdownTimeout: 5000, appium:skipUninstall: true, appium:strictCaps: false, appium:subcommand: server, appium:tmpDir: C:\Users\SHAIWA~1\AppData\L..., appium:udid: RZ8NA06H1FJ, appium:useDrivers: [], appium:usePlugins: [], appium:waitForQuiescence: false, platformName: ANDROID}
Session ID: 83f12ada-5c8b-453e-a9ae-593e714d01f5
&amp#27;[38;5;110m[83f12ada]&amp#27;[0m&amp#27;[38;5;86m[HTTP]&amp#27;[0m &amp#27;[37m-->&amp#27;[39m &amp#27;[37mPOST&amp#27;[39m &amp#27;[37m/session/83f12ada-5c8b-453e-a9ae-593e714d01f5/execute/sync&amp#27;[39m &amp#27;[90m{"script":"flutter:waitFor","args":[{"element-6066-11e4-a52e-4f735466cecf":"eyJrZXlWYWx1ZVR5cGUiOiJTdHJpbmciLCJrZXlWYWx1ZVN0cmluZyI6ImFsdW1uaV9jb21wZW5zYXRpb25faG9tZV9meV9kcm9wX2Rvd24iLCJmaW5kZXJUeXBlIjoiQnlWYWx1ZUtleSJ9"},3000]}&amp#27;[39m
&amp#27;[38;5;110m[83f12ada]&amp#27;[0m&amp#27;[38;5;86m[HTTP]&amp#27;[0m &amp#27;[37m<-- POST /session/83f12ada-5c8b-453e-a9ae-593e714d01f5/execute/sync &amp#27;[39m&amp#27;[32m200&amp#27;[39m &amp#27;[90m21 ms - 353&amp#27;[39m
[ACTION] getTexts -> {"keyValueType":"String","keyValueString":"alumni_compensation_home_fy_drop_down","finderType":"ByValueKey"}
&amp#27;[38;5;110m[83f12ada]&amp#27;[0m&amp#27;[38;5;86m[HTTP]&amp#27;[0m &amp#27;[37m-->&amp#27;[39m &amp#27;[37mPOST&amp#27;[39m &amp#27;[37m/session/83f12ada-5c8b-453e-a9ae-593e714d01f5/execute/sync&amp#27;[39m &amp#27;[90m{"script":"flutter:waitFor","args":[{"element-6066-11e4-a52e-4f735466cecf":"eyJrZXlWYWx1ZVR5cGUiOiJTdHJpbmciLCJrZXlWYWx1ZVN0cmluZyI6ImFsdW1uaV9jb21wZW5zYXRpb25faG9tZV9meV9kcm9wX2Rvd24iLCJmaW5kZXJUeXBlIjoiQnlWYWx1ZUtleSJ9"},120000]}&amp#27;[39m
&amp#27;[38;5;110m[83f12ada]&amp#27;[0m&amp#27;[38;5;86m[HTTP]&amp#27;[0m &amp#27;[37m<-- POST /session/83f12ada-5c8b-453e-a9ae-593e714d01f5/execute/sync &amp#27;[39m&amp#27;[32m200&amp#27;[39m &amp#27;[90m19 ms - 353&amp#27;[39m
&amp#27;[38;5;110m[83f12ada]&amp#27;[0m&amp#27;[38;5;86m[HTTP]&amp#27;[0m &amp#27;[37m-->&amp#27;[39m &amp#27;[37mGET&amp#27;[39m &amp#27;[37m/session/83f12ada-5c8b-453e-a9ae-593e714d01f5/element/eyJrZXlWYWx1ZVR5cGUiOiJTdHJpbmciLCJrZXlWYWx1ZVN0cmluZyI6ImFsdW1uaV9jb21wZW5zYXRpb25faG9tZV9meV9kcm9wX2Rvd24iLCJmaW5kZXJUeXBlIjoiQnlWYWx1ZUtleSJ9/text&amp#27;[39m &amp#27;[90m&amp#27;[39m
&amp#27;[38;5;110m[83f12ada]&amp#27;[0m&amp#27;[38;5;86m[HTTP]&amp#27;[0m &amp#27;[37m<-- GET /session/83f12ada-5c8b-453e-a9ae-593e714d01f5/element/eyJrZXlWYWx1ZVR5cGUiOiJTdHJpbmciLCJrZXlWYWx1ZVN0cmluZyI6ImFsdW1uaV9jb21wZW5zYXRpb25faG9tZV9meV9kcm9wX2Rvd24iLCJmaW5kZXJUeXBlIjoiQnlWYWx1ZUtleSJ9/text &amp#27;[39m&amp#27;[31m500&amp#27;[39m &amp#27;[90m48 ms - 3275&amp#27;[39m
&amp#27;[38;5;110m[83f12ada]&amp#27;[0m&amp#27;[38;5;86m[HTTP]&amp#27;[0m &amp#27;[37m-->&amp#27;[39m &amp#27;[37mGET&amp#27;[39m &amp#27;[37m/session/83f12ada-5c8b-453e-a9ae-593e714d01f5/element/eyJrZXlWYWx1ZVR5cGUiOiJTdHJpbmciLCJrZXlWYWx1ZVN0cmluZyI6ImFsdW1uaV9jb21wZW5zYXRpb25faG9tZV9meV9kcm9wX2Rvd24iLCJmaW5kZXJUeXBlIjoiQnlWYWx1ZUtleSJ9/attribute/label&amp#27;[39m &amp#27;[90m&amp#27;[39m
&amp#27;[38;5;110m[83f12ada]&amp#27;[0m&amp#27;[38;5;86m[HTTP]&amp#27;[0m &amp#27;[37m<-- GET /session/83f12ada-5c8b-453e-a9ae-593e714d01f5/element/eyJrZXlWYWx1ZVR5cGUiOiJTdHJpbmciLCJrZXlWYWx1ZVN0cmluZyI6ImFsdW1uaV9jb21wZW5zYXRpb25faG9tZV9meV9kcm9wX2Rvd24iLCJmaW5kZXJUeXBlIjoiQnlWYWx1ZUtleSJ9/attribute/label &amp#27;[39m&amp#27;[33m405&amp#27;[39m &amp#27;[90m15 ms - 1093&amp#27;[39m
[ACTION] clickAction -> {"keyValueType":"String","keyValueString":"alumni_compensation_home_fy_drop_down","finderType":"ByValueKey"}
&amp#27;[38;5;110m[83f12ada]&amp#27;[0m&amp#27;[38;5;86m[HTTP]&amp#27;[0m &amp#27;[37m-->&amp#27;[39m &amp#27;[37mPOST&amp#27;[39m &amp#27;[37m/session/83f12ada-5c8b-453e-a9ae-593e714d01f5/execute/sync&amp#27;[39m &amp#27;[90m{"script":"flutter:waitFor","args":[{"element-6066-11e4-a52e-4f735466cecf":"eyJrZXlWYWx1ZVR5cGUiOiJTdHJpbmciLCJrZXlWYWx1ZVN0cmluZyI6ImFsdW1uaV9jb21wZW5zYXRpb25faG9tZV9meV9kcm9wX2Rvd24iLCJmaW5kZXJUeXBlIjoiQnlWYWx1ZUtleSJ9"},120000]}&amp#27;[39m
&amp#27;[38;5;110m[83f12ada]&amp#27;[0m&amp#27;[38;5;86m[HTTP]&amp#27;[0m &amp#27;[37m<-- POST /session/83f12ada-5c8b-453e-a9ae-593e714d01f5/execute/sync &amp#27;[39m&amp#27;[32m200&amp#27;[39m &amp#27;[90m21 ms - 353&amp#27;[39m
&amp#27;[38;5;110m[83f12ada]&amp#27;[0m&amp#27;[38;5;86m[HTTP]&amp#27;[0m &amp#27;[37m-->&amp#27;[39m &amp#27;[37mPOST&amp#27;[39m &amp#27;[37m/session/83f12ada-5c8b-453e-a9ae-593e714d01f5/element/eyJrZXlWYWx1ZVR5cGUiOiJTdHJpbmciLCJrZXlWYWx1ZVN0cmluZyI6ImFsdW1uaV9jb21wZW5zYXRpb25faG9tZV9meV9kcm9wX2Rvd24iLCJmaW5kZXJUeXBlIjoiQnlWYWx1ZUtleSJ9/click&amp#27;[39m &amp#27;[90m{"id":"eyJrZXlWYWx1ZVR5cGUiOiJTdHJpbmciLCJrZXlWYWx1ZVN0cmluZyI6ImFsdW1uaV9jb21wZW5zYXRpb25faG9tZV9meV9kcm9wX2Rvd24iLCJmaW5kZXJUeXBlIjoiQnlWYWx1ZUtleSJ9"}&amp#27;[39m
&amp#27;[38;5;110m[83f12ada]&amp#27;[0m&amp#27;[38;5;86m[HTTP]&amp#27;[0m &amp#27;[37m<-- POST /session/83f12ada-5c8b-453e-a9ae-593e714d01f5/element/eyJrZXlWYWx1ZVR5cGUiOiJTdHJpbmciLCJrZXlWYWx1ZVN0cmluZyI6ImFsdW1uaV9jb21wZW5zYXRpb25faG9tZV9meV9kcm9wX2Rvd24iLCJmaW5kZXJUeXBlIjoiQnlWYWx1ZUtleSJ9/click &amp#27;[39m&amp#27;[32m200&amp#27;[39m &amp#27;[90m176 ms - 12&amp#27;[39m
&amp#27;[38;5;110m[83f12ada]&amp#27;[0m&amp#27;[38;5;86m[HTTP]&amp#27;[0m &amp#27;[37m-->&amp#27;[39m &amp#27;[37mPOST&amp#27;[39m &amp#27;[37m/session/83f12ada-5c8b-453e-a9ae-593e714d01f5/execute/sync&amp#27;[39m &amp#27;[90m{"script":"flutter:waitFor","args":[{"element-6066-11e4-a52e-4f735466cecf":"eyJrZXlWYWx1ZVR5cGUiOiJTdHJpbmciLCJrZXlWYWx1ZVN0cmluZyI6ImFsdW1uaV9jb21wZW5zYXRpb25fZnlfcGlja2VyX3RpdGxlIiwiZmluZGVyVHlwZSI6IkJ5VmFsdWVLZXkifQ=="},10000]}&amp#27;[39m
&amp#27;[38;5;110m[83f12ada]&amp#27;[0m&amp#27;[38;5;86m[HTTP]&amp#27;[0m &amp#27;[37m<-- POST /session/83f12ada-5c8b-453e-a9ae-593e714d01f5/execute/sync &amp#27;[39m&amp#27;[32m200&amp#27;[39m &amp#27;[90m277 ms - 353&amp#27;[39m
&amp#27;[38;5;110m[83f12ada]&amp#27;[0m&amp#27;[38;5;86m[HTTP]&amp#27;[0m &amp#27;[37m-->&amp#27;[39m &amp#27;[37mPOST&amp#27;[39m &amp#27;[37m/session/83f12ada-5c8b-453e-a9ae-593e714d01f5/execute/sync&amp#27;[39m &amp#27;[90m{"script":"flutter:waitFor","args":[{"element-6066-11e4-a52e-4f735466cecf":"eyJ0ZXh0IjoiMjAyNS0yNiIsImZpbmRlclR5cGUiOiJCeVRleHQifQ=="},8000]}&amp#27;[39m
&amp#27;[38;5;110m[83f12ada]&amp#27;[0m&amp#27;[38;5;86m[HTTP]&amp#27;[0m &amp#27;[37m<-- POST /session/83f12ada-5c8b-453e-a9ae-593e714d01f5/execute/sync &amp#27;[39m&amp#27;[32m200&amp#27;[39m &amp#27;[90m28 ms - 177&amp#27;[39m
[ACTION] clickAction -> {"text":"2025-26","finderType":"ByText"}
&amp#27;[38;5;110m[83f12ada]&amp#27;[0m&amp#27;[38;5;86m[HTTP]&amp#27;[0m &amp#27;[37m-->&amp#27;[39m &amp#27;[37mPOST&amp#27;[39m &amp#27;[37m/session/83f12ada-5c8b-453e-a9ae-593e714d01f5/execute/sync&amp#27;[39m &amp#27;[90m{"script":"flutter:waitFor","args":[{"element-6066-11e4-a52e-4f735466cecf":"eyJ0ZXh0IjoiMjAyNS0yNiIsImZpbmRlclR5cGUiOiJCeVRleHQifQ=="},120000]}&amp#27;[39m
&amp#27;[38;5;110m[83f12ada]&amp#27;[0m&amp#27;[38;5;86m[HTTP]&amp#27;[0m &amp#27;[37m<-- POST /session/83f12ada-5c8b-453e-a9ae-593e714d01f5/execute/sync &amp#27;[39m&amp#27;[32m200&amp#27;[39m &amp#27;[90m16 ms - 177&amp#27;[39m
&amp#27;[38;5;110m[83f12ada]&amp#27;[0m&amp#27;[38;5;86m[HTTP]&amp#27;[0m &amp#27;[37m-->&amp#27;[39m &amp#27;[37mPOST&amp#27;[39m &amp#27;[37m/session/83f12ada-5c8b-453e-a9ae-593e714d01f5/element/eyJ0ZXh0IjoiMjAyNS0yNiIsImZpbmRlclR5cGUiOiJCeVRleHQifQ%3D%3D/click&amp#27;[39m &amp#27;[90m{"id":"eyJ0ZXh0IjoiMjAyNS0yNiIsImZpbmRlclR5cGUiOiJCeVRleHQifQ=="}&amp#27;[39m
&amp#27;[38;5;110m[83f12ada]&amp#27;[0m&amp#27;[38;5;86m[HTTP]&amp#27;[0m &amp#27;[37m<-- POST /session/83f12ada-5c8b-453e-a9ae-593e714d01f5/element/eyJ0ZXh0IjoiMjAyNS0yNiIsImZpbmRlclR5cGUiOiJCeVRleHQifQ%3D%3D/click &amp#27;[39m&amp#27;[32m200&amp#27;[39m &amp#27;[90m131 ms - 12&amp#27;[39m
&amp#27;[38;5;110m[83f12ada]&amp#27;[0m&amp#27;[38;5;86m[HTTP]&amp#27;[0m &amp#27;[37m-->&amp#27;[39m &amp#27;[37mPOST&amp#27;[39m &amp#27;[37m/session/83f12ada-5c8b-453e-a9ae-593e714d01f5/execute/sync&amp#27;[39m &amp#27;[90m{"script":"flutter:waitFor","args":[{"element-6066-11e4-a52e-4f735466cecf":"eyJrZXlWYWx1ZVR5cGUiOiJTdHJpbmciLCJrZXlWYWx1ZVN0cmluZyI6ImFsdW1uaV9jb21wZW5zYXRpb25faG9tZV9meV9kcm9wX2Rvd24iLCJmaW5kZXJUeXBlIjoiQnlWYWx1ZUtleSJ9"},15000]}&amp#27;[39m
&amp#27;[38;5;110m[83f12ada]&amp#27;[0m&amp#27;[38;5;86m[HTTP]&amp#27;[0m &amp#27;[37m<-- POST /session/83f12ada-5c8b-453e-a9ae-593e714d01f5/execute/sync &amp#27;[39m&amp#27;[32m200&amp#27;[39m &amp#27;[90m183 ms - 353&amp#27;[39m
&amp#27;[38;5;110m[83f12ada]&amp#27;[0m&amp#27;[38;5;86m[HTTP]&amp#27;[0m &amp#27;[37m-->&amp#27;[39m &amp#27;[37mPOST&amp#27;[39m &amp#27;[37m/session/83f12ada-5c8b-453e-a9ae-593e714d01f5/execute/sync&amp#27;[39m &amp#27;[90m{"script":"flutter:waitForIdle","args":[]}&amp#27;[39m
&amp#27;[38;5;110m[83f12ada]&amp#27;[0m&amp#27;[38;5;86m[HTTP]&amp#27;[0m &amp#27;[37m<-- POST /session/83f12ada-5c8b-453e-a9ae-593e714d01f5/execute/sync &amp#27;[39m&amp#27;[31m500&amp#27;[39m &amp#27;[90m4 ms - 2377&amp#27;[39m
&amp#27;[38;5;110m[83f12ada]&amp#27;[0m&amp#27;[38;5;86m[HTTP]&amp#27;[0m &amp#27;[37m-->&amp#27;[39m &amp#27;[37mPOST&amp#27;[39m &amp#27;[37m/session/83f12ada-5c8b-453e-a9ae-593e714d01f5/execute/sync&amp#27;[39m &amp#27;[90m{"script":"flutter:waitFor","args":[{"element-6066-11e4-a52e-4f735466cecf":"eyJrZXlWYWx1ZVR5cGUiOiJTdHJpbmciLCJrZXlWYWx1ZVN0cmluZyI6ImFsdW1uaV9jb21wZW5zYXRpb25faG9tZV9jYXJkX2Zvcm0xNmEiLCJmaW5kZXJUeXBlIjoiQnlWYWx1ZUtleSJ9"},3000]}&amp#27;[39m
&amp#27;[38;5;110m[83f12ada]&amp#27;[0m&amp#27;[38;5;86m[HTTP]&amp#27;[0m &amp#27;[37m<-- POST /session/83f12ada-5c8b-453e-a9ae-593e714d01f5/execute/sync &amp#27;[39m&amp#27;[32m200&amp#27;[39m &amp#27;[90m311 ms - 353&amp#27;[39m
[ACTION] clickAction -> {"keyValueType":"String","keyValueString":"alumni_compensation_home_card_form16a","finderType":"ByValueKey"}
&amp#27;[38;5;110m[83f12ada]&amp#27;[0m&amp#27;[38;5;86m[HTTP]&amp#27;[0m &amp#27;[37m-->&amp#27;[39m &amp#27;[37mPOST&amp#27;[39m &amp#27;[37m/session/83f12ada-5c8b-453e-a9ae-593e714d01f5/execute/sync&amp#27;[39m &amp#27;[90m{"script":"flutter:waitFor","args":[{"element-6066-11e4-a52e-4f735466cecf":"eyJrZXlWYWx1ZVR5cGUiOiJTdHJpbmciLCJrZXlWYWx1ZVN0cmluZyI6ImFsdW1uaV9jb21wZW5zYXRpb25faG9tZV9jYXJkX2Zvcm0xNmEiLCJmaW5kZXJUeXBlIjoiQnlWYWx1ZUtleSJ9"},120000]}&amp#27;[39m
&amp#27;[38;5;110m[83f12ada]&amp#27;[0m&amp#27;[38;5;86m[HTTP]&amp#27;[0m &amp#27;[37m<-- POST /session/83f12ada-5c8b-453e-a9ae-593e714d01f5/execute/sync &amp#27;[39m&amp#27;[32m200&amp#27;[39m &amp#27;[90m17 ms - 353&amp#27;[39m
&amp#27;[38;5;110m[83f12ada]&amp#27;[0m&amp#27;[38;5;86m[HTTP]&amp#27;[0m &amp#27;[37m-->&amp#27;[39m &amp#27;[37mPOST&amp#27;[39m &amp#27;[37m/session/83f12ada-5c8b-453e-a9ae-593e714d01f5/element/eyJrZXlWYWx1ZVR5cGUiOiJTdHJpbmciLCJrZXlWYWx1ZVN0cmluZyI6ImFsdW1uaV9jb21wZW5zYXRpb25faG9tZV9jYXJkX2Zvcm0xNmEiLCJmaW5kZXJUeXBlIjoiQnlWYWx1ZUtleSJ9/click&amp#27;[39m &amp#27;[90m{"id":"eyJrZXlWYWx1ZVR5cGUiOiJTdHJpbmciLCJrZXlWYWx1ZVN0cmluZyI6ImFsdW1uaV9jb21wZW5zYXRpb25faG9tZV9jYXJkX2Zvcm0xNmEiLCJmaW5kZXJUeXBlIjoiQnlWYWx1ZUtleSJ9"}&amp#27;[39m
&amp#27;[38;5;110m[83f12ada]&amp#27;[0m&amp#27;[38;5;86m[HTTP]&amp#27;[0m &amp#27;[37m<-- POST /session/83f12ada-5c8b-453e-a9ae-593e714d01f5/element/eyJrZXlWYWx1ZVR5cGUiOiJTdHJpbmciLCJrZXlWYWx1ZVN0cmluZyI6ImFsdW1uaV9jb21wZW5zYXRpb25faG9tZV9jYXJkX2Zvcm0xNmEiLCJmaW5kZXJUeXBlIjoiQnlWYWx1ZUtleSJ9/click &amp#27;[39m&amp#27;[32m200&amp#27;[39m &amp#27;[90m42 ms - 12&amp#27;[39m
&amp#27;[38;5;110m[83f12ada]&amp#27;[0m&amp#27;[38;5;86m[HTTP]&amp#27;[0m &amp#27;[37m-->&amp#27;[39m &amp#27;[37mPOST&amp#27;[39m &amp#27;[37m/session/83f12ada-5c8b-453e-a9ae-593e714d01f5/execute/sync&amp#27;[39m &amp#27;[90m{"script":"flutter:waitForIdle","args":[]}&amp#27;[39m
&amp#27;[38;5;110m[83f12ada]&amp#27;[0m&amp#27;[38;5;86m[HTTP]&amp#27;[0m &amp#27;[37m<-- POST /session/83f12ada-5c8b-453e-a9ae-593e714d01f5/execute/sync &amp#27;[39m&amp#27;[31m500&amp#27;[39m &amp#27;[90m3 ms - 2377&amp#27;[39m
&amp#27;[38;5;110m[83f12ada]&amp#27;[0m&amp#27;[38;5;86m[HTTP]&amp#27;[0m &amp#27;[37m-->&amp#27;[39m &amp#27;[37mPOST&amp#27;[39m &amp#27;[37m/session/83f12ada-5c8b-453e-a9ae-593e714d01f5/execute/sync&amp#27;[39m &amp#27;[90m{"script":"flutter:waitFor","args":[{"element-6066-11e4-a52e-4f735466cecf":"eyJ0ZXh0IjoiRm9ybSAxNkEiLCJmaW5kZXJUeXBlIjoiQnlUZXh0In0="},2000]}&amp#27;[39m
&amp#27;[38;5;110m[83f12ada]&amp#27;[0m&amp#27;[38;5;86m[HTTP]&amp#27;[0m &amp#27;[37m<-- POST /session/83f12ada-5c8b-453e-a9ae-593e714d01f5/execute/sync &amp#27;[39m&amp#27;[31m500&amp#27;[39m &amp#27;[90m2476 ms - 3352&amp#27;[39m
Element not found within timeout: Cannot execute command waitFor, server response {
  "isError": true,
  "response": "Timeout while executing waitFor: TimeoutException after 0:00:02.000000: Future not completed\n#0      Future.timeout.<anonymous closure> (dart:async/future_impl.dart:1025:22)\n<asynchronous suspension>\n#1      FlutterDriverExtension.call (package:flutter_driver/src/extension/extension.dart:423:31)\n<asynchronous suspension>\n#2      BindingBase.registerServiceExtension.<anonymous closure> (package:flutter/src/foundation/binding.dart:960:18)\n<asynchronous suspension>\n#3      _runExtension.<anonymous closure> (dart:developer-patch/developer.dart:138:13)\n<asynchronous suspension>\n",
  "type": "_extensionType",
  "method": "ext.flutter.driver"
}
Build info: version: '4.13.0', revision: 'ba948ece5b*'
System info: os.name: 'Windows 11', os.arch: 'amd64', os.version: '10.0', java.version: '21.0.11'
Driver info: io.appium.java_client.AppiumDriver
Command: [83f12ada-5c8b-453e-a9ae-593e714d01f5, executeScript {script=flutter:waitFor, args=[{element-6066-11e4-a52e-4f735466cecf=eyJ0ZXh0IjoiRm9ybSAxNkEiLCJmaW5kZXJUeXBlIjoiQnlUZXh0In0=}, 2000]}]
Capabilities {appium:address: 127.0.0.1, appium:allowCors: false, appium:allowInsecure: [], appium:appActivity: com.dbox.dbox_flutter.host...., appium:appPackage: com.dbox.dbox_flutter.host, appium:autoGrantPermissions: true, appium:automationName: Flutter, appium:basePath: , appium:callbackPort: 4723, appium:debugLogSpacing: false, appium:denyInsecure: [], appium:deviceName: SM-515F/DSN, appium:disableWindowAnimation: true, appium:driversImportChunkSize: 3, appium:extraArgs: [], appium:fastReset: true, appium:ignoreHiddenApiPolicyError: true, appium:keepAliveTimeout: 600, appium:localTimezone: false, appium:logFormat: text, appium:logNoColors: false, appium:logTimestamp: false, appium:loglevel: info, appium:longStacktrace: false, appium:newCommandTimeout: 600, appium:noPermsCheck: false, appium:observatoryRetryTimeout: 120000, appium:pluginsImportChunkSize: 7, appium:port: 38084, appium:printPageSourceOnFindFailure: true, appium:relaxedSecurityEnabled: false, appium:requestTimeout: 3600, appium:sessionOverride: true, appium:shutdownTimeout: 5000, appium:skipUninstall: true, appium:strictCaps: false, appium:subcommand: server, appium:tmpDir: C:\Users\SHAIWA~1\AppData\L..., appium:udid: RZ8NA06H1FJ, appium:useDrivers: [], appium:usePlugins: [], appium:waitForQuiescence: false, platformName: ANDROID}
Session ID: 83f12ada-5c8b-453e-a9ae-593e714d01f5
&amp#27;[38;5;110m[83f12ada]&amp#27;[0m&amp#27;[38;5;86m[HTTP]&amp#27;[0m &amp#27;[37m-->&amp#27;[39m &amp#27;[37mPOST&amp#27;[39m &amp#27;[37m/session/83f12ada-5c8b-453e-a9ae-593e714d01f5/execute/sync&amp#27;[39m &amp#27;[90m{"script":"flutter:waitFor","args":[{"element-6066-11e4-a52e-4f735466cecf":"eyJrZXlWYWx1ZVR5cGUiOiJTdHJpbmciLCJrZXlWYWx1ZVN0cmluZyI6ImFsdW1uaV9jb21wZW5zYXRpb25fZm9ybTE2YV9kb3dubG9hZF9idXR0b24iLCJmaW5kZXJUeXBlIjoiQnlWYWx1ZUtleSJ9"},2000]}&amp#27;[39m
&amp#27;[38;5;110m[83f12ada]&amp#27;[0m&amp#27;[38;5;86m[HTTP]&amp#27;[0m &amp#27;[37m<-- POST /session/83f12ada-5c8b-453e-a9ae-593e714d01f5/execute/sync &amp#27;[39m&amp#27;[31m500&amp#27;[39m &amp#27;[90m2212 ms - 3352&amp#27;[39m
Element not found within timeout: Cannot execute command waitFor, server response {
  "isError": true,
  "response": "Timeout while executing waitFor: TimeoutException after 0:00:02.000000: Future not completed\n#0      Future.timeout.<anonymous closure> (dart:async/future_impl.dart:1025:22)\n<asynchronous suspension>\n#1      FlutterDriverExtension.call (package:flutter_driver/src/extension/extension.dart:423:31)\n<asynchronous suspension>\n#2      BindingBase.registerServiceExtension.<anonymous closure> (package:flutter/src/foundation/binding.dart:960:18)\n<asynchronous suspension>\n#3      _runExtension.<anonymous closure> (dart:developer-patch/developer.dart:138:13)\n<asynchronous suspension>\n",
  "type": "_extensionType",
  "method": "ext.flutter.driver"
}
Build info: version: '4.13.0', revision: 'ba948ece5b*'
System info: os.name: 'Windows 11', os.arch: 'amd64', os.version: '10.0', java.version: '21.0.11'
Driver info: io.appium.java_client.AppiumDriver
Command: [83f12ada-5c8b-453e-a9ae-593e714d01f5, executeScript {script=flutter:waitFor, args=[{element-6066-11e4-a52e-4f735466cecf=eyJrZXlWYWx1ZVR5cGUiOiJTdHJpbmciLCJrZXlWYWx1ZVN0cmluZyI6ImFsdW1uaV9jb21wZW5zYXRpb25fZm9ybTE2YV9kb3dubG9hZF9idXR0b24iLCJmaW5kZXJUeXBlIjoiQnlWYWx1ZUtleSJ9}, 2000]}]
Capabilities {appium:address: 127.0.0.1, appium:allowCors: false, appium:allowInsecure: [], appium:appActivity: com.dbox.dbox_flutter.host...., appium:appPackage: com.dbox.dbox_flutter.host, appium:autoGrantPermissions: true, appium:automationName: Flutter, appium:basePath: , appium:callbackPort: 4723, appium:debugLogSpacing: false, appium:denyInsecure: [], appium:deviceName: SM-515F/DSN, appium:disableWindowAnimation: true, appium:driversImportChunkSize: 3, appium:extraArgs: [], appium:fastReset: true, appium:ignoreHiddenApiPolicyError: true, appium:keepAliveTimeout: 600, appium:localTimezone: false, appium:logFormat: text, appium:logNoColors: false, appium:logTimestamp: false, appium:loglevel: info, appium:longStacktrace: false, appium:newCommandTimeout: 600, appium:noPermsCheck: false, appium:observatoryRetryTimeout: 120000, appium:pluginsImportChunkSize: 7, appium:port: 38084, appium:printPageSourceOnFindFailure: true, appium:relaxedSecurityEnabled: false, appium:requestTimeout: 3600, appium:sessionOverride: true, appium:shutdownTimeout: 5000, appium:skipUninstall: true, appium:strictCaps: false, appium:subcommand: server, appium:tmpDir: C:\Users\SHAIWA~1\AppData\L..., appium:udid: RZ8NA06H1FJ, appium:useDrivers: [], appium:usePlugins: [], appium:waitForQuiescence: false, platformName: ANDROID}
Session ID: 83f12ada-5c8b-453e-a9ae-593e714d01f5
&amp#27;[38;5;110m[83f12ada]&amp#27;[0m&amp#27;[38;5;86m[HTTP]&amp#27;[0m &amp#27;[37m-->&amp#27;[39m &amp#27;[37mPOST&amp#27;[39m &amp#27;[37m/session/83f12ada-5c8b-453e-a9ae-593e714d01f5/execute/sync&amp#27;[39m &amp#27;[90m{"script":"flutter:waitFor","args":[{"element-6066-11e4-a52e-4f735466cecf":"eyJrZXlWYWx1ZVR5cGUiOiJTdHJpbmciLCJrZXlWYWx1ZVN0cmluZyI6ImFsdW1uaV9jb21wZW5zYXRpb25fZm9ybTE2X2Rvd25sb2FkX2J1dHRvbiIsImZpbmRlclR5cGUiOiJCeVZhbHVlS2V5In0="},2000]}&amp#27;[39m
&amp#27;[38;5;110m[83f12ada]&amp#27;[0m&amp#27;[38;5;86m[HTTP]&amp#27;[0m &amp#27;[37m<-- POST /session/83f12ada-5c8b-453e-a9ae-593e714d01f5/execute/sync &amp#27;[39m&amp#27;[31m500&amp#27;[39m &amp#27;[90m2025 ms - 3352&amp#27;[39m
Element not found within timeout: Cannot execute command waitFor, server response {
  "isError": true,
  "response": "Timeout while executing waitFor: TimeoutException after 0:00:02.000000: Future not completed\n#0      Future.timeout.<anonymous closure> (dart:async/future_impl.dart:1025:22)\n<asynchronous suspension>\n#1      FlutterDriverExtension.call (package:flutter_driver/src/extension/extension.dart:423:31)\n<asynchronous suspension>\n#2      BindingBase.registerServiceExtension.<anonymous closure> (package:flutter/src/foundation/binding.dart:960:18)\n<asynchronous suspension>\n#3      _runExtension.<anonymous closure> (dart:developer-patch/developer.dart:138:13)\n<asynchronous suspension>\n",
  "type": "_extensionType",
  "method": "ext.flutter.driver"
}
Build info: version: '4.13.0', revision: 'ba948ece5b*'
System info: os.name: 'Windows 11', os.arch: 'amd64', os.version: '10.0', java.version: '21.0.11'
Driver info: io.appium.java_client.AppiumDriver
Command: [83f12ada-5c8b-453e-a9ae-593e714d01f5, executeScript {script=flutter:waitFor, args=[{element-6066-11e4-a52e-4f735466cecf=eyJrZXlWYWx1ZVR5cGUiOiJTdHJpbmciLCJrZXlWYWx1ZVN0cmluZyI6ImFsdW1uaV9jb21wZW5zYXRpb25fZm9ybTE2X2Rvd25sb2FkX2J1dHRvbiIsImZpbmRlclR5cGUiOiJCeVZhbHVlS2V5In0=}, 2000]}]
Capabilities {appium:address: 127.0.0.1, appium:allowCors: false, appium:allowInsecure: [], appium:appActivity: com.dbox.dbox_flutter.host...., appium:appPackage: com.dbox.dbox_flutter.host, appium:autoGrantPermissions: true, appium:automationName: Flutter, appium:basePath: , appium:callbackPort: 4723, appium:debugLogSpacing: false, appium:denyInsecure: [], appium:deviceName: SM-515F/DSN, appium:disableWindowAnimation: true, appium:driversImportChunkSize: 3, appium:extraArgs: [], appium:fastReset: true, appium:ignoreHiddenApiPolicyError: true, appium:keepAliveTimeout: 600, appium:localTimezone: false, appium:logFormat: text, appium:logNoColors: false, appium:logTimestamp: false, appium:loglevel: info, appium:longStacktrace: false, appium:newCommandTimeout: 600, appium:noPermsCheck: false, appium:observatoryRetryTimeout: 120000, appium:pluginsImportChunkSize: 7, appium:port: 38084, appium:printPageSourceOnFindFailure: true, appium:relaxedSecurityEnabled: false, appium:requestTimeout: 3600, appium:sessionOverride: true, appium:shutdownTimeout: 5000, appium:skipUninstall: true, appium:strictCaps: false, appium:subcommand: server, appium:tmpDir: C:\Users\SHAIWA~1\AppData\L..., appium:udid: RZ8NA06H1FJ, appium:useDrivers: [], appium:usePlugins: [], appium:waitForQuiescence: false, platformName: ANDROID}
Session ID: 83f12ada-5c8b-453e-a9ae-593e714d01f5
&amp#27;[38;5;110m[83f12ada]&amp#27;[0m&amp#27;[38;5;86m[HTTP]&amp#27;[0m &amp#27;[37m-->&amp#27;[39m &amp#27;[37mPOST&amp#27;[39m &amp#27;[37m/session/83f12ada-5c8b-453e-a9ae-593e714d01f5/execute/sync&amp#27;[39m &amp#27;[90m{"script":"flutter:waitFor","args":[{"element-6066-11e4-a52e-4f735466cecf":"eyJrZXlWYWx1ZVR5cGUiOiJTdHJpbmciLCJrZXlWYWx1ZVN0cmluZyI6ImFsdW1uaV9jb21wZW5zYXRpb25fZm9ybTE2YV9wZGZfdmlld2VyIiwiZmluZGVyVHlwZSI6IkJ5VmFsdWVLZXkifQ=="},2000]}&amp#27;[39m
&amp#27;[38;5;110m[83f12ada]&amp#27;[0m&amp#27;[38;5;86m[HTTP]&amp#27;[0m &amp#27;[37m<-- POST /session/83f12ada-5c8b-453e-a9ae-593e714d01f5/execute/sync &amp#27;[39m&amp#27;[31m500&amp#27;[39m &amp#27;[90m2025 ms - 3352&amp#27;[39m
Element not found within timeout: Cannot execute command waitFor, server response {
  "isError": true,
  "response": "Timeout while executing waitFor: TimeoutException after 0:00:02.000000: Future not completed\n#0      Future.timeout.<anonymous closure> (dart:async/future_impl.dart:1025:22)\n<asynchronous suspension>\n#1      FlutterDriverExtension.call (package:flutter_driver/src/extension/extension.dart:423:31)\n<asynchronous suspension>\n#2      BindingBase.registerServiceExtension.<anonymous closure> (package:flutter/src/foundation/binding.dart:960:18)\n<asynchronous suspension>\n#3      _runExtension.<anonymous closure> (dart:developer-patch/developer.dart:138:13)\n<asynchronous suspension>\n",
  "type": "_extensionType",
  "method": "ext.flutter.driver"
}
Build info: version: '4.13.0', revision: 'ba948ece5b*'
System info: os.name: 'Windows 11', os.arch: 'amd64', os.version: '10.0', java.version: '21.0.11'
Driver info: io.appium.java_client.AppiumDriver
Command: [83f12ada-5c8b-453e-a9ae-593e714d01f5, executeScript {script=flutter:waitFor, args=[{element-6066-11e4-a52e-4f735466cecf=eyJrZXlWYWx1ZVR5cGUiOiJTdHJpbmciLCJrZXlWYWx1ZVN0cmluZyI6ImFsdW1uaV9jb21wZW5zYXRpb25fZm9ybTE2YV9wZGZfdmlld2VyIiwiZmluZGVyVHlwZSI6IkJ5VmFsdWVLZXkifQ==}, 2000]}]
Capabilities {appium:address: 127.0.0.1, appium:allowCors: false, appium:allowInsecure: [], appium:appActivity: com.dbox.dbox_flutter.host...., appium:appPackage: com.dbox.dbox_flutter.host, appium:autoGrantPermissions: true, appium:automationName: Flutter, appium:basePath: , appium:callbackPort: 4723, appium:debugLogSpacing: false, appium:denyInsecure: [], appium:deviceName: SM-515F/DSN, appium:disableWindowAnimation: true, appium:driversImportChunkSize: 3, appium:extraArgs: [], appium:fastReset: true, appium:ignoreHiddenApiPolicyError: true, appium:keepAliveTimeout: 600, appium:localTimezone: false, appium:logFormat: text, appium:logNoColors: false, appium:logTimestamp: false, appium:loglevel: info, appium:longStacktrace: false, appium:newCommandTimeout: 600, appium:noPermsCheck: false, appium:observatoryRetryTimeout: 120000, appium:pluginsImportChunkSize: 7, appium:port: 38084, appium:printPageSourceOnFindFailure: true, appium:relaxedSecurityEnabled: false, appium:requestTimeout: 3600, appium:sessionOverride: true, appium:shutdownTimeout: 5000, appium:skipUninstall: true, appium:strictCaps: false, appium:subcommand: server, appium:tmpDir: C:\Users\SHAIWA~1\AppData\L..., appium:udid: RZ8NA06H1FJ, appium:useDrivers: [], appium:usePlugins: [], appium:waitForQuiescence: false, platformName: ANDROID}
Session ID: 83f12ada-5c8b-453e-a9ae-593e714d01f5
&amp#27;[38;5;110m[83f12ada]&amp#27;[0m&amp#27;[38;5;86m[HTTP]&amp#27;[0m &amp#27;[37m-->&amp#27;[39m &amp#27;[37mPOST&amp#27;[39m &amp#27;[37m/session/83f12ada-5c8b-453e-a9ae-593e714d01f5/execute/sync&amp#27;[39m &amp#27;[90m{"script":"flutter:waitFor","args":[{"element-6066-11e4-a52e-4f735466cecf":"eyJrZXlWYWx1ZVR5cGUiOiJTdHJpbmciLCJrZXlWYWx1ZVN0cmluZyI6ImFsdW1uaV9jb21wZW5zYXRpb25fZm9ybTE2X3BkZl92aWV3ZXIiLCJmaW5kZXJUeXBlIjoiQnlWYWx1ZUtleSJ9"},2000]}&amp#27;[39m
&amp#27;[38;5;110m[83f12ada]&amp#27;[0m&amp#27;[38;5;86m[HTTP]&amp#27;[0m &amp#27;[37m<-- POST /session/83f12ada-5c8b-453e-a9ae-593e714d01f5/execute/sync &amp#27;[39m&amp#27;[31m500&amp#27;[39m &amp#27;[90m2027 ms - 3352&amp#27;[39m
Element not found within timeout: Cannot execute command waitFor, server response {
  "isError": true,
  "response": "Timeout while executing waitFor: TimeoutException after 0:00:02.000000: Future not completed\n#0      Future.timeout.<anonymous closure> (dart:async/future_impl.dart:1025:22)\n<asynchronous suspension>\n#1      FlutterDriverExtension.call (package:flutter_driver/src/extension/extension.dart:423:31)\n<asynchronous suspension>\n#2      BindingBase.registerServiceExtension.<anonymous closure> (package:flutter/src/foundation/binding.dart:960:18)\n<asynchronous suspension>\n#3      _runExtension.<anonymous closure> (dart:developer-patch/developer.dart:138:13)\n<asynchronous suspension>\n",
  "type": "_extensionType",
  "method": "ext.flutter.driver"
}
Build info: version: '4.13.0', revision: 'ba948ece5b*'
System info: os.name: 'Windows 11', os.arch: 'amd64', os.version: '10.0', java.version: '21.0.11'
Driver info: io.appium.java_client.AppiumDriver
Command: [83f12ada-5c8b-453e-a9ae-593e714d01f5, executeScript {script=flutter:waitFor, args=[{element-6066-11e4-a52e-4f735466cecf=eyJrZXlWYWx1ZVR5cGUiOiJTdHJpbmciLCJrZXlWYWx1ZVN0cmluZyI6ImFsdW1uaV9jb21wZW5zYXRpb25fZm9ybTE2X3BkZl92aWV3ZXIiLCJmaW5kZXJUeXBlIjoiQnlWYWx1ZUtleSJ9}, 2000]}]
Capabilities {appium:address: 127.0.0.1, appium:allowCors: false, appium:allowInsecure: [], appium:appActivity: com.dbox.dbox_flutter.host...., appium:appPackage: com.dbox.dbox_flutter.host, appium:autoGrantPermissions: true, appium:automationName: Flutter, appium:basePath: , appium:callbackPort: 4723, appium:debugLogSpacing: false, appium:denyInsecure: [], appium:deviceName: SM-515F/DSN, appium:disableWindowAnimation: true, appium:driversImportChunkSize: 3, appium:extraArgs: [], appium:fastReset: true, appium:ignoreHiddenApiPolicyError: true, appium:keepAliveTimeout: 600, appium:localTimezone: false, appium:logFormat: text, appium:logNoColors: false, appium:logTimestamp: false, appium:loglevel: info, appium:longStacktrace: false, appium:newCommandTimeout: 600, appium:noPermsCheck: false, appium:observatoryRetryTimeout: 120000, appium:pluginsImportChunkSize: 7, appium:port: 38084, appium:printPageSourceOnFindFailure: true, appium:relaxedSecurityEnabled: false, appium:requestTimeout: 3600, appium:sessionOverride: true, appium:shutdownTimeout: 5000, appium:skipUninstall: true, appium:strictCaps: false, appium:subcommand: server, appium:tmpDir: C:\Users\SHAIWA~1\AppData\L..., appium:udid: RZ8NA06H1FJ, appium:useDrivers: [], appium:usePlugins: [], appium:waitForQuiescence: false, platformName: ANDROID}
Session ID: 83f12ada-5c8b-453e-a9ae-593e714d01f5
&amp#27;[38;5;110m[83f12ada]&amp#27;[0m&amp#27;[38;5;86m[HTTP]&amp#27;[0m &amp#27;[37m-->&amp#27;[39m &amp#27;[37mPOST&amp#27;[39m &amp#27;[37m/session/83f12ada-5c8b-453e-a9ae-593e714d01f5/execute/sync&amp#27;[39m &amp#27;[90m{"script":"flutter:waitFor","args":[{"element-6066-11e4-a52e-4f735466cecf":"eyJrZXlWYWx1ZVR5cGUiOiJTdHJpbmciLCJrZXlWYWx1ZVN0cmluZyI6ImFsdW1uaV9jb21wZW5zYXRpb25faG9tZV9meV9kcm9wX2Rvd24iLCJmaW5kZXJUeXBlIjoiQnlWYWx1ZUtleSJ9"},1000]}&amp#27;[39m
&amp#27;[38;5;110m[83f12ada]&amp#27;[0m&amp#27;[38;5;86m[HTTP]&amp#27;[0m &amp#27;[37m<-- POST /session/83f12ada-5c8b-453e-a9ae-593e714d01f5/execute/sync &amp#27;[39m&amp#27;[31m500&amp#27;[39m &amp#27;[90m1025 ms - 3352&amp#27;[39m
Element not found within timeout: Cannot execute command waitFor, server response {
  "isError": true,
  "response": "Timeout while executing waitFor: TimeoutException after 0:00:01.000000: Future not completed\n#0      Future.timeout.<anonymous closure> (dart:async/future_impl.dart:1025:22)\n<asynchronous suspension>\n#1      FlutterDriverExtension.call (package:flutter_driver/src/extension/extension.dart:423:31)\n<asynchronous suspension>\n#2      BindingBase.registerServiceExtension.<anonymous closure> (package:flutter/src/foundation/binding.dart:960:18)\n<asynchronous suspension>\n#3      _runExtension.<anonymous closure> (dart:developer-patch/developer.dart:138:13)\n<asynchronous suspension>\n",
  "type": "_extensionType",
  "method": "ext.flutter.driver"
}
Build info: version: '4.13.0', revision: 'ba948ece5b*'
System info: os.name: 'Windows 11', os.arch: 'amd64', os.version: '10.0', java.version: '21.0.11'
Driver info: io.appium.java_client.AppiumDriver
Command: [83f12ada-5c8b-453e-a9ae-593e714d01f5, executeScript {script=flutter:waitFor, args=[{element-6066-11e4-a52e-4f735466cecf=eyJrZXlWYWx1ZVR5cGUiOiJTdHJpbmciLCJrZXlWYWx1ZVN0cmluZyI6ImFsdW1uaV9jb21wZW5zYXRpb25faG9tZV9meV9kcm9wX2Rvd24iLCJmaW5kZXJUeXBlIjoiQnlWYWx1ZUtleSJ9}, 1000]}]
Capabilities {appium:address: 127.0.0.1, appium:allowCors: false, appium:allowInsecure: [], appium:appActivity: com.dbox.dbox_flutter.host...., appium:appPackage: com.dbox.dbox_flutter.host, appium:autoGrantPermissions: true, appium:automationName: Flutter, appium:basePath: , appium:callbackPort: 4723, appium:debugLogSpacing: false, appium:denyInsecure: [], appium:deviceName: SM-515F/DSN, appium:disableWindowAnimation: true, appium:driversImportChunkSize: 3, appium:extraArgs: [], appium:fastReset: true, appium:ignoreHiddenApiPolicyError: true, appium:keepAliveTimeout: 600, appium:localTimezone: false, appium:logFormat: text, appium:logNoColors: false, appium:logTimestamp: false, appium:loglevel: info, appium:longStacktrace: false, appium:newCommandTimeout: 600, appium:noPermsCheck: false, appium:observatoryRetryTimeout: 120000, appium:pluginsImportChunkSize: 7, appium:port: 38084, appium:printPageSourceOnFindFailure: true, appium:relaxedSecurityEnabled: false, appium:requestTimeout: 3600, appium:sessionOverride: true, appium:shutdownTimeout: 5000, appium:skipUninstall: true, appium:strictCaps: false, appium:subcommand: server, appium:tmpDir: C:\Users\SHAIWA~1\AppData\L..., appium:udid: RZ8NA06H1FJ, appium:useDrivers: [], appium:usePlugins: [], appium:waitForQuiescence: false, platformName: ANDROID}
Session ID: 83f12ada-5c8b-453e-a9ae-593e714d01f5
&amp#27;[38;5;110m[83f12ada]&amp#27;[0m&amp#27;[38;5;86m[HTTP]&amp#27;[0m &amp#27;[37m-->&amp#27;[39m &amp#27;[37mPOST&amp#27;[39m &amp#27;[37m/session/83f12ada-5c8b-453e-a9ae-593e714d01f5/execute/sync&amp#27;[39m &amp#27;[90m{"script":"flutter:waitFor","args":[{"element-6066-11e4-a52e-4f735466cecf":"eyJrZXlWYWx1ZVR5cGUiOiJTdHJpbmciLCJrZXlWYWx1ZVN0cmluZyI6ImFsdW1uaV9jb21wZW5zYXRpb25faG9tZV9iYWNrX2ljb25fYnV0dG9uIiwiZmluZGVyVHlwZSI6IkJ5VmFsdWVLZXkifQ=="},2000]}&amp#27;[39m
&amp#27;[38;5;110m[83f12ada]&amp#27;[0m&amp#27;[38;5;86m[HTTP]&amp#27;[0m &amp#27;[37m<-- POST /session/83f12ada-5c8b-453e-a9ae-593e714d01f5/execute/sync &amp#27;[39m&amp#27;[31m500&amp#27;[39m &amp#27;[90m2025 ms - 3352&amp#27;[39m
Element not found within timeout: Cannot execute command waitFor, server response {
  "isError": true,
  "response": "Timeout while executing waitFor: TimeoutException after 0:00:02.000000: Future not completed\n#0      Future.timeout.<anonymous closure> (dart:async/future_impl.dart:1025:22)\n<asynchronous suspension>\n#1      FlutterDriverExtension.call (package:flutter_driver/src/extension/extension.dart:423:31)\n<asynchronous suspension>\n#2      BindingBase.registerServiceExtension.<anonymous closure> (package:flutter/src/foundation/binding.dart:960:18)\n<asynchronous suspension>\n#3      _runExtension.<anonymous closure> (dart:developer-patch/developer.dart:138:13)\n<asynchronous suspension>\n",
  "type": "_extensionType",
  "method": "ext.flutter.driver"
}
Build info: version: '4.13.0', revision: 'ba948ece5b*'
System info: os.name: 'Windows 11', os.arch: 'amd64', os.version: '10.0', java.version: '21.0.11'
Driver info: io.appium.java_client.AppiumDriver
Command: [83f12ada-5c8b-453e-a9ae-593e714d01f5, executeScript {script=flutter:waitFor, args=[{element-6066-11e4-a52e-4f735466cecf=eyJrZXlWYWx1ZVR5cGUiOiJTdHJpbmciLCJrZXlWYWx1ZVN0cmluZyI6ImFsdW1uaV9jb21wZW5zYXRpb25faG9tZV9iYWNrX2ljb25fYnV0dG9uIiwiZmluZGVyVHlwZSI6IkJ5VmFsdWVLZXkifQ==}, 2000]}]
Capabilities {appium:address: 127.0.0.1, appium:allowCors: false, appium:allowInsecure: [], appium:appActivity: com.dbox.dbox_flutter.host...., appium:appPackage: com.dbox.dbox_flutter.host, appium:autoGrantPermissions: true, appium:automationName: Flutter, appium:basePath: , appium:callbackPort: 4723, appium:debugLogSpacing: false, appium:denyInsecure: [], appium:deviceName: SM-515F/DSN, appium:disableWindowAnimation: true, appium:driversImportChunkSize: 3, appium:extraArgs: [], appium:fastReset: true, appium:ignoreHiddenApiPolicyError: true, appium:keepAliveTimeout: 600, appium:localTimezone: false, appium:logFormat: text, appium:logNoColors: false, appium:logTimestamp: false, appium:loglevel: info, appium:longStacktrace: false, appium:newCommandTimeout: 600, appium:noPermsCheck: false, appium:observatoryRetryTimeout: 120000, appium:pluginsImportChunkSize: 7, appium:port: 38084, appium:printPageSourceOnFindFailure: true, appium:relaxedSecurityEnabled: false, appium:requestTimeout: 3600, appium:sessionOverride: true, appium:shutdownTimeout: 5000, appium:skipUninstall: true, appium:strictCaps: false, appium:subcommand: server, appium:tmpDir: C:\Users\SHAIWA~1\AppData\L..., appium:udid: RZ8NA06H1FJ, appium:useDrivers: [], appium:usePlugins: [], appium:waitForQuiescence: false, platformName: ANDROID}
Session ID: 83f12ada-5c8b-453e-a9ae-593e714d01f5
&amp#27;[38;5;110m[83f12ada]&amp#27;[0m&amp#27;[38;5;86m[HTTP]&amp#27;[0m &amp#27;[37m-->&amp#27;[39m &amp#27;[37mPOST&amp#27;[39m &amp#27;[37m/session/83f12ada-5c8b-453e-a9ae-593e714d01f5/execute/sync&amp#27;[39m &amp#27;[90m{"script":"flutter:waitFor","args":[{"element-6066-11e4-a52e-4f735466cecf":"eyJ0ZXh0IjoiRm9ybSAxNkEiLCJmaW5kZXJUeXBlIjoiQnlUZXh0In0="},2000]}&amp#27;[39m
&amp#27;[38;5;110m[83f12ada]&amp#27;[0m&amp#27;[38;5;86m[HTTP]&amp#27;[0m &amp#27;[37m<-- POST /session/83f12ada-5c8b-453e-a9ae-593e714d01f5/execute/sync &amp#27;[39m&amp#27;[32m200&amp#27;[39m &amp#27;[90m23 ms - 177&amp#27;[39m
&amp#27;[38;5;110m[83f12ada]&amp#27;[0m&amp#27;[38;5;86m[HTTP]&amp#27;[0m &amp#27;[37m-->&amp#27;[39m &amp#27;[37mPOST&amp#27;[39m &amp#27;[37m/session/83f12ada-5c8b-453e-a9ae-593e714d01f5/execute/sync&amp#27;[39m &amp#27;[90m{"script":"flutter:waitFor","args":[{"element-6066-11e4-a52e-4f735466cecf":"eyJ0ZXh0IjoiRm9ybSAxNkEiLCJmaW5kZXJUeXBlIjoiQnlUZXh0In0="},2000]}&amp#27;[39m
&amp#27;[38;5;110m[83f12ada]&amp#27;[0m&amp#27;[38;5;86m[HTTP]&amp#27;[0m &amp#27;[37m<-- POST /session/83f12ada-5c8b-453e-a9ae-593e714d01f5/execute/sync &amp#27;[39m&amp#27;[32m200&amp#27;[39m &amp#27;[90m18 ms - 177&amp#27;[39m
&amp#27;[38;5;110m[83f12ada]&amp#27;[0m&amp#27;[38;5;86m[HTTP]&amp#27;[0m &amp#27;[37m-->&amp#27;[39m &amp#27;[37mPOST&amp#27;[39m &amp#27;[37m/session/83f12ada-5c8b-453e-a9ae-593e714d01f5/execute/sync&amp#27;[39m &amp#27;[90m{"script":"flutter:waitFor","args":[{"element-6066-11e4-a52e-4f735466cecf":"eyJrZXlWYWx1ZVR5cGUiOiJTdHJpbmciLCJrZXlWYWx1ZVN0cmluZyI6ImFsdW1uaV9jb21wZW5zYXRpb25fZm9ybTE2YV9kb3dubG9hZF9idXR0b24iLCJmaW5kZXJUeXBlIjoiQnlWYWx1ZUtleSJ9"},3000]}&amp#27;[39m
&amp#27;[38;5;110m[83f12ada]&amp#27;[0m&amp#27;[38;5;86m[HTTP]&amp#27;[0m &amp#27;[37m<-- POST /session/83f12ada-5c8b-453e-a9ae-593e714d01f5/execute/sync &amp#27;[39m&amp#27;[31m500&amp#27;[39m &amp#27;[90m3024 ms - 3352&amp#27;[39m
Element not found within timeout: Cannot execute command waitFor, server response {
  "isError": true,
  "response": "Timeout while executing waitFor: TimeoutException after 0:00:03.000000: Future not completed\n#0      Future.timeout.<anonymous closure> (dart:async/future_impl.dart:1025:22)\n<asynchronous suspension>\n#1      FlutterDriverExtension.call (package:flutter_driver/src/extension/extension.dart:423:31)\n<asynchronous suspension>\n#2      BindingBase.registerServiceExtension.<anonymous closure> (package:flutter/src/foundation/binding.dart:960:18)\n<asynchronous suspension>\n#3      _runExtension.<anonymous closure> (dart:developer-patch/developer.dart:138:13)\n<asynchronous suspension>\n",
  "type": "_extensionType",
  "method": "ext.flutter.driver"
}
Build info: version: '4.13.0', revision: 'ba948ece5b*'
System info: os.name: 'Windows 11', os.arch: 'amd64', os.version: '10.0', java.version: '21.0.11'
Driver info: io.appium.java_client.AppiumDriver
Command: [83f12ada-5c8b-453e-a9ae-593e714d01f5, executeScript {script=flutter:waitFor, args=[{element-6066-11e4-a52e-4f735466cecf=eyJrZXlWYWx1ZVR5cGUiOiJTdHJpbmciLCJrZXlWYWx1ZVN0cmluZyI6ImFsdW1uaV9jb21wZW5zYXRpb25fZm9ybTE2YV9kb3dubG9hZF9idXR0b24iLCJmaW5kZXJUeXBlIjoiQnlWYWx1ZUtleSJ9}, 3000]}]
Capabilities {appium:address: 127.0.0.1, appium:allowCors: false, appium:allowInsecure: [], appium:appActivity: com.dbox.dbox_flutter.host...., appium:appPackage: com.dbox.dbox_flutter.host, appium:autoGrantPermissions: true, appium:automationName: Flutter, appium:basePath: , appium:callbackPort: 4723, appium:debugLogSpacing: false, appium:denyInsecure: [], appium:deviceName: SM-515F/DSN, appium:disableWindowAnimation: true, appium:driversImportChunkSize: 3, appium:extraArgs: [], appium:fastReset: true, appium:ignoreHiddenApiPolicyError: true, appium:keepAliveTimeout: 600, appium:localTimezone: false, appium:logFormat: text, appium:logNoColors: false, appium:logTimestamp: false, appium:loglevel: info, appium:longStacktrace: false, appium:newCommandTimeout: 600, appium:noPermsCheck: false, appium:observatoryRetryTimeout: 120000, appium:pluginsImportChunkSize: 7, appium:port: 38084, appium:printPageSourceOnFindFailure: true, appium:relaxedSecurityEnabled: false, appium:requestTimeout: 3600, appium:sessionOverride: true, appium:shutdownTimeout: 5000, appium:skipUninstall: true, appium:strictCaps: false, appium:subcommand: server, appium:tmpDir: C:\Users\SHAIWA~1\AppData\L..., appium:udid: RZ8NA06H1FJ, appium:useDrivers: [], appium:usePlugins: [], appium:waitForQuiescence: false, platformName: ANDROID}
Session ID: 83f12ada-5c8b-453e-a9ae-593e714d01f5
&amp#27;[38;5;110m[83f12ada]&amp#27;[0m&amp#27;[38;5;86m[HTTP]&amp#27;[0m &amp#27;[37m-->&amp#27;[39m &amp#27;[37mPOST&amp#27;[39m &amp#27;[37m/session/83f12ada-5c8b-453e-a9ae-593e714d01f5/execute/sync&amp#27;[39m &amp#27;[90m{"script":"flutter:waitFor","args":[{"element-6066-11e4-a52e-4f735466cecf":"eyJrZXlWYWx1ZVR5cGUiOiJTdHJpbmciLCJrZXlWYWx1ZVN0cmluZyI6ImFsdW1uaV9jb21wZW5zYXRpb25fZm9ybTE2X2Rvd25sb2FkX2J1dHRvbiIsImZpbmRlclR5cGUiOiJCeVZhbHVlS2V5In0="},3000]}&amp#27;[39m
&amp#27;[38;5;110m[83f12ada]&amp#27;[0m&amp#27;[38;5;86m[HTTP]&amp#27;[0m &amp#27;[37m<-- POST /session/83f12ada-5c8b-453e-a9ae-593e714d01f5/execute/sync &amp#27;[39m&amp#27;[31m500&amp#27;[39m &amp#27;[90m3030 ms - 3352&amp#27;[39m
Element not found within timeout: Cannot execute command waitFor, server response {
  "isError": true,
  "response": "Timeout while executing waitFor: TimeoutException after 0:00:03.000000: Future not completed\n#0      Future.timeout.<anonymous closure> (dart:async/future_impl.dart:1025:22)\n<asynchronous suspension>\n#1      FlutterDriverExtension.call (package:flutter_driver/src/extension/extension.dart:423:31)\n<asynchronous suspension>\n#2      BindingBase.registerServiceExtension.<anonymous closure> (package:flutter/src/foundation/binding.dart:960:18)\n<asynchronous suspension>\n#3      _runExtension.<anonymous closure> (dart:developer-patch/developer.dart:138:13)\n<asynchronous suspension>\n",
  "type": "_extensionType",
  "method": "ext.flutter.driver"
}
Build info: version: '4.13.0', revision: 'ba948ece5b*'
System info: os.name: 'Windows 11', os.arch: 'amd64', os.version: '10.0', java.version: '21.0.11'
Driver info: io.appium.java_client.AppiumDriver
Command: [83f12ada-5c8b-453e-a9ae-593e714d01f5, executeScript {script=flutter:waitFor, args=[{element-6066-11e4-a52e-4f735466cecf=eyJrZXlWYWx1ZVR5cGUiOiJTdHJpbmciLCJrZXlWYWx1ZVN0cmluZyI6ImFsdW1uaV9jb21wZW5zYXRpb25fZm9ybTE2X2Rvd25sb2FkX2J1dHRvbiIsImZpbmRlclR5cGUiOiJCeVZhbHVlS2V5In0=}, 3000]}]
Capabilities {appium:address: 127.0.0.1, appium:allowCors: false, appium:allowInsecure: [], appium:appActivity: com.dbox.dbox_flutter.host...., appium:appPackage: com.dbox.dbox_flutter.host, appium:autoGrantPermissions: true, appium:automationName: Flutter, appium:basePath: , appium:callbackPort: 4723, appium:debugLogSpacing: false, appium:denyInsecure: [], appium:deviceName: SM-515F/DSN, appium:disableWindowAnimation: true, appium:driversImportChunkSize: 3, appium:extraArgs: [], appium:fastReset: true, appium:ignoreHiddenApiPolicyError: true, appium:keepAliveTimeout: 600, appium:localTimezone: false, appium:logFormat: text, appium:logNoColors: false, appium:logTimestamp: false, appium:loglevel: info, appium:longStacktrace: false, appium:newCommandTimeout: 600, appium:noPermsCheck: false, appium:observatoryRetryTimeout: 120000, appium:pluginsImportChunkSize: 7, appium:port: 38084, appium:printPageSourceOnFindFailure: true, appium:relaxedSecurityEnabled: false, appium:requestTimeout: 3600, appium:sessionOverride: true, appium:shutdownTimeout: 5000, appium:skipUninstall: true, appium:strictCaps: false, appium:subcommand: server, appium:tmpDir: C:\Users\SHAIWA~1\AppData\L..., appium:udid: RZ8NA06H1FJ, appium:useDrivers: [], appium:usePlugins: [], appium:waitForQuiescence: false, platformName: ANDROID}
Session ID: 83f12ada-5c8b-453e-a9ae-593e714d01f5
&amp#27;[38;5;110m[83f12ada]&amp#27;[0m&amp#27;[38;5;86m[HTTP]&amp#27;[0m &amp#27;[37m-->&amp#27;[39m &amp#27;[37mPOST&amp#27;[39m &amp#27;[37m/session/83f12ada-5c8b-453e-a9ae-593e714d01f5/execute/sync&amp#27;[39m &amp#27;[90m{"script":"flutter:waitFor","args":[{"element-6066-11e4-a52e-4f735466cecf":"eyJ0ZXh0IjoiRG93bmxvYWQiLCJmaW5kZXJUeXBlIjoiQnlUb29sdGlwTWVzc2FnZSJ9"},2000]}&amp#27;[39m
&amp#27;[38;5;110m[83f12ada]&amp#27;[0m&amp#27;[38;5;86m[HTTP]&amp#27;[0m &amp#27;[37m<-- POST /session/83f12ada-5c8b-453e-a9ae-593e714d01f5/execute/sync &amp#27;[39m&amp#27;[31m500&amp#27;[39m &amp#27;[90m2042 ms - 3352&amp#27;[39m
Element not found within timeout: Cannot execute command waitFor, server response {
  "isError": true,
  "response": "Timeout while executing waitFor: TimeoutException after 0:00:02.000000: Future not completed\n#0      Future.timeout.<anonymous closure> (dart:async/future_impl.dart:1025:22)\n<asynchronous suspension>\n#1      FlutterDriverExtension.call (package:flutter_driver/src/extension/extension.dart:423:31)\n<asynchronous suspension>\n#2      BindingBase.registerServiceExtension.<anonymous closure> (package:flutter/src/foundation/binding.dart:960:18)\n<asynchronous suspension>\n#3      _runExtension.<anonymous closure> (dart:developer-patch/developer.dart:138:13)\n<asynchronous suspension>\n",
  "type": "_extensionType",
  "method": "ext.flutter.driver"
}
Build info: version: '4.13.0', revision: 'ba948ece5b*'
System info: os.name: 'Windows 11', os.arch: 'amd64', os.version: '10.0', java.version: '21.0.11'
Driver info: io.appium.java_client.AppiumDriver
Command: [83f12ada-5c8b-453e-a9ae-593e714d01f5, executeScript {script=flutter:waitFor, args=[{element-6066-11e4-a52e-4f735466cecf=eyJ0ZXh0IjoiRG93bmxvYWQiLCJmaW5kZXJUeXBlIjoiQnlUb29sdGlwTWVzc2FnZSJ9}, 2000]}]
Capabilities {appium:address: 127.0.0.1, appium:allowCors: false, appium:allowInsecure: [], appium:appActivity: com.dbox.dbox_flutter.host...., appium:appPackage: com.dbox.dbox_flutter.host, appium:autoGrantPermissions: true, appium:automationName: Flutter, appium:basePath: , appium:callbackPort: 4723, appium:debugLogSpacing: false, appium:denyInsecure: [], appium:deviceName: SM-515F/DSN, appium:disableWindowAnimation: true, appium:driversImportChunkSize: 3, appium:extraArgs: [], appium:fastReset: true, appium:ignoreHiddenApiPolicyError: true, appium:keepAliveTimeout: 600, appium:localTimezone: false, appium:logFormat: text, appium:logNoColors: false, appium:logTimestamp: false, appium:loglevel: info, appium:longStacktrace: false, appium:newCommandTimeout: 600, appium:noPermsCheck: false, appium:observatoryRetryTimeout: 120000, appium:pluginsImportChunkSize: 7, appium:port: 38084, appium:printPageSourceOnFindFailure: true, appium:relaxedSecurityEnabled: false, appium:requestTimeout: 3600, appium:sessionOverride: true, appium:shutdownTimeout: 5000, appium:skipUninstall: true, appium:strictCaps: false, appium:subcommand: server, appium:tmpDir: C:\Users\SHAIWA~1\AppData\L..., appium:udid: RZ8NA06H1FJ, appium:useDrivers: [], appium:usePlugins: [], appium:waitForQuiescence: false, platformName: ANDROID}
Session ID: 83f12ada-5c8b-453e-a9ae-593e714d01f5
&amp#27;[38;5;110m[83f12ada]&amp#27;[0m&amp#27;[38;5;86m[HTTP]&amp#27;[0m &amp#27;[37m-->&amp#27;[39m &amp#27;[37mPOST&amp#27;[39m &amp#27;[37m/session/83f12ada-5c8b-453e-a9ae-593e714d01f5/execute/sync&amp#27;[39m &amp#27;[90m{"script":"flutter:waitFor","args":[{"element-6066-11e4-a52e-4f735466cecf":"eyJ0ZXh0IjoiZG93bmxvYWQiLCJmaW5kZXJUeXBlIjoiQnlUb29sdGlwTWVzc2FnZSJ9"},2000]}&amp#27;[39m
&amp#27;[38;5;110m[83f12ada]&amp#27;[0m&amp#27;[38;5;86m[HTTP]&amp#27;[0m &amp#27;[37m<-- POST /session/83f12ada-5c8b-453e-a9ae-593e714d01f5/execute/sync &amp#27;[39m&amp#27;[31m500&amp#27;[39m &amp#27;[90m2031 ms - 3352&amp#27;[39m
Element not found within timeout: Cannot execute command waitFor, server response {
  "isError": true,
  "response": "Timeout while executing waitFor: TimeoutException after 0:00:02.000000: Future not completed\n#0      Future.timeout.<anonymous closure> (dart:async/future_impl.dart:1025:22)\n<asynchronous suspension>\n#1      FlutterDriverExtension.call (package:flutter_driver/src/extension/extension.dart:423:31)\n<asynchronous suspension>\n#2      BindingBase.registerServiceExtension.<anonymous closure> (package:flutter/src/foundation/binding.dart:960:18)\n<asynchronous suspension>\n#3      _runExtension.<anonymous closure> (dart:developer-patch/developer.dart:138:13)\n<asynchronous suspension>\n",
  "type": "_extensionType",
  "method": "ext.flutter.driver"
}
Build info: version: '4.13.0', revision: 'ba948ece5b*'
System info: os.name: 'Windows 11', os.arch: 'amd64', os.version: '10.0', java.version: '21.0.11'
Driver info: io.appium.java_client.AppiumDriver
Command: [83f12ada-5c8b-453e-a9ae-593e714d01f5, executeScript {script=flutter:waitFor, args=[{element-6066-11e4-a52e-4f735466cecf=eyJ0ZXh0IjoiZG93bmxvYWQiLCJmaW5kZXJUeXBlIjoiQnlUb29sdGlwTWVzc2FnZSJ9}, 2000]}]
Capabilities {appium:address: 127.0.0.1, appium:allowCors: false, appium:allowInsecure: [], appium:appActivity: com.dbox.dbox_flutter.host...., appium:appPackage: com.dbox.dbox_flutter.host, appium:autoGrantPermissions: true, appium:automationName: Flutter, appium:basePath: , appium:callbackPort: 4723, appium:debugLogSpacing: false, appium:denyInsecure: [], appium:deviceName: SM-515F/DSN, appium:disableWindowAnimation: true, appium:driversImportChunkSize: 3, appium:extraArgs: [], appium:fastReset: true, appium:ignoreHiddenApiPolicyError: true, appium:keepAliveTimeout: 600, appium:localTimezone: false, appium:logFormat: text, appium:logNoColors: false, appium:logTimestamp: false, appium:loglevel: info, appium:longStacktrace: false, appium:newCommandTimeout: 600, appium:noPermsCheck: false, appium:observatoryRetryTimeout: 120000, appium:pluginsImportChunkSize: 7, appium:port: 38084, appium:printPageSourceOnFindFailure: true, appium:relaxedSecurityEnabled: false, appium:requestTimeout: 3600, appium:sessionOverride: true, appium:shutdownTimeout: 5000, appium:skipUninstall: true, appium:strictCaps: false, appium:subcommand: server, appium:tmpDir: C:\Users\SHAIWA~1\AppData\L..., appium:udid: RZ8NA06H1FJ, appium:useDrivers: [], appium:usePlugins: [], appium:waitForQuiescence: false, platformName: ANDROID}
Session ID: 83f12ada-5c8b-453e-a9ae-593e714d01f5
&amp#27;[38;5;110m[83f12ada]&amp#27;[0m&amp#27;[38;5;86m[HTTP]&amp#27;[0m &amp#27;[37m-->&amp#27;[39m &amp#27;[37mPOST&amp#27;[39m &amp#27;[37m/session/83f12ada-5c8b-453e-a9ae-593e714d01f5/execute/sync&amp#27;[39m &amp#27;[90m{"script":"flutter:waitFor","args":[{"element-6066-11e4-a52e-4f735466cecf":"eyJ0ZXh0IjoiRG93bmxvYWQgUERGIiwiZmluZGVyVHlwZSI6IkJ5VG9vbHRpcE1lc3NhZ2UifQ=="},2000]}&amp#27;[39m
&amp#27;[38;5;110m[83f12ada]&amp#27;[0m&amp#27;[38;5;86m[HTTP]&amp#27;[0m &amp#27;[37m<-- POST /session/83f12ada-5c8b-453e-a9ae-593e714d01f5/execute/sync &amp#27;[39m&amp#27;[31m500&amp#27;[39m &amp#27;[90m2028 ms - 3352&amp#27;[39m
Element not found within timeout: Cannot execute command waitFor, server response {
  "isError": true,
  "response": "Timeout while executing waitFor: TimeoutException after 0:00:02.000000: Future not completed\n#0      Future.timeout.<anonymous closure> (dart:async/future_impl.dart:1025:22)\n<asynchronous suspension>\n#1      FlutterDriverExtension.call (package:flutter_driver/src/extension/extension.dart:423:31)\n<asynchronous suspension>\n#2      BindingBase.registerServiceExtension.<anonymous closure> (package:flutter/src/foundation/binding.dart:960:18)\n<asynchronous suspension>\n#3      _runExtension.<anonymous closure> (dart:developer-patch/developer.dart:138:13)\n<asynchronous suspension>\n",
  "type": "_extensionType",
  "method": "ext.flutter.driver"
}
Build info: version: '4.13.0', revision: 'ba948ece5b*'
System info: os.name: 'Windows 11', os.arch: 'amd64', os.version: '10.0', java.version: '21.0.11'
Driver info: io.appium.java_client.AppiumDriver
Command: [83f12ada-5c8b-453e-a9ae-593e714d01f5, executeScript {script=flutter:waitFor, args=[{element-6066-11e4-a52e-4f735466cecf=eyJ0ZXh0IjoiRG93bmxvYWQgUERGIiwiZmluZGVyVHlwZSI6IkJ5VG9vbHRpcE1lc3NhZ2UifQ==}, 2000]}]
Capabilities {appium:address: 127.0.0.1, appium:allowCors: false, appium:allowInsecure: [], appium:appActivity: com.dbox.dbox_flutter.host...., appium:appPackage: com.dbox.dbox_flutter.host, appium:autoGrantPermissions: true, appium:automationName: Flutter, appium:basePath: , appium:callbackPort: 4723, appium:debugLogSpacing: false, appium:denyInsecure: [], appium:deviceName: SM-515F/DSN, appium:disableWindowAnimation: true, appium:driversImportChunkSize: 3, appium:extraArgs: [], appium:fastReset: true, appium:ignoreHiddenApiPolicyError: true, appium:keepAliveTimeout: 600, appium:localTimezone: false, appium:logFormat: text, appium:logNoColors: false, appium:logTimestamp: false, appium:loglevel: info, appium:longStacktrace: false, appium:newCommandTimeout: 600, appium:noPermsCheck: false, appium:observatoryRetryTimeout: 120000, appium:pluginsImportChunkSize: 7, appium:port: 38084, appium:printPageSourceOnFindFailure: true, appium:relaxedSecurityEnabled: false, appium:requestTimeout: 3600, appium:sessionOverride: true, appium:shutdownTimeout: 5000, appium:skipUninstall: true, appium:strictCaps: false, appium:subcommand: server, appium:tmpDir: C:\Users\SHAIWA~1\AppData\L..., appium:udid: RZ8NA06H1FJ, appium:useDrivers: [], appium:usePlugins: [], appium:waitForQuiescence: false, platformName: ANDROID}
Session ID: 83f12ada-5c8b-453e-a9ae-593e714d01f5
&amp#27;[38;5;110m[83f12ada]&amp#27;[0m&amp#27;[38;5;86m[HTTP]&amp#27;[0m &amp#27;[37m-->&amp#27;[39m &amp#27;[37mPOST&amp#27;[39m &amp#27;[37m/session/83f12ada-5c8b-453e-a9ae-593e714d01f5/execute/sync&amp#27;[39m &amp#27;[90m{"script":"flutter:waitFor","args":[{"element-6066-11e4-a52e-4f735466cecf":"eyJpc1JlZ0V4cCI6ImZhbHNlIiwibGFiZWwiOiJEb3dubG9hZCIsImZpbmRlclR5cGUiOiJCeVNlbWFudGljc0xhYmVsIn0="},2000]}&amp#27;[39m
&amp#27;[38;5;110m[83f12ada]&amp#27;[0m&amp#27;[38;5;86m[HTTP]&amp#27;[0m &amp#27;[37m<-- POST /session/83f12ada-5c8b-453e-a9ae-593e714d01f5/execute/sync &amp#27;[39m&amp#27;[31m500&amp#27;[39m &amp#27;[90m2039 ms - 3352&amp#27;[39m
Element not found within timeout: Cannot execute command waitFor, server response {
  "isError": true,
  "response": "Timeout while executing waitFor: TimeoutException after 0:00:02.000000: Future not completed\n#0      Future.timeout.<anonymous closure> (dart:async/future_impl.dart:1025:22)\n<asynchronous suspension>\n#1      FlutterDriverExtension.call (package:flutter_driver/src/extension/extension.dart:423:31)\n<asynchronous suspension>\n#2      BindingBase.registerServiceExtension.<anonymous closure> (package:flutter/src/foundation/binding.dart:960:18)\n<asynchronous suspension>\n#3      _runExtension.<anonymous closure> (dart:developer-patch/developer.dart:138:13)\n<asynchronous suspension>\n",
  "type": "_extensionType",
  "method": "ext.flutter.driver"
}
Build info: version: '4.13.0', revision: 'ba948ece5b*'
System info: os.name: 'Windows 11', os.arch: 'amd64', os.version: '10.0', java.version: '21.0.11'
Driver info: io.appium.java_client.AppiumDriver
Command: [83f12ada-5c8b-453e-a9ae-593e714d01f5, executeScript {script=flutter:waitFor, args=[{element-6066-11e4-a52e-4f735466cecf=eyJpc1JlZ0V4cCI6ImZhbHNlIiwibGFiZWwiOiJEb3dubG9hZCIsImZpbmRlclR5cGUiOiJCeVNlbWFudGljc0xhYmVsIn0=}, 2000]}]
Capabilities {appium:address: 127.0.0.1, appium:allowCors: false, appium:allowInsecure: [], appium:appActivity: com.dbox.dbox_flutter.host...., appium:appPackage: com.dbox.dbox_flutter.host, appium:autoGrantPermissions: true, appium:automationName: Flutter, appium:basePath: , appium:callbackPort: 4723, appium:debugLogSpacing: false, appium:denyInsecure: [], appium:deviceName: SM-515F/DSN, appium:disableWindowAnimation: true, appium:driversImportChunkSize: 3, appium:extraArgs: [], appium:fastReset: true, appium:ignoreHiddenApiPolicyError: true, appium:keepAliveTimeout: 600, appium:localTimezone: false, appium:logFormat: text, appium:logNoColors: false, appium:logTimestamp: false, appium:loglevel: info, appium:longStacktrace: false, appium:newCommandTimeout: 600, appium:noPermsCheck: false, appium:observatoryRetryTimeout: 120000, appium:pluginsImportChunkSize: 7, appium:port: 38084, appium:printPageSourceOnFindFailure: true, appium:relaxedSecurityEnabled: false, appium:requestTimeout: 3600, appium:sessionOverride: true, appium:shutdownTimeout: 5000, appium:skipUninstall: true, appium:strictCaps: false, appium:subcommand: server, appium:tmpDir: C:\Users\SHAIWA~1\AppData\L..., appium:udid: RZ8NA06H1FJ, appium:useDrivers: [], appium:usePlugins: [], appium:waitForQuiescence: false, platformName: ANDROID}
Session ID: 83f12ada-5c8b-453e-a9ae-593e714d01f5
&amp#27;[38;5;110m[83f12ada]&amp#27;[0m&amp#27;[38;5;86m[HTTP]&amp#27;[0m &amp#27;[37m-->&amp#27;[39m &amp#27;[37mPOST&amp#27;[39m &amp#27;[37m/session/83f12ada-5c8b-453e-a9ae-593e714d01f5/execute/sync&amp#27;[39m &amp#27;[90m{"script":"flutter:waitFor","args":[{"element-6066-11e4-a52e-4f735466cecf":"eyJpc1JlZ0V4cCI6ImZhbHNlIiwibGFiZWwiOiJkb3dubG9hZCIsImZpbmRlclR5cGUiOiJCeVNlbWFudGljc0xhYmVsIn0="},2000]}&amp#27;[39m
&amp#27;[38;5;110m[83f12ada]&amp#27;[0m&amp#27;[38;5;86m[HTTP]&amp#27;[0m &amp#27;[37m<-- POST /session/83f12ada-5c8b-453e-a9ae-593e714d01f5/execute/sync &amp#27;[39m&amp#27;[31m500&amp#27;[39m &amp#27;[90m2027 ms - 3352&amp#27;[39m
Element not found within timeout: Cannot execute command waitFor, server response {
  "isError": true,
  "response": "Timeout while executing waitFor: TimeoutException after 0:00:02.000000: Future not completed\n#0      Future.timeout.<anonymous closure> (dart:async/future_impl.dart:1025:22)\n<asynchronous suspension>\n#1      FlutterDriverExtension.call (package:flutter_driver/src/extension/extension.dart:423:31)\n<asynchronous suspension>\n#2      BindingBase.registerServiceExtension.<anonymous closure> (package:flutter/src/foundation/binding.dart:960:18)\n<asynchronous suspension>\n#3      _runExtension.<anonymous closure> (dart:developer-patch/developer.dart:138:13)\n<asynchronous suspension>\n",
  "type": "_extensionType",
  "method": "ext.flutter.driver"
}
Build info: version: '4.13.0', revision: 'ba948ece5b*'
System info: os.name: 'Windows 11', os.arch: 'amd64', os.version: '10.0', java.version: '21.0.11'
Driver info: io.appium.java_client.AppiumDriver
Command: [83f12ada-5c8b-453e-a9ae-593e714d01f5, executeScript {script=flutter:waitFor, args=[{element-6066-11e4-a52e-4f735466cecf=eyJpc1JlZ0V4cCI6ImZhbHNlIiwibGFiZWwiOiJkb3dubG9hZCIsImZpbmRlclR5cGUiOiJCeVNlbWFudGljc0xhYmVsIn0=}, 2000]}]
Capabilities {appium:address: 127.0.0.1, appium:allowCors: false, appium:allowInsecure: [], appium:appActivity: com.dbox.dbox_flutter.host...., appium:appPackage: com.dbox.dbox_flutter.host, appium:autoGrantPermissions: true, appium:automationName: Flutter, appium:basePath: , appium:callbackPort: 4723, appium:debugLogSpacing: false, appium:denyInsecure: [], appium:deviceName: SM-515F/DSN, appium:disableWindowAnimation: true, appium:driversImportChunkSize: 3, appium:extraArgs: [], appium:fastReset: true, appium:ignoreHiddenApiPolicyError: true, appium:keepAliveTimeout: 600, appium:localTimezone: false, appium:logFormat: text, appium:logNoColors: false, appium:logTimestamp: false, appium:loglevel: info, appium:longStacktrace: false, appium:newCommandTimeout: 600, appium:noPermsCheck: false, appium:observatoryRetryTimeout: 120000, appium:pluginsImportChunkSize: 7, appium:port: 38084, appium:printPageSourceOnFindFailure: true, appium:relaxedSecurityEnabled: false, appium:requestTimeout: 3600, appium:sessionOverride: true, appium:shutdownTimeout: 5000, appium:skipUninstall: true, appium:strictCaps: false, appium:subcommand: server, appium:tmpDir: C:\Users\SHAIWA~1\AppData\L..., appium:udid: RZ8NA06H1FJ, appium:useDrivers: [], appium:usePlugins: [], appium:waitForQuiescence: false, platformName: ANDROID}
Session ID: 83f12ada-5c8b-453e-a9ae-593e714d01f5
&amp#27;[38;5;110m[83f12ada]&amp#27;[0m&amp#27;[38;5;86m[HTTP]&amp#27;[0m &amp#27;[37m-->&amp#27;[39m &amp#27;[37mPOST&amp#27;[39m &amp#27;[37m/session/83f12ada-5c8b-453e-a9ae-593e714d01f5/execute/sync&amp#27;[39m &amp#27;[90m{"script":"flutter:waitFor","args":[{"element-6066-11e4-a52e-4f735466cecf":"eyJpc1JlZ0V4cCI6ImZhbHNlIiwibGFiZWwiOiJEb3dubG9hZCBGb3JtIDE2IiwiZmluZGVyVHlwZSI6IkJ5U2VtYW50aWNzTGFiZWwifQ=="},2000]}&amp#27;[39m
&amp#27;[38;5;110m[83f12ada]&amp#27;[0m&amp#27;[38;5;86m[HTTP]&amp#27;[0m &amp#27;[37m<-- POST /session/83f12ada-5c8b-453e-a9ae-593e714d01f5/execute/sync &amp#27;[39m&amp#27;[31m500&amp#27;[39m &amp#27;[90m2027 ms - 3352&amp#27;[39m
Element not found within timeout: Cannot execute command waitFor, server response {
  "isError": true,
  "response": "Timeout while executing waitFor: TimeoutException after 0:00:02.000000: Future not completed\n#0      Future.timeout.<anonymous closure> (dart:async/future_impl.dart:1025:22)\n<asynchronous suspension>\n#1      FlutterDriverExtension.call (package:flutter_driver/src/extension/extension.dart:423:31)\n<asynchronous suspension>\n#2      BindingBase.registerServiceExtension.<anonymous closure> (package:flutter/src/foundation/binding.dart:960:18)\n<asynchronous suspension>\n#3      _runExtension.<anonymous closure> (dart:developer-patch/developer.dart:138:13)\n<asynchronous suspension>\n",
  "type": "_extensionType",
  "method": "ext.flutter.driver"
}
Build info: version: '4.13.0', revision: 'ba948ece5b*'
System info: os.name: 'Windows 11', os.arch: 'amd64', os.version: '10.0', java.version: '21.0.11'
[...]
&amp#27;[38;5;110m[83f12ada]&amp#27;[0m&amp#27;[38;5;86m[HTTP]&amp#27;[0m &amp#27;[37m-->&amp#27;[39m &amp#27;[37mPOST&amp#27;[39m &amp#27;[37m/session/83f12ada-5c8b-453e-a9ae-593e714d01f5/execute/sync&amp#27;[39m &amp#27;[90m{"script":"flutter:scrollUntilVisible","args":[{"element-6066-11e4-a52e-4f735466cecf":"eyJmaW5kZXJUeXBlIjoiQnlUeXBlIiwidHlwZSI6IlNpbmdsZUNoaWxkU2Nyb2xsVmlldyJ9"},{"dyScroll":300,"item":{"element-6066-11e4-a52e-4f735466cecf":"eyJrZXlWYWx1ZVR5cGUiOiJTdHJpbmciLCJrZXlWYWx1ZVN0cmluZyI6ImFsdW1uaV9jb21wZW5zYXRpb25faG9tZV9jYXJkX2Zvcm0xNmIiLCJmaW5kZXJUeXBlIjoiQnlWYWx1ZUtleSJ9"},"dxScroll":0,"waitTimeoutMilliseconds":10000}]}&amp#27;[39m
&amp#27;[38;5;86m[HTTP]&amp#27;[0m &amp#27;[37m<-- POST /session/83f12ada-5c8b-453e-a9ae-593e714d01f5/execute/sync &amp#27;[39m&amp#27;[32m-&amp#27;[39m &amp#27;[90m- ms - -&amp#27;[39m
&amp#27;[38;5;110m[83f12ada]&amp#27;[0m&amp#27;[38;5;86m[HTTP]&amp#27;[0m &amp#27;[37m-->&amp#27;[39m &amp#27;[37mPOST&amp#27;[39m &amp#27;[37m/session/83f12ada-5c8b-453e-a9ae-593e714d01f5/execute/sync&amp#27;[39m &amp#27;[90m{"script":"flutter:scrollUntilVisible","args":[{"element-6066-11e4-a52e-4f735466cecf":"eyJmaW5kZXJUeXBlIjoiQnlUeXBlIiwidHlwZSI6IlNpbmdsZUNoaWxkU2Nyb2xsVmlldyJ9"},{"dyScroll":500,"item":{"element-6066-11e4-a52e-4f735466cecf":"eyJrZXlWYWx1ZVR5cGUiOiJTdHJpbmciLCJrZXlWYWx1ZVN0cmluZyI6ImFsdW1uaV9jb21wZW5zYXRpb25faG9tZV9jYXJkX2Zvcm0xNmIiLCJmaW5kZXJUeXBlIjoiQnlWYWx1ZUtleSJ9"},"dxScroll":0,"waitTimeoutMilliseconds":10000}]}&amp#27;[39m
&amp#27;[38;5;86m[HTTP]&amp#27;[0m &amp#27;[37m<-- POST /session/83f12ada-5c8b-453e-a9ae-593e714d01f5/execute/sync &amp#27;[39m&amp#27;[32m-&amp#27;[39m &amp#27;[90m- ms - -&amp#27;[39m
&amp#27;[38;5;110m[83f12ada]&amp#27;[0m&amp#27;[38;5;86m[HTTP]&amp#27;[0m &amp#27;[37m-->&amp#27;[39m &amp#27;[37mPOST&amp#27;[39m &amp#27;[37m/session/83f12ada-5c8b-453e-a9ae-593e714d01f5/execute/sync&amp#27;[39m &amp#27;[90m{"script":"flutter:scrollUntilVisible","args":[{"element-6066-11e4-a52e-4f735466cecf":"eyJmaW5kZXJUeXBlIjoiQnlUeXBlIiwidHlwZSI6IlNpbmdsZUNoaWxkU2Nyb2xsVmlldyJ9"},{"dyScroll":700,"item":{"element-6066-11e4-a52e-4f735466cecf":"eyJrZXlWYWx1ZVR5cGUiOiJTdHJpbmciLCJrZXlWYWx1ZVN0cmluZyI6ImFsdW1uaV9jb21wZW5zYXRpb25faG9tZV9jYXJkX2Zvcm0xNmIiLCJmaW5kZXJUeXBlIjoiQnlWYWx1ZUtleSJ9"},"dxScroll":0,"waitTimeoutMilliseconds":10000}]}&amp#27;[39m
&amp#27;[38;5;86m[HTTP]&amp#27;[0m &amp#27;[37m<-- POST /session/83f12ada-5c8b-453e-a9ae-593e714d01f5/execute/sync &amp#27;[39m&amp#27;[32m-&amp#27;[39m &amp#27;[90m- ms - -&amp#27;[39m
&amp#27;[38;5;110m[83f12ada]&amp#27;[0m&amp#27;[38;5;86m[HTTP]&amp#27;[0m &amp#27;[37m-->&amp#27;[39m &amp#27;[37mPOST&amp#27;[39m &amp#27;[37m/session/83f12ada-5c8b-453e-a9ae-593e714d01f5/execute/sync&amp#27;[39m &amp#27;[90m{"script":"flutter:scrollUntilVisible","args":[{"element-6066-11e4-a52e-4f735466cecf":"eyJmaW5kZXJUeXBlIjoiQnlUeXBlIiwidHlwZSI6Ik5lc3RlZFNjcm9sbFZpZXcifQ=="},{"dyScroll":-300,"item":{"element-6066-11e4-a52e-4f735466cecf":"eyJrZXlWYWx1ZVR5cGUiOiJTdHJpbmciLCJrZXlWYWx1ZVN0cmluZyI6ImFsdW1uaV9jb21wZW5zYXRpb25faG9tZV9jYXJkX2Zvcm0xNmIiLCJmaW5kZXJUeXBlIjoiQnlWYWx1ZUtleSJ9"},"dxScroll":0,"waitTimeoutMilliseconds":10000}]}&amp#27;[39m
&amp#27;[38;5;86m[HTTP]&amp#27;[0m &amp#27;[37m<-- POST /session/83f12ada-5c8b-453e-a9ae-593e714d01f5/execute/sync &amp#27;[39m&amp#27;[32m-&amp#27;[39m &amp#27;[90m- ms - -&amp#27;[39m
&amp#27;[38;5;110m[83f12ada]&amp#27;[0m&amp#27;[38;5;86m[HTTP]&amp#27;[0m &amp#27;[37m-->&amp#27;[39m &amp#27;[37mPOST&amp#27;[39m &amp#27;[37m/session/83f12ada-5c8b-453e-a9ae-593e714d01f5/execute/sync&amp#27;[39m &amp#27;[90m{"script":"flutter:scrollUntilVisible","args":[{"element-6066-11e4-a52e-4f735466cecf":"eyJmaW5kZXJUeXBlIjoiQnlUeXBlIiwidHlwZSI6Ik5lc3RlZFNjcm9sbFZpZXcifQ=="},{"dyScroll":-700,"item":{"element-6066-11e4-a52e-4f735466cecf":"eyJrZXlWYWx1ZVR5cGUiOiJTdHJpbmciLCJrZXlWYWx1ZVN0cmluZyI6ImFsdW1uaV9jb21wZW5zYXRpb25faG9tZV9jYXJkX2Zvcm0xNmIiLCJmaW5kZXJUeXBlIjoiQnlWYWx1ZUtleSJ9"},"dxScroll":0,"waitTimeoutMilliseconds":10000}]}&amp#27;[39m
&amp#27;[38;5;86m[HTTP]&amp#27;[0m &amp#27;[37m<-- POST /session/83f12ada-5c8b-453e-a9ae-593e714d01f5/execute/sync &amp#27;[39m&amp#27;[32m-&amp#27;[39m &amp#27;[90m- ms - -&amp#27;[39m
&amp#27;[38;5;110m[83f12ada]&amp#27;[0m&amp#27;[38;5;86m[HTTP]&amp#27;[0m &amp#27;[37m-->&amp#27;[39m &amp#27;[37mPOST&amp#27;[39m &amp#27;[37m/session/83f12ada-5c8b-453e-a9ae-593e714d01f5/execute/sync&amp#27;[39m &amp#27;[90m{"script":"flutter:scrollUntilVisible","args":[{"element-6066-11e4-a52e-4f735466cecf":"eyJmaW5kZXJUeXBlIjoiQnlUeXBlIiwidHlwZSI6Ik5lc3RlZFNjcm9sbFZpZXcifQ=="},{"dyScroll":300,"item":{"element-6066-11e4-a52e-4f735466cecf":"eyJrZXlWYWx1ZVR5cGUiOiJTdHJpbmciLCJrZXlWYWx1ZVN0cmluZyI6ImFsdW1uaV9jb21wZW5zYXRpb25faG9tZV9jYXJkX2Zvcm0xNmIiLCJmaW5kZXJUeXBlIjoiQnlWYWx1ZUtleSJ9"},"dxScroll":0,"waitTimeoutMilliseconds":10000}]}&amp#27;[39m
&amp#27;[38;5;86m[HTTP]&amp#27;[0m &amp#27;[37m<-- POST /session/83f12ada-5c8b-453e-a9ae-593e714d01f5/execute/sync &amp#27;[39m&amp#27;[32m-&amp#27;[39m &amp#27;[90m- ms - -&amp#27;[39m
&amp#27;[38;5;110m[83f12ada]&amp#27;[0m&amp#27;[38;5;86m[HTTP]&amp#27;[0m &amp#27;[37m-->&amp#27;[39m &amp#27;[37mPOST&amp#27;[39m &amp#27;[37m/session/83f12ada-5c8b-453e-a9ae-593e714d01f5/execute/sync&amp#27;[39m &amp#27;[90m{"script":"flutter:scrollUntilVisible","args":[{"element-6066-11e4-a52e-4f735466cecf":"eyJmaW5kZXJUeXBlIjoiQnlUeXBlIiwidHlwZSI6Ik5lc3RlZFNjcm9sbFZpZXcifQ=="},{"dyScroll":500,"item":{"element-6066-11e4-a52e-4f735466cecf":"eyJrZXlWYWx1ZVR5cGUiOiJTdHJpbmciLCJrZXlWYWx1ZVN0cmluZyI6ImFsdW1uaV9jb21wZW5zYXRpb25faG9tZV9jYXJkX2Zvcm0xNmIiLCJmaW5kZXJUeXBlIjoiQnlWYWx1ZUtleSJ9"},"dxScroll":0,"waitTimeoutMilliseconds":10000}]}&amp#27;[39m
&amp#27;[38;5;86m[HTTP]&amp#27;[0m &amp#27;[37m<-- POST /session/83f12ada-5c8b-453e-a9ae-593e714d01f5/execute/sync &amp#27;[39m&amp#27;[32m-&amp#27;[39m &amp#27;[90m- ms - -&amp#27;[39m
&amp#27;[38;5;110m[83f12ada]&amp#27;[0m&amp#27;[38;5;86m[HTTP]&amp#27;[0m &amp#27;[37m-->&amp#27;[39m &amp#27;[37mPOST&amp#27;[39m &amp#27;[37m/session/83f12ada-5c8b-453e-a9ae-593e714d01f5/execute/sync&amp#27;[39m &amp#27;[90m{"script":"flutter:scrollUntilVisible","args":[{"element-6066-11e4-a52e-4f735466cecf":"eyJmaW5kZXJUeXBlIjoiQnlUeXBlIiwidHlwZSI6Ik5lc3RlZFNjcm9sbFZpZXcifQ=="},{"dyScroll":700,"item":{"element-6066-11e4-a52e-4f735466cecf":"eyJrZXlWYWx1ZVR5cGUiOiJTdHJpbmciLCJrZXlWYWx1ZVN0cmluZyI6ImFsdW1uaV9jb21wZW5zYXRpb25faG9tZV9jYXJkX2Zvcm0xNmIiLCJmaW5kZXJUeXBlIjoiQnlWYWx1ZUtleSJ9"},"dxScroll":0,"waitTimeoutMilliseconds":10000}]}&amp#27;[39m
&amp#27;[38;5;86m[HTTP]&amp#27;[0m &amp#27;[37m<-- POST /session/83f12ada-5c8b-453e-a9ae-593e714d01f5/execute/sync &amp#27;[39m&amp#27;[32m-&amp#27;[39m &amp#27;[90m- ms - -&amp#27;[39m
[WARN] getScreenSizeViaAdb fallback: Index 1 out of bounds for length 1
[WARN] getScreenSizeViaAdb fallback: Index 1 out of bounds for length 1
&amp#27;[38;5;110m[83f12ada]&amp#27;[0m&amp#27;[38;5;86m[HTTP]&amp#27;[0m &amp#27;[37m-->&amp#27;[39m &amp#27;[37mPOST&amp#27;[39m &amp#27;[37m/session/83f12ada-5c8b-453e-a9ae-593e714d01f5/execute/sync&amp#27;[39m &amp#27;[90m{"script":"flutter:waitFor","args":[{"element-6066-11e4-a52e-4f735466cecf":"eyJrZXlWYWx1ZVR5cGUiOiJTdHJpbmciLCJrZXlWYWx1ZVN0cmluZyI6ImFsdW1uaV9jb21wZW5zYXRpb25faG9tZV9jYXJkX2Zvcm0xNmIiLCJmaW5kZXJUeXBlIjoiQnlWYWx1ZUtleSJ9"},2000]}&amp#27;[39m
Element not found within timeout: Error communicating with the remote browser. It may have died.
Build info: version: '4.13.0', revision: 'ba948ece5b*'
System info: os.name: 'Windows 11', os.arch: 'amd64', os.version: '10.0', java.version: '21.0.11'
Driver info: io.appium.java_client.AppiumDriver
Command: [83f12ada-5c8b-453e-a9ae-593e714d01f5, executeScript [script, args]]
Capabilities {appium:address: 127.0.0.1, appium:allowCors: false, appium:allowInsecure: [], appium:appActivity: com.dbox.dbox_flutter.host...., appium:appPackage: com.dbox.dbox_flutter.host, appium:autoGrantPermissions: true, appium:automationName: Flutter, appium:basePath: , appium:callbackPort: 4723, appium:debugLogSpacing: false, appium:denyInsecure: [], appium:deviceName: SM-515F/DSN, appium:disableWindowAnimation: true, appium:driversImportChunkSize: 3, appium:extraArgs: [], appium:fastReset: true, appium:ignoreHiddenApiPolicyError: true, appium:keepAliveTimeout: 600, appium:localTimezone: false, appium:logFormat: text, appium:logNoColors: false, appium:logTimestamp: false, appium:loglevel: info, appium:longStacktrace: false, appium:newCommandTimeout: 600, appium:noPermsCheck: false, appium:observatoryRetryTimeout: 120000, appium:pluginsImportChunkSize: 7, appium:port: 38084, appium:printPageSourceOnFindFailure: true, appium:relaxedSecurityEnabled: false, appium:requestTimeout: 3600, appium:sessionOverride: true, appium:shutdownTimeout: 5000, appium:skipUninstall: true, appium:strictCaps: false, appium:subcommand: server, appium:tmpDir: C:\Users\SHAIWA~1\AppData\L..., appium:udid: RZ8NA06H1FJ, appium:useDrivers: [], appium:usePlugins: [], appium:waitForQuiescence: false, platformName: ANDROID}
Session ID: 83f12ada-5c8b-453e-a9ae-593e714d01f5
&amp#27;[38;5;86m[HTTP]&amp#27;[0m &amp#27;[37m<-- POST /session/83f12ada-5c8b-453e-a9ae-593e714d01f5/execute/sync &amp#27;[39m&amp#27;[32m-&amp#27;[39m &amp#27;[90m- ms - -&amp#27;[39m
[WARN] getScreenSizeViaAdb fallback: Index 1 out of bounds for length 1
[WARN] getScreenSizeViaAdb fallback: Index 1 out of bounds for length 1
&amp#27;[38;5;110m[83f12ada]&amp#27;[0m&amp#27;[38;5;86m[HTTP]&amp#27;[0m &amp#27;[37m-->&amp#27;[39m &amp#27;[37mPOST&amp#27;[39m &amp#27;[37m/session/83f12ada-5c8b-453e-a9ae-593e714d01f5/execute/sync&amp#27;[39m &amp#27;[90m{"script":"flutter:waitFor","args":[{"element-6066-11e4-a52e-4f735466cecf":"eyJrZXlWYWx1ZVR5cGUiOiJTdHJpbmciLCJrZXlWYWx1ZVN0cmluZyI6ImFsdW1uaV9jb21wZW5zYXRpb25faG9tZV9jYXJkX2Zvcm0xNmIiLCJmaW5kZXJUeXBlIjoiQnlWYWx1ZUtleSJ9"},2000]}&amp#27;[39m
Element not found within timeout: Error communicating with the remote browser. It may have died.
Build info: version: '4.13.0', revision: 'ba948ece5b*'
System info: os.name: 'Windows 11', os.arch: 'amd64', os.version: '10.0', java.version: '21.0.11'
Driver info: io.appium.java_client.AppiumDriver
Command: [83f12ada-5c8b-453e-a9ae-593e714d01f5, executeScript [script, args]]
Capabilities {appium:address: 127.0.0.1, appium:allowCors: false, appium:allowInsecure: [], appium:appActivity: com.dbox.dbox_flutter.host...., appium:appPackage: com.dbox.dbox_flutter.host, appium:autoGrantPermissions: true, appium:automationName: Flutter, appium:basePath: , appium:callbackPort: 4723, appium:debugLogSpacing: false, appium:denyInsecure: [], appium:deviceName: SM-515F/DSN, appium:disableWindowAnimation: true, appium:driversImportChunkSize: 3, appium:extraArgs: [], appium:fastReset: true, appium:ignoreHiddenApiPolicyError: true, appium:keepAliveTimeout: 600, appium:localTimezone: false, appium:logFormat: text, appium:logNoColors: false, appium:logTimestamp: false, appium:loglevel: info, appium:longStacktrace: false, appium:newCommandTimeout: 600, appium:noPermsCheck: false, appium:observatoryRetryTimeout: 120000, appium:pluginsImportChunkSize: 7, appium:port: 38084, appium:printPageSourceOnFindFailure: true, appium:relaxedSecurityEnabled: false, appium:requestTimeout: 3600, appium:sessionOverride: true, appium:shutdownTimeout: 5000, appium:skipUninstall: true, appium:strictCaps: false, appium:subcommand: server, appium:tmpDir: C:\Users\SHAIWA~1\AppData\L..., appium:udid: RZ8NA06H1FJ, appium:useDrivers: [], appium:usePlugins: [], appium:waitForQuiescence: false, platformName: ANDROID}
Session ID: 83f12ada-5c8b-453e-a9ae-593e714d01f5
&amp#27;[38;5;86m[HTTP]&amp#27;[0m &amp#27;[37m<-- POST /session/83f12ada-5c8b-453e-a9ae-593e714d01f5/execute/sync &amp#27;[39m&amp#27;[32m-&amp#27;[39m &amp#27;[90m- ms - -&amp#27;[39m
[WARN] getScreenSizeViaAdb fallback: Index 1 out of bounds for length 1
[WARN] getScreenSizeViaAdb fallback: Index 1 out of bounds for length 1
&amp#27;[38;5;110m[83f12ada]&amp#27;[0m&amp#27;[38;5;86m[HTTP]&amp#27;[0m &amp#27;[37m-->&amp#27;[39m &amp#27;[37mPOST&amp#27;[39m &amp#27;[37m/session/83f12ada-5c8b-453e-a9ae-593e714d01f5/execute/sync&amp#27;[39m &amp#27;[90m{"script":"flutter:waitFor","args":[{"element-6066-11e4-a52e-4f735466cecf":"eyJrZXlWYWx1ZVR5cGUiOiJTdHJpbmciLCJrZXlWYWx1ZVN0cmluZyI6ImFsdW1uaV9jb21wZW5zYXRpb25faG9tZV9jYXJkX2Zvcm0xNmIiLCJmaW5kZXJUeXBlIjoiQnlWYWx1ZUtleSJ9"},2000]}&amp#27;[39m
Element not found within timeout: Error communicating with the remote browser. It may have died.
Build info: version: '4.13.0', revision: 'ba948ece5b*'
System info: os.name: 'Windows 11', os.arch: 'amd64', os.version: '10.0', java.version: '21.0.11'
Driver info: io.appium.java_client.AppiumDriver
Command: [83f12ada-5c8b-453e-a9ae-593e714d01f5, executeScript [script, args]]
Capabilities {appium:address: 127.0.0.1, appium:allowCors: false, appium:allowInsecure: [], appium:appActivity: com.dbox.dbox_flutter.host...., appium:appPackage: com.dbox.dbox_flutter.host, appium:autoGrantPermissions: true, appium:automationName: Flutter, appium:basePath: , appium:callbackPort: 4723, appium:debugLogSpacing: false, appium:denyInsecure: [], appium:deviceName: SM-515F/DSN, appium:disableWindowAnimation: true, appium:driversImportChunkSize: 3, appium:extraArgs: [], appium:fastReset: true, appium:ignoreHiddenApiPolicyError: true, appium:keepAliveTimeout: 600, appium:localTimezone: false, appium:logFormat: text, appium:logNoColors: false, appium:logTimestamp: false, appium:loglevel: info, appium:longStacktrace: false, appium:newCommandTimeout: 600, appium:noPermsCheck: false, appium:observatoryRetryTimeout: 120000, appium:pluginsImportChunkSize: 7, appium:port: 38084, appium:printPageSourceOnFindFailure: true, appium:relaxedSecurityEnabled: false, appium:requestTimeout: 3600, appium:sessionOverride: true, appium:shutdownTimeout: 5000, appium:skipUninstall: true, appium:strictCaps: false, appium:subcommand: server, appium:tmpDir: C:\Users\SHAIWA~1\AppData\L..., appium:udid: RZ8NA06H1FJ, appium:useDrivers: [], appium:usePlugins: [], appium:waitForQuiescence: false, platformName: ANDROID}
Session ID: 83f12ada-5c8b-453e-a9ae-593e714d01f5
&amp#27;[38;5;86m[HTTP]&amp#27;[0m &amp#27;[37m<-- POST /session/83f12ada-5c8b-453e-a9ae-593e714d01f5/execute/sync &amp#27;[39m&amp#27;[32m-&amp#27;[39m &amp#27;[90m- ms - -&amp#27;[39m
[WARN] getScreenSizeViaAdb fallback: Index 1 out of bounds for length 1
[WARN] getScreenSizeViaAdb fallback: Index 1 out of bounds for length 1
&amp#27;[38;5;110m[83f12ada]&amp#27;[0m&amp#27;[38;5;86m[HTTP]&amp#27;[0m &amp#27;[37m-->&amp#27;[39m &amp#27;[37mPOST&amp#27;[39m &amp#27;[37m/session/83f12ada-5c8b-453e-a9ae-593e714d01f5/execute/sync&amp#27;[39m &amp#27;[90m{"script":"flutter:waitFor","args":[{"element-6066-11e4-a52e-4f735466cecf":"eyJrZXlWYWx1ZVR5cGUiOiJTdHJpbmciLCJrZXlWYWx1ZVN0cmluZyI6ImFsdW1uaV9jb21wZW5zYXRpb25faG9tZV9jYXJkX2Zvcm0xNmIiLCJmaW5kZXJUeXBlIjoiQnlWYWx1ZUtleSJ9"},2000]}&amp#27;[39m
Element not found within timeout: Error communicating with the remote browser. It may have died.
Build info: version: '4.13.0', revision: 'ba948ece5b*'
System info: os.name: 'Windows 11', os.arch: 'amd64', os.version: '10.0', java.version: '21.0.11'
Driver info: io.appium.java_client.AppiumDriver
Command: [83f12ada-5c8b-453e-a9ae-593e714d01f5, executeScript [script, args]]
Capabilities {appium:address: 127.0.0.1, appium:allowCors: false, appium:allowInsecure: [], appium:appActivity: com.dbox.dbox_flutter.host...., appium:appPackage: com.dbox.dbox_flutter.host, appium:autoGrantPermissions: true, appium:automationName: Flutter, appium:basePath: , appium:callbackPort: 4723, appium:debugLogSpacing: false, appium:denyInsecure: [], appium:deviceName: SM-515F/DSN, appium:disableWindowAnimation: true, appium:driversImportChunkSize: 3, appium:extraArgs: [], appium:fastReset: true, appium:ignoreHiddenApiPolicyError: true, appium:keepAliveTimeout: 600, appium:localTimezone: false, appium:logFormat: text, appium:logNoColors: false, appium:logTimestamp: false, appium:loglevel: info, appium:longStacktrace: false, appium:newCommandTimeout: 600, appium:noPermsCheck: false, appium:observatoryRetryTimeout: 120000, appium:pluginsImportChunkSize: 7, appium:port: 38084, appium:printPageSourceOnFindFailure: true, appium:relaxedSecurityEnabled: false, appium:requestTimeout: 3600, appium:sessionOverride: true, appium:shutdownTimeout: 5000, appium:skipUninstall: true, appium:strictCaps: false, appium:subcommand: server, appium:tmpDir: C:\Users\SHAIWA~1\AppData\L..., appium:udid: RZ8NA06H1FJ, appium:useDrivers: [], appium:usePlugins: [], appium:waitForQuiescence: false, platformName: ANDROID}
Session ID: 83f12ada-5c8b-453e-a9ae-593e714d01f5
[ACTION] clickAction -> {"keyValueType":"String","keyValueString":"alumni_compensation_home_card_form16b","finderType":"ByValueKey"}
&amp#27;[38;5;86m[HTTP]&amp#27;[0m &amp#27;[37m<-- POST /session/83f12ada-5c8b-453e-a9ae-593e714d01f5/execute/sync &amp#27;[39m&amp#27;[32m-&amp#27;[39m &amp#27;[90m- ms - -&amp#27;[39m
&amp#27;[38;5;110m[83f12ada]&amp#27;[0m&amp#27;[38;5;86m[HTTP]&amp#27;[0m &amp#27;[37m-->&amp#27;[39m &amp#27;[37mPOST&amp#27;[39m &amp#27;[37m/session/83f12ada-5c8b-453e-a9ae-593e714d01f5/execute/sync&amp#27;[39m &amp#27;[90m{"script":"flutter:waitFor","args":[{"element-6066-11e4-a52e-4f735466cecf":"eyJrZXlWYWx1ZVR5cGUiOiJTdHJpbmciLCJrZXlWYWx1ZVN0cmluZyI6ImFsdW1uaV9jb21wZW5zYXRpb25faG9tZV9jYXJkX2Zvcm0xNmIiLCJmaW5kZXJUeXBlIjoiQnlWYWx1ZUtleSJ9"},120000]}&amp#27;[39m
&amp#27;[38;5;86m[HTTP]&amp#27;[0m &amp#27;[37m<-- POST /session/83f12ada-5c8b-453e-a9ae-593e714d01f5/execute/sync &amp#27;[39m&amp#27;[32m-&amp#27;[39m &amp#27;[90m- ms - -&amp#27;[39m
Element not found within timeout: java.util.concurrent.TimeoutException
Build info: version: '4.13.0', revision: 'ba948ece5b*'
System info: os.name: 'Windows 11', os.arch: 'amd64', os.version: '10.0', java.version: '21.0.11'
Driver info: io.appium.java_client.AppiumDriver
Command: [83f12ada-5c8b-453e-a9ae-593e714d01f5, executeScript {script=flutter:waitFor, args=[{element-6066-11e4-a52e-4f735466cecf=eyJrZXlWYWx1ZVR5cGUiOiJTdHJpbmciLCJrZXlWYWx1ZVN0cmluZyI6ImFsdW1uaV9jb21wZW5zYXRpb25faG9tZV9jYXJkX2Zvcm0xNmIiLCJmaW5kZXJUeXBlIjoiQnlWYWx1ZUtleSJ9}, 120000]}]
Capabilities {appium:address: 127.0.0.1, appium:allowCors: false, appium:allowInsecure: [], appium:appActivity: com.dbox.dbox_flutter.host...., appium:appPackage: com.dbox.dbox_flutter.host, appium:autoGrantPermissions: true, appium:automationName: Flutter, appium:basePath: , appium:callbackPort: 4723, appium:debugLogSpacing: false, appium:denyInsecure: [], appium:deviceName: SM-515F/DSN, appium:disableWindowAnimation: true, appium:driversImportChunkSize: 3, appium:extraArgs: [], appium:fastReset: true, appium:ignoreHiddenApiPolicyError: true, appium:keepAliveTimeout: 600, appium:localTimezone: false, appium:logFormat: text, appium:logNoColors: false, appium:logTimestamp: false, appium:loglevel: info, appium:longStacktrace: false, appium:newCommandTimeout: 600, appium:noPermsCheck: false, appium:observatoryRetryTimeout: 120000, appium:pluginsImportChunkSize: 7, appium:port: 38084, appium:printPageSourceOnFindFailure: true, appium:relaxedSecurityEnabled: false, appium:requestTimeout: 3600, appium:sessionOverride: true, appium:shutdownTimeout: 5000, appium:skipUninstall: true, appium:strictCaps: false, appium:subcommand: server, appium:tmpDir: C:\Users\SHAIWA~1\AppData\L..., appium:udid: RZ8NA06H1FJ, appium:useDrivers: [], appium:usePlugins: [], appium:waitForQuiescence: false, platformName: ANDROID}
Session ID: 83f12ada-5c8b-453e-a9ae-593e714d01f5
]]></system-out>
    <system-err><![CDATA[SLF4J: No SLF4J providers were found.
SLF4J: Defaulting to no-operation (NOP) logger implementation
SLF4J: See https://www.slf4j.org/codes.html#noProviders for further details.
]]></system-err>
  </testcase>
</testsuite>