<?xml version="1.0" encoding="UTF-8"?>
<testsuite xmlns:xsi="http://www.w3.org/2001/XMLSchema-instance" xsi:noNamespaceSchemaLocation="https://maven.apache.org/surefire/maven-surefire-plugin/xsd/surefire-test-report-3.0.xsd" version="3.0" name="com.tests.modules.taskbox.TaskboxBulkActionFunctional" time="78.903" tests="1" errors="0" skipped="0" failures="0">
  <properties>
[...]
</properties>
  <testcase name="verifySelectedCountUpdatesInRealTime[{Steps=1. [Both] Select card 1 ? verify &apos;1 selected&apos;\r 2. [Both] Select card 2 ? verify &apos;2 selected&apos;\r 3. [Both] Deselect card 1 ? verify &apos;1 selected&apos;, CategoryId=leave_task, Category=edge_case, ExecutionType=Regression, Precondition=1. Manager in bulk-select mode with 5 visible cards, TestCaseId=MOBILE-9181-TC-035, TestCaseName=Selected count label updates in real-time on each checkbox toggle, TestMethod=verifySelectedCountUpdatesInRealTime, DefaultCategoryId=leave_task, Groups=[&quot;regression&quot;,&quot;taskbox-bulk-action&quot;], ExpectedToastPattern=requests approved, CategorySlug=leave_requests, CategoryTileKey=taskbox_category_leave_requests, RequestTypeScreenKey=taskbox_request_type_leave_requests_screen, tenant=mobile14.qa.darwinbox.io, Password=Mobile@1234, BulkActionCount=2, detailWaitSeconds=20, listWaitSeconds=30, Priority=medium, BulkComment=Approved via automation, ExpectedOutcome=Selected count indicator updates in real-time per PRD., SelectedCount=1, CommentSetting=Optional, Employee=manager02, bulkModeWaitSeconds=15, RunMode=Yes, TestCaseType=edge_case, AutomationTargets=taskbox_bulk_selected_count_label; taskbox_bulk_card_checkbox_{taskId}, TestCaseDescription=Selected count indicator updates in real-time per PRD.}](1)" classname="com.tests.modules.taskbox.TaskboxBulkActionFunctional" time="33.064">
    <system-out><![CDATA[WARN Appium Appium encountered 2 warnings while validating drivers found in manifest C:\Users\ShaiwalSingh\.appium\node_modules\.cache\appium\extensions.yaml
WARN Appium Driver "flutter" has 1 potential problem: 
WARN Appium   - Driver "flutter" (package `appium-flutter-driver`) may be incompatible with the current version of Appium (v3.3.0) due to its peer dependency on Appium ^2.4.1. Please install a compatible version of the driver.
&amp#27;[38;5;112m[Appium]&amp#27;[0m Welcome to Appium v3.3.0 (REV e53969d3703c04863a444bab9c41b1e6ccac4834)
&amp#27;[38;5;112m[Appium]&amp#27;[0m Non-default server args:
&amp#27;[38;5;112m[Appium]&amp#27;[0m { address: &amp#27;[32m'127.0.0.1'&amp#27;[39m, loglevel: &amp#27;[32m'info'&amp#27;[39m, port: &amp#27;[33m28985&amp#27;[39m, sessionOverride: &amp#27;[33mtrue&amp#27;[39m }
&amp#27;[38;5;112m[Appium]&amp#27;[0m Attempting to load driver uiautomator2...
&amp#27;[38;5;112m[Appium]&amp#27;[0m Attempting to load driver flutter...
&amp#27;[38;5;112m[Appium]&amp#27;[0m Appium REST http interface listener started on http://127.0.0.1:28985
&amp#27;[38;5;112m[Appium]&amp#27;[0m Available drivers:
&amp#27;[38;5;112m[Appium]&amp#27;[0m   - uiautomator2@4.2.8 (automationName 'UiAutomator2')
&amp#27;[38;5;112m[Appium]&amp#27;[0m   - flutter@2.19.0 (automationName 'Flutter')
&amp#27;[38;5;112m[Appium]&amp#27;[0m No plugins have been installed. Use the "appium plugin" command to install the one(s) you want to use.
&amp#27;[38;5;86m[HTTP]&amp#27;[0m &amp#27;[37m-->&amp#27;[39m &amp#27;[37mGET&amp#27;[39m &amp#27;[37m/status&amp#27;[39m 
&amp#27;[38;5;86m[HTTP]&amp#27;[0m <-- GET /status 200 3 ms - 199
&amp#27;[38;5;86m[HTTP]&amp#27;[0m &amp#27;[37m-->&amp#27;[39m &amp#27;[37mGET&amp#27;[39m &amp#27;[37m/status&amp#27;[39m 
&amp#27;[38;5;86m[HTTP]&amp#27;[0m <-- GET /status 200 1 ms - 199
&amp#27;[38;5;86m[HTTP]&amp#27;[0m &amp#27;[37m-->&amp#27;[39m &amp#27;[37mGET&amp#27;[39m &amp#27;[37m/status&amp#27;[39m 
&amp#27;[38;5;86m[HTTP]&amp#27;[0m <-- GET /status 200 2 ms - 199
&amp#27;[38;5;86m[HTTP]&amp#27;[0m &amp#27;[37m-->&amp#27;[39m &amp#27;[37mPOST&amp#27;[39m &amp#27;[37m/session&amp#27;[39m {"capabilities":{"firstMatch":[{}],"alwaysMatch":{"appium:adbExecTimeout":120000,"appium:appActivity":"com.dbox.dbox_flutter.host.MainActivity","appium:appPackage":"com.dbox.dbox_flutter.host","appium:autoGrantPermissions":true,"appium:automationName":"Flutter","appium:deviceName":"SM-515F/DSN","appium:disableWindowAnimation":true,"appium:fullReset":false,"appium:ignoreHiddenApiPolicyError":true,"appium:newCommandTimeout":600,"appium:noReset":true,"appium:observatoryRetryTimeout":120000,"appium:printPageSourceOnFindFailure":true,"appium:skipDeviceInitialization":false,"appium:skipServerInstallation":false,"appium:udid":"RZ8NA06H1FJ","appium:uiautomator2ServerInstallTimeout":60000,"appium:uiautomator2ServerLaunchTimeout":60000,"appium:waitForQuiescence":false,"platformName":"ANDROID"}}}
&amp#27;[38;5;112m[Appium]&amp#27;[0m Attempting to find matching driver for automationName 'Flutter' and platformName 'ANDROID'
&amp#27;[38;5;112m[Appium]&amp#27;[0m The 'flutter' driver was installed and matched caps.
&amp#27;[38;5;112m[Appium]&amp#27;[0m Will require it at C:\Users\ShaiwalSingh\.appium\node_modules\appium-flutter-driver
&amp#27;[38;5;31m[AppiumDriver@71e0]&amp#27;[0m Appium v3.3.0 creating new FlutterDriver (v2.19.0) session
&amp#27;[38;5;31m[AppiumDriver@71e0]&amp#27;[0m Checking BaseDriver versions for Appium and FlutterDriver
&amp#27;[38;5;31m[AppiumDriver@71e0]&amp#27;[0m Appium's BaseDriver version is 10.3.0
&amp#27;[38;5;31m[AppiumDriver@71e0]&amp#27;[0m FlutterDriver's BaseDriver version is 10.3.0
&amp#27;[38;5;78m[FlutterDriver@f857]&amp#27;[0m The following provided capabilities were not recognized by this driver:
&amp#27;[38;5;78m[FlutterDriver@f857]&amp#27;[0m   adbExecTimeout
&amp#27;[38;5;78m[FlutterDriver@f857]&amp#27;[0m   appActivity
&amp#27;[38;5;78m[FlutterDriver@f857]&amp#27;[0m   appPackage
&amp#27;[38;5;78m[FlutterDriver@f857]&amp#27;[0m   autoGrantPermissions
&amp#27;[38;5;78m[FlutterDriver@f857]&amp#27;[0m   deviceName
&amp#27;[38;5;78m[FlutterDriver@f857]&amp#27;[0m   disableWindowAnimation
&amp#27;[38;5;78m[FlutterDriver@f857]&amp#27;[0m   ignoreHiddenApiPolicyError
&amp#27;[38;5;78m[FlutterDriver@f857]&amp#27;[0m   observatoryRetryTimeout
&amp#27;[38;5;78m[FlutterDriver@f857]&amp#27;[0m   skipDeviceInitialization
&amp#27;[38;5;78m[FlutterDriver@f857]&amp#27;[0m   skipServerInstallation
&amp#27;[38;5;78m[FlutterDriver@f857]&amp#27;[0m   uiautomator2ServerInstallTimeout
&amp#27;[38;5;78m[FlutterDriver@f857]&amp#27;[0m   uiautomator2ServerLaunchTimeout
&amp#27;[38;5;78m[FlutterDriver@f857]&amp#27;[0m   waitForQuiescence
&amp#27;[38;5;149m[b27cf6e0]&amp#27;[0m&amp#27;[38;5;78m[FlutterDriver@f857]&amp#27;[0m Session created with session id: b27cf6e0-fb68-426a-90ee-2cfdd1c6269b
&amp#27;[38;5;149m[b27cf6e0]&amp#27;[0m&amp#27;[38;5;78m[FlutterDriver@f857]&amp#27;[0m Starting an Android proxy session
&amp#27;[38;5;149m[b27cf6e0]&amp#27;[0m&amp#27;[38;5;-21m[AndroidUiautomator2Driver@a269]&amp#27;[0m The following provided capabilities were not recognized by this driver:
&amp#27;[38;5;149m[b27cf6e0]&amp#27;[0m&amp#27;[38;5;-21m[AndroidUiautomator2Driver@a269]&amp#27;[0m   observatoryRetryTimeout
&amp#27;[38;5;149m[b27cf6e0]&amp#27;[0m&amp#27;[38;5;-21m[AndroidUiautomator2Driver@a269]&amp#27;[0m   waitForQuiescence
&amp#27;[38;5;67m[b4b585d3]&amp#27;[0m&amp#27;[38;5;-21m[AndroidUiautomator2Driver@a269]&amp#27;[0m Session created with session id: b4b585d3-0a98-4866-ac17-c20eb3da491b
&amp#27;[38;5;67m[b4b585d3]&amp#27;[0m&amp#27;[38;5;229m[ADB]&amp#27;[0m Found 1 'build-tools' folders under 'C:\Users\ShaiwalSingh\AppData\Local\Android\Sdk' (newest first):
&amp#27;[38;5;67m[b4b585d3]&amp#27;[0m&amp#27;[38;5;229m[ADB]&amp#27;[0m     C:\Users\ShaiwalSingh\AppData\Local\Android\Sdk\build-tools\34.0.0
&amp#27;[38;5;67m[b4b585d3]&amp#27;[0m&amp#27;[38;5;229m[ADB]&amp#27;[0m Using 'adb.exe' from 'C:\Users\ShaiwalSingh\AppData\Local\Android\Sdk\platform-tools\adb.exe'
&amp#27;[38;5;67m[b4b585d3]&amp#27;[0m&amp#27;[38;5;-21m[AndroidUiautomator2Driver@a269]&amp#27;[0m Retrieving device list
&amp#27;[38;5;67m[b4b585d3]&amp#27;[0m&amp#27;[38;5;-21m[AndroidUiautomator2Driver@a269]&amp#27;[0m Using device: RZ8NA06H1FJ
&amp#27;[38;5;67m[b4b585d3]&amp#27;[0m&amp#27;[38;5;229m[ADB]&amp#27;[0m Using 'adb.exe' from 'C:\Users\ShaiwalSingh\AppData\Local\Android\Sdk\platform-tools\adb.exe'
&amp#27;[38;5;67m[b4b585d3]&amp#27;[0m&amp#27;[38;5;-21m[AndroidUiautomator2Driver@a269]&amp#27;[0m Starting 'com.dbox.dbox_flutter.host' directly on the device
&amp#27;[38;5;67m[b4b585d3]&amp#27;[0m&amp#27;[38;5;229m[ADB]&amp#27;[0m Getting device platform version
&amp#27;[38;5;67m[b4b585d3]&amp#27;[0m&amp#27;[38;5;-21m[AndroidUiautomator2Driver@a269]&amp#27;[0m Relaxing hidden api policy
&amp#27;[38;5;67m[b4b585d3]&amp#27;[0m&amp#27;[38;5;229m[ADB]&amp#27;[0m Using 'aapt2.exe' from 'C:\Users\ShaiwalSingh\AppData\Local\Android\Sdk\build-tools\34.0.0\aapt2.exe'
&amp#27;[38;5;67m[b4b585d3]&amp#27;[0m&amp#27;[38;5;-21m[AndroidUiautomator2Driver@a269]&amp#27;[0m Server packages are not going to be (re)installed
&amp#27;[38;5;67m[b4b585d3]&amp#27;[0m&amp#27;[38;5;229m[ADB]&amp#27;[0m Adding packages ["io.appium.settings","io.appium.uiautomator2.server","io.appium.uiautomator2.server.test"] to Doze whitelist
&amp#27;[38;5;67m[b4b585d3]&amp#27;[0m&amp#27;[38;5;-21m[AndroidUiautomator2Driver@a269]&amp#27;[0m Starting UIAutomator2 server 7.7.1
&amp#27;[38;5;67m[b4b585d3]&amp#27;[0m&amp#27;[38;5;-21m[AndroidUiautomator2Driver@a269]&amp#27;[0m Using UIAutomator2 server from 'C:\Users\ShaiwalSingh\.appium\node_modules\appium-flutter-driver\node_modules\appium-uiautomator2-driver\node_modules\appium-uiautomator2-server\apks\appium-uiautomator2-server-v7.7.1.apk' and test from 'C:\Users\ShaiwalSingh\.appium\node_modules\appium-flutter-driver\node_modules\appium-uiautomator2-driver\node_modules\appium-uiautomator2-server\apks\appium-uiautomator2-server-debug-androidTest.apk'
&amp#27;[38;5;67m[b4b585d3]&amp#27;[0m&amp#27;[38;5;-21m[AndroidUiautomator2Driver@a269]&amp#27;[0m Waiting up to 60000ms for UiAutomator2 to be online...
&amp#27;[38;5;67m[b4b585d3]&amp#27;[0m&amp#27;[38;5;-21m[AndroidUiautomator2Driver@a269]&amp#27;[0m socket hang up
&amp#27;[38;5;67m[b4b585d3]&amp#27;[0m&amp#27;[38;5;-21m[AndroidUiautomator2Driver@a269]&amp#27;[0m socket hang up
&amp#27;[38;5;67m[b4b585d3]&amp#27;[0m&amp#27;[38;5;-21m[AndroidUiautomator2Driver@a269]&amp#27;[0m Determined the downstream protocol as 'W3C'
&amp#27;[38;5;67m[b4b585d3]&amp#27;[0m&amp#27;[38;5;-21m[AndroidUiautomator2Driver@a269]&amp#27;[0m Screen already unlocked, doing nothing
&amp#27;[38;5;67m[b4b585d3]&amp#27;[0m&amp#27;[38;5;-21m[AndroidUiautomator2Driver@a269]&amp#27;[0m Starting 'com.dbox.dbox_flutter.host/com.dbox.dbox_flutter.host.MainActivity' and waiting for 'com.dbox.dbox_flutter.host/com.dbox.dbox_flutter.host.MainActivity'
&amp#27;[38;5;67m[b4b585d3]&amp#27;[0m&amp#27;[38;5;78m[FlutterDriver@f857]&amp#27;[0m Connecting to Dart Observatory: ws://127.0.0.1:33791/tX3BGc5_ZxY=/ws
&amp#27;[38;5;67m[b4b585d3]&amp#27;[0m&amp#27;[38;5;78m[FlutterDriver@f857]&amp#27;[0m Listing all isolates: [{"type":"@Isolate","id":"isolates/8540068621975727","name":"main","number":"8540068621975727","isSystemIsolate":false,"isolateGroupId":"isolateGroups/7465858355952601"}]
&amp#27;[38;5;67m[b4b585d3]&amp#27;[0m&amp#27;[38;5;31m[AppiumDriver@71e0]&amp#27;[0m New FlutterDriver session created successfully, session b27cf6e0-fb68-426a-90ee-2cfdd1c6269b added to master session list
&amp#27;[38;5;67m[b4b585d3]&amp#27;[0m&amp#27;[38;5;86m[HTTP]&amp#27;[0m <-- POST /session 200 18674 ms - 1338
&amp#27;[38;5;149m[b27cf6e0]&amp#27;[0m&amp#27;[38;5;86m[HTTP]&amp#27;[0m &amp#27;[37m-->&amp#27;[39m &amp#27;[37mPOST&amp#27;[39m &amp#27;[37m/session/b27cf6e0-fb68-426a-90ee-2cfdd1c6269b/timeouts&amp#27;[39m {"implicit":10000}
&amp#27;[38;5;149m[b27cf6e0]&amp#27;[0m&amp#27;[38;5;86m[HTTP]&amp#27;[0m <-- POST /session/b27cf6e0-fb68-426a-90ee-2cfdd1c6269b/timeouts 200 2 ms - 14
&amp#27;[38;5;149m[b27cf6e0]&amp#27;[0m&amp#27;[38;5;86m[HTTP]&amp#27;[0m &amp#27;[37m-->&amp#27;[39m &amp#27;[37mPOST&amp#27;[39m &amp#27;[37m/session/b27cf6e0-fb68-426a-90ee-2cfdd1c6269b/execute/sync&amp#27;[39m {"script":"flutter:waitFor","args":[{"element-6066-11e4-a52e-4f735466cecf":"eyJrZXlWYWx1ZVR5cGUiOiJTdHJpbmciLCJrZXlWYWx1ZVN0cmluZyI6InVybCB0ZXh0Ym94IiwiZmluZGVyVHlwZSI6IkJ5VmFsdWVLZXkifQ=="},20000]}
&amp#27;[38;5;149m[b27cf6e0]&amp#27;[0m&amp#27;[38;5;86m[HTTP]&amp#27;[0m <-- POST /session/b27cf6e0-fb68-426a-90ee-2cfdd1c6269b/execute/sync 200 108 ms - 289
&amp#27;[38;5;149m[b27cf6e0]&amp#27;[0m&amp#27;[38;5;86m[HTTP]&amp#27;[0m &amp#27;[37m-->&amp#27;[39m &amp#27;[37mPOST&amp#27;[39m &amp#27;[37m/session/b27cf6e0-fb68-426a-90ee-2cfdd1c6269b/execute/sync&amp#27;[39m {"script":"flutter:waitFor","args":[{"element-6066-11e4-a52e-4f735466cecf":"eyJrZXlWYWx1ZVR5cGUiOiJTdHJpbmciLCJrZXlWYWx1ZVN0cmluZyI6InVybCB0ZXh0Ym94IiwiZmluZGVyVHlwZSI6IkJ5VmFsdWVLZXkifQ=="},10000]}
&amp#27;[38;5;149m[b27cf6e0]&amp#27;[0m&amp#27;[38;5;86m[HTTP]&amp#27;[0m <-- POST /session/b27cf6e0-fb68-426a-90ee-2cfdd1c6269b/execute/sync 200 14 ms - 289
[WAIT] waitForElementPresence -> {"keyValueType":"String","keyValueString":"url textbox","finderType":"ByValueKey"}
&amp#27;[38;5;149m[b27cf6e0]&amp#27;[0m&amp#27;[38;5;86m[HTTP]&amp#27;[0m &amp#27;[37m-->&amp#27;[39m &amp#27;[37mPOST&amp#27;[39m &amp#27;[37m/session/b27cf6e0-fb68-426a-90ee-2cfdd1c6269b/execute/sync&amp#27;[39m {"script":"flutter:waitFor","args":[{"element-6066-11e4-a52e-4f735466cecf":"eyJrZXlWYWx1ZVR5cGUiOiJTdHJpbmciLCJrZXlWYWx1ZVN0cmluZyI6InVybCB0ZXh0Ym94IiwiZmluZGVyVHlwZSI6IkJ5VmFsdWVLZXkifQ=="},30000]}
&amp#27;[38;5;149m[b27cf6e0]&amp#27;[0m&amp#27;[38;5;86m[HTTP]&amp#27;[0m <-- POST /session/b27cf6e0-fb68-426a-90ee-2cfdd1c6269b/execute/sync 200 15 ms - 289
&amp#27;[38;5;149m[b27cf6e0]&amp#27;[0m&amp#27;[38;5;86m[HTTP]&amp#27;[0m &amp#27;[37m-->&amp#27;[39m &amp#27;[37mPOST&amp#27;[39m &amp#27;[37m/session/b27cf6e0-fb68-426a-90ee-2cfdd1c6269b/element/eyJrZXlWYWx1ZVR5cGUiOiJTdHJpbmciLCJrZXlWYWx1ZVN0cmluZyI6InVybCB0ZXh0Ym94IiwiZmluZGVyVHlwZSI6IkJ5VmFsdWVLZXkifQ%3D%3D/clear&amp#27;[39m {"id":"eyJrZXlWYWx1ZVR5cGUiOiJTdHJpbmciLCJrZXlWYWx1ZVN0cmluZyI6InVybCB0ZXh0Ym94IiwiZmluZGVyVHlwZSI6IkJ5VmFsdWVLZXkifQ=="}
&amp#27;[38;5;149m[b27cf6e0]&amp#27;[0m&amp#27;[38;5;86m[HTTP]&amp#27;[0m <-- POST /session/b27cf6e0-fb68-426a-90ee-2cfdd1c6269b/element/eyJrZXlWYWx1ZVR5cGUiOiJTdHJpbmciLCJrZXlWYWx1ZVN0cmluZyI6InVybCB0ZXh0Ym94IiwiZmluZGVyVHlwZSI6IkJ5VmFsdWVLZXkifQ%3D%3D/clear 200 753 ms - 14
[ACTION] clickAction -> {"keyValueType":"String","keyValueString":"url textbox","finderType":"ByValueKey"}
&amp#27;[38;5;149m[b27cf6e0]&amp#27;[0m&amp#27;[38;5;86m[HTTP]&amp#27;[0m &amp#27;[37m-->&amp#27;[39m &amp#27;[37mPOST&amp#27;[39m &amp#27;[37m/session/b27cf6e0-fb68-426a-90ee-2cfdd1c6269b/execute/sync&amp#27;[39m {"script":"flutter:waitFor","args":[{"element-6066-11e4-a52e-4f735466cecf":"eyJrZXlWYWx1ZVR5cGUiOiJTdHJpbmciLCJrZXlWYWx1ZVN0cmluZyI6InVybCB0ZXh0Ym94IiwiZmluZGVyVHlwZSI6IkJ5VmFsdWVLZXkifQ=="},120000]}
&amp#27;[38;5;149m[b27cf6e0]&amp#27;[0m&amp#27;[38;5;86m[HTTP]&amp#27;[0m <-- POST /session/b27cf6e0-fb68-426a-90ee-2cfdd1c6269b/execute/sync 200 100 ms - 289
&amp#27;[38;5;149m[b27cf6e0]&amp#27;[0m&amp#27;[38;5;86m[HTTP]&amp#27;[0m &amp#27;[37m-->&amp#27;[39m &amp#27;[37mPOST&amp#27;[39m &amp#27;[37m/session/b27cf6e0-fb68-426a-90ee-2cfdd1c6269b/element/eyJrZXlWYWx1ZVR5cGUiOiJTdHJpbmciLCJrZXlWYWx1ZVN0cmluZyI6InVybCB0ZXh0Ym94IiwiZmluZGVyVHlwZSI6IkJ5VmFsdWVLZXkifQ%3D%3D/click&amp#27;[39m {"id":"eyJrZXlWYWx1ZVR5cGUiOiJTdHJpbmciLCJrZXlWYWx1ZVN0cmluZyI6InVybCB0ZXh0Ym94IiwiZmluZGVyVHlwZSI6IkJ5VmFsdWVLZXkifQ=="}
&amp#27;[38;5;149m[b27cf6e0]&amp#27;[0m&amp#27;[38;5;86m[HTTP]&amp#27;[0m <-- POST /session/b27cf6e0-fb68-426a-90ee-2cfdd1c6269b/element/eyJrZXlWYWx1ZVR5cGUiOiJTdHJpbmciLCJrZXlWYWx1ZVN0cmluZyI6InVybCB0ZXh0Ym94IiwiZmluZGVyVHlwZSI6IkJ5VmFsdWVLZXkifQ%3D%3D/click 200 53 ms - 12
&amp#27;[38;5;149m[b27cf6e0]&amp#27;[0m&amp#27;[38;5;86m[HTTP]&amp#27;[0m &amp#27;[37m-->&amp#27;[39m &amp#27;[37mPOST&amp#27;[39m &amp#27;[37m/session/b27cf6e0-fb68-426a-90ee-2cfdd1c6269b/execute/sync&amp#27;[39m {"script":"flutter:enterText","args":["mobile14.qa.darwinbox.io"]}
&amp#27;[38;5;149m[b27cf6e0]&amp#27;[0m&amp#27;[38;5;86m[HTTP]&amp#27;[0m <-- POST /session/b27cf6e0-fb68-426a-90ee-2cfdd1c6269b/execute/sync 200 30 ms - 95
&amp#27;[38;5;149m[b27cf6e0]&amp#27;[0m&amp#27;[38;5;86m[HTTP]&amp#27;[0m &amp#27;[37m-->&amp#27;[39m &amp#27;[37mPOST&amp#27;[39m &amp#27;[37m/session/b27cf6e0-fb68-426a-90ee-2cfdd1c6269b/execute/sync&amp#27;[39m {"script":"flutter:waitFor","args":[{"element-6066-11e4-a52e-4f735466cecf":"eyJrZXlWYWx1ZVR5cGUiOiJTdHJpbmciLCJrZXlWYWx1ZVN0cmluZyI6InVzZXJuYW1lIGJveCIsImZpbmRlclR5cGUiOiJCeVZhbHVlS2V5In0="},10000]}
&amp#27;[38;5;149m[b27cf6e0]&amp#27;[0m&amp#27;[38;5;86m[HTTP]&amp#27;[0m <-- POST /session/b27cf6e0-fb68-426a-90ee-2cfdd1c6269b/execute/sync 200 47 ms - 289
[WAIT] waitForElementPresence -> {"keyValueType":"String","keyValueString":"username box","finderType":"ByValueKey"}
&amp#27;[38;5;149m[b27cf6e0]&amp#27;[0m&amp#27;[38;5;86m[HTTP]&amp#27;[0m &amp#27;[37m-->&amp#27;[39m &amp#27;[37mPOST&amp#27;[39m &amp#27;[37m/session/b27cf6e0-fb68-426a-90ee-2cfdd1c6269b/execute/sync&amp#27;[39m {"script":"flutter:waitFor","args":[{"element-6066-11e4-a52e-4f735466cecf":"eyJrZXlWYWx1ZVR5cGUiOiJTdHJpbmciLCJrZXlWYWx1ZVN0cmluZyI6InVzZXJuYW1lIGJveCIsImZpbmRlclR5cGUiOiJCeVZhbHVlS2V5In0="},30000]}
&amp#27;[38;5;149m[b27cf6e0]&amp#27;[0m&amp#27;[38;5;86m[HTTP]&amp#27;[0m <-- POST /session/b27cf6e0-fb68-426a-90ee-2cfdd1c6269b/execute/sync 200 13 ms - 289
&amp#27;[38;5;149m[b27cf6e0]&amp#27;[0m&amp#27;[38;5;86m[HTTP]&amp#27;[0m &amp#27;[37m-->&amp#27;[39m &amp#27;[37mPOST&amp#27;[39m &amp#27;[37m/session/b27cf6e0-fb68-426a-90ee-2cfdd1c6269b/element/eyJrZXlWYWx1ZVR5cGUiOiJTdHJpbmciLCJrZXlWYWx1ZVN0cmluZyI6InVzZXJuYW1lIGJveCIsImZpbmRlclR5cGUiOiJCeVZhbHVlS2V5In0%3D/clear&amp#27;[39m {"id":"eyJrZXlWYWx1ZVR5cGUiOiJTdHJpbmciLCJrZXlWYWx1ZVN0cmluZyI6InVzZXJuYW1lIGJveCIsImZpbmRlclR5cGUiOiJCeVZhbHVlS2V5In0="}
&amp#27;[38;5;149m[b27cf6e0]&amp#27;[0m&amp#27;[38;5;86m[HTTP]&amp#27;[0m <-- POST /session/b27cf6e0-fb68-426a-90ee-2cfdd1c6269b/element/eyJrZXlWYWx1ZVR5cGUiOiJTdHJpbmciLCJrZXlWYWx1ZVN0cmluZyI6InVzZXJuYW1lIGJveCIsImZpbmRlclR5cGUiOiJCeVZhbHVlS2V5In0%3D/clear 200 185 ms - 14
[ACTION] clickAction -> {"keyValueType":"String","keyValueString":"username box","finderType":"ByValueKey"}
&amp#27;[38;5;149m[b27cf6e0]&amp#27;[0m&amp#27;[38;5;86m[HTTP]&amp#27;[0m &amp#27;[37m-->&amp#27;[39m &amp#27;[37mPOST&amp#27;[39m &amp#27;[37m/session/b27cf6e0-fb68-426a-90ee-2cfdd1c6269b/execute/sync&amp#27;[39m {"script":"flutter:waitFor","args":[{"element-6066-11e4-a52e-4f735466cecf":"eyJrZXlWYWx1ZVR5cGUiOiJTdHJpbmciLCJrZXlWYWx1ZVN0cmluZyI6InVzZXJuYW1lIGJveCIsImZpbmRlclR5cGUiOiJCeVZhbHVlS2V5In0="},120000]}
&amp#27;[38;5;149m[b27cf6e0]&amp#27;[0m&amp#27;[38;5;86m[HTTP]&amp#27;[0m <-- POST /session/b27cf6e0-fb68-426a-90ee-2cfdd1c6269b/execute/sync 200 23 ms - 289
&amp#27;[38;5;149m[b27cf6e0]&amp#27;[0m&amp#27;[38;5;86m[HTTP]&amp#27;[0m &amp#27;[37m-->&amp#27;[39m &amp#27;[37mPOST&amp#27;[39m &amp#27;[37m/session/b27cf6e0-fb68-426a-90ee-2cfdd1c6269b/element/eyJrZXlWYWx1ZVR5cGUiOiJTdHJpbmciLCJrZXlWYWx1ZVN0cmluZyI6InVzZXJuYW1lIGJveCIsImZpbmRlclR5cGUiOiJCeVZhbHVlS2V5In0%3D/click&amp#27;[39m {"id":"eyJrZXlWYWx1ZVR5cGUiOiJTdHJpbmciLCJrZXlWYWx1ZVN0cmluZyI6InVzZXJuYW1lIGJveCIsImZpbmRlclR5cGUiOiJCeVZhbHVlS2V5In0="}
&amp#27;[38;5;149m[b27cf6e0]&amp#27;[0m&amp#27;[38;5;86m[HTTP]&amp#27;[0m <-- POST /session/b27cf6e0-fb68-426a-90ee-2cfdd1c6269b/element/eyJrZXlWYWx1ZVR5cGUiOiJTdHJpbmciLCJrZXlWYWx1ZVN0cmluZyI6InVzZXJuYW1lIGJveCIsImZpbmRlclR5cGUiOiJCeVZhbHVlS2V5In0%3D/click 200 52 ms - 12
&amp#27;[38;5;149m[b27cf6e0]&amp#27;[0m&amp#27;[38;5;86m[HTTP]&amp#27;[0m &amp#27;[37m-->&amp#27;[39m &amp#27;[37mPOST&amp#27;[39m &amp#27;[37m/session/b27cf6e0-fb68-426a-90ee-2cfdd1c6269b/execute/sync&amp#27;[39m {"script":"flutter:enterText","args":["manager02"]}
&amp#27;[38;5;149m[b27cf6e0]&amp#27;[0m&amp#27;[38;5;86m[HTTP]&amp#27;[0m <-- POST /session/b27cf6e0-fb68-426a-90ee-2cfdd1c6269b/execute/sync 200 73 ms - 95
&amp#27;[38;5;149m[b27cf6e0]&amp#27;[0m&amp#27;[38;5;86m[HTTP]&amp#27;[0m &amp#27;[37m-->&amp#27;[39m &amp#27;[37mPOST&amp#27;[39m &amp#27;[37m/session/b27cf6e0-fb68-426a-90ee-2cfdd1c6269b/execute/sync&amp#27;[39m {"script":"flutter:waitFor","args":[{"element-6066-11e4-a52e-4f735466cecf":"eyJrZXlWYWx1ZVR5cGUiOiJTdHJpbmciLCJrZXlWYWx1ZVN0cmluZyI6InBhc3N3b3JkIGJveCIsImZpbmRlclR5cGUiOiJCeVZhbHVlS2V5In0="},10000]}
&amp#27;[38;5;149m[b27cf6e0]&amp#27;[0m&amp#27;[38;5;86m[HTTP]&amp#27;[0m <-- POST /session/b27cf6e0-fb68-426a-90ee-2cfdd1c6269b/execute/sync 200 70 ms - 289
[WAIT] waitForElementPresence -> {"keyValueType":"String","keyValueString":"password box","finderType":"ByValueKey"}
&amp#27;[38;5;149m[b27cf6e0]&amp#27;[0m&amp#27;[38;5;86m[HTTP]&amp#27;[0m &amp#27;[37m-->&amp#27;[39m &amp#27;[37mPOST&amp#27;[39m &amp#27;[37m/session/b27cf6e0-fb68-426a-90ee-2cfdd1c6269b/execute/sync&amp#27;[39m {"script":"flutter:waitFor","args":[{"element-6066-11e4-a52e-4f735466cecf":"eyJrZXlWYWx1ZVR5cGUiOiJTdHJpbmciLCJrZXlWYWx1ZVN0cmluZyI6InBhc3N3b3JkIGJveCIsImZpbmRlclR5cGUiOiJCeVZhbHVlS2V5In0="},30000]}
&amp#27;[38;5;149m[b27cf6e0]&amp#27;[0m&amp#27;[38;5;86m[HTTP]&amp#27;[0m <-- POST /session/b27cf6e0-fb68-426a-90ee-2cfdd1c6269b/execute/sync 200 15 ms - 289
&amp#27;[38;5;149m[b27cf6e0]&amp#27;[0m&amp#27;[38;5;86m[HTTP]&amp#27;[0m &amp#27;[37m-->&amp#27;[39m &amp#27;[37mPOST&amp#27;[39m &amp#27;[37m/session/b27cf6e0-fb68-426a-90ee-2cfdd1c6269b/element/eyJrZXlWYWx1ZVR5cGUiOiJTdHJpbmciLCJrZXlWYWx1ZVN0cmluZyI6InBhc3N3b3JkIGJveCIsImZpbmRlclR5cGUiOiJCeVZhbHVlS2V5In0%3D/clear&amp#27;[39m {"id":"eyJrZXlWYWx1ZVR5cGUiOiJTdHJpbmciLCJrZXlWYWx1ZVN0cmluZyI6InBhc3N3b3JkIGJveCIsImZpbmRlclR5cGUiOiJCeVZhbHVlS2V5In0="}
&amp#27;[38;5;149m[b27cf6e0]&amp#27;[0m&amp#27;[38;5;86m[HTTP]&amp#27;[0m <-- POST /session/b27cf6e0-fb68-426a-90ee-2cfdd1c6269b/element/eyJrZXlWYWx1ZVR5cGUiOiJTdHJpbmciLCJrZXlWYWx1ZVN0cmluZyI6InBhc3N3b3JkIGJveCIsImZpbmRlclR5cGUiOiJCeVZhbHVlS2V5In0%3D/clear 200 123 ms - 14
[ACTION] clickAction -> {"keyValueType":"String","keyValueString":"password box","finderType":"ByValueKey"}
&amp#27;[38;5;149m[b27cf6e0]&amp#27;[0m&amp#27;[38;5;86m[HTTP]&amp#27;[0m &amp#27;[37m-->&amp#27;[39m &amp#27;[37mPOST&amp#27;[39m &amp#27;[37m/session/b27cf6e0-fb68-426a-90ee-2cfdd1c6269b/execute/sync&amp#27;[39m {"script":"flutter:waitFor","args":[{"element-6066-11e4-a52e-4f735466cecf":"eyJrZXlWYWx1ZVR5cGUiOiJTdHJpbmciLCJrZXlWYWx1ZVN0cmluZyI6InBhc3N3b3JkIGJveCIsImZpbmRlclR5cGUiOiJCeVZhbHVlS2V5In0="},120000]}
&amp#27;[38;5;149m[b27cf6e0]&amp#27;[0m&amp#27;[38;5;86m[HTTP]&amp#27;[0m <-- POST /session/b27cf6e0-fb68-426a-90ee-2cfdd1c6269b/execute/sync 200 27 ms - 289
&amp#27;[38;5;149m[b27cf6e0]&amp#27;[0m&amp#27;[38;5;86m[HTTP]&amp#27;[0m &amp#27;[37m-->&amp#27;[39m &amp#27;[37mPOST&amp#27;[39m &amp#27;[37m/session/b27cf6e0-fb68-426a-90ee-2cfdd1c6269b/element/eyJrZXlWYWx1ZVR5cGUiOiJTdHJpbmciLCJrZXlWYWx1ZVN0cmluZyI6InBhc3N3b3JkIGJveCIsImZpbmRlclR5cGUiOiJCeVZhbHVlS2V5In0%3D/click&amp#27;[39m {"id":"eyJrZXlWYWx1ZVR5cGUiOiJTdHJpbmciLCJrZXlWYWx1ZVN0cmluZyI6InBhc3N3b3JkIGJveCIsImZpbmRlclR5cGUiOiJCeVZhbHVlS2V5In0="}
&amp#27;[38;5;149m[b27cf6e0]&amp#27;[0m&amp#27;[38;5;86m[HTTP]&amp#27;[0m <-- POST /session/b27cf6e0-fb68-426a-90ee-2cfdd1c6269b/element/eyJrZXlWYWx1ZVR5cGUiOiJTdHJpbmciLCJrZXlWYWx1ZVN0cmluZyI6InBhc3N3b3JkIGJveCIsImZpbmRlclR5cGUiOiJCeVZhbHVlS2V5In0%3D/click 200 36 ms - 12
&amp#27;[38;5;149m[b27cf6e0]&amp#27;[0m&amp#27;[38;5;86m[HTTP]&amp#27;[0m &amp#27;[37m-->&amp#27;[39m &amp#27;[37mPOST&amp#27;[39m &amp#27;[37m/session/b27cf6e0-fb68-426a-90ee-2cfdd1c6269b/execute/sync&amp#27;[39m {"script":"flutter:enterText","args":["Mobile@1234"]}
&amp#27;[38;5;149m[b27cf6e0]&amp#27;[0m&amp#27;[38;5;86m[HTTP]&amp#27;[0m <-- POST /session/b27cf6e0-fb68-426a-90ee-2cfdd1c6269b/execute/sync 200 40 ms - 95
[ACTION] clickAction -> {"keyValueType":"String","keyValueString":"Submit","finderType":"ByValueKey"}
&amp#27;[38;5;149m[b27cf6e0]&amp#27;[0m&amp#27;[38;5;86m[HTTP]&amp#27;[0m &amp#27;[37m-->&amp#27;[39m &amp#27;[37mPOST&amp#27;[39m &amp#27;[37m/session/b27cf6e0-fb68-426a-90ee-2cfdd1c6269b/execute/sync&amp#27;[39m {"script":"flutter:waitFor","args":[{"element-6066-11e4-a52e-4f735466cecf":"eyJrZXlWYWx1ZVR5cGUiOiJTdHJpbmciLCJrZXlWYWx1ZVN0cmluZyI6IlN1Ym1pdCIsImZpbmRlclR5cGUiOiJCeVZhbHVlS2V5In0="},120000]}
&amp#27;[38;5;149m[b27cf6e0]&amp#27;[0m&amp#27;[38;5;86m[HTTP]&amp#27;[0m <-- POST /session/b27cf6e0-fb68-426a-90ee-2cfdd1c6269b/execute/sync 200 73 ms - 273
&amp#27;[38;5;149m[b27cf6e0]&amp#27;[0m&amp#27;[38;5;86m[HTTP]&amp#27;[0m &amp#27;[37m-->&amp#27;[39m &amp#27;[37mPOST&amp#27;[39m &amp#27;[37m/session/b27cf6e0-fb68-426a-90ee-2cfdd1c6269b/element/eyJrZXlWYWx1ZVR5cGUiOiJTdHJpbmciLCJrZXlWYWx1ZVN0cmluZyI6IlN1Ym1pdCIsImZpbmRlclR5cGUiOiJCeVZhbHVlS2V5In0%3D/click&amp#27;[39m {"id":"eyJrZXlWYWx1ZVR5cGUiOiJTdHJpbmciLCJrZXlWYWx1ZVN0cmluZyI6IlN1Ym1pdCIsImZpbmRlclR5cGUiOiJCeVZhbHVlS2V5In0="}
&amp#27;[38;5;149m[b27cf6e0]&amp#27;[0m&amp#27;[38;5;86m[HTTP]&amp#27;[0m <-- POST /session/b27cf6e0-fb68-426a-90ee-2cfdd1c6269b/element/eyJrZXlWYWx1ZVR5cGUiOiJTdHJpbmciLCJrZXlWYWx1ZVN0cmluZyI6IlN1Ym1pdCIsImZpbmRlclR5cGUiOiJCeVZhbHVlS2V5In0%3D/click 200 88 ms - 12
&amp#27;[38;5;149m[b27cf6e0]&amp#27;[0m&amp#27;[38;5;86m[HTTP]&amp#27;[0m &amp#27;[37m-->&amp#27;[39m &amp#27;[37mPOST&amp#27;[39m &amp#27;[37m/session/b27cf6e0-fb68-426a-90ee-2cfdd1c6269b/execute/sync&amp#27;[39m {"script":"flutter:waitFor","args":[{"element-6066-11e4-a52e-4f735466cecf":"eyJrZXlWYWx1ZVR5cGUiOiJTdHJpbmciLCJrZXlWYWx1ZVN0cmluZyI6ImhvbWVfdGFza2JveF9lbnRyeSIsImZpbmRlclR5cGUiOiJCeVZhbHVlS2V5In0="},60000]}
&amp#27;[38;5;149m[b27cf6e0]&amp#27;[0m&amp#27;[38;5;86m[HTTP]&amp#27;[0m <-- POST /session/b27cf6e0-fb68-426a-90ee-2cfdd1c6269b/execute/sync 200 11373 ms - 305
&amp#27;[38;5;149m[b27cf6e0]&amp#27;[0m&amp#27;[38;5;86m[HTTP]&amp#27;[0m &amp#27;[37m-->&amp#27;[39m &amp#27;[37mPOST&amp#27;[39m &amp#27;[37m/session/b27cf6e0-fb68-426a-90ee-2cfdd1c6269b/execute/sync&amp#27;[39m {"script":"flutter:waitFor","args":[{"element-6066-11e4-a52e-4f735466cecf":"eyJrZXlWYWx1ZVR5cGUiOiJTdHJpbmciLCJrZXlWYWx1ZVN0cmluZyI6ImhvbWVfdGFza2JveF9lbnRyeSIsImZpbmRlclR5cGUiOiJCeVZhbHVlS2V5In0="},60000]}
&amp#27;[38;5;149m[b27cf6e0]&amp#27;[0m&amp#27;[38;5;86m[HTTP]&amp#27;[0m <-- POST /session/b27cf6e0-fb68-426a-90ee-2cfdd1c6269b/execute/sync 200 14 ms - 305
[CHECK] home_taskbox_entry IS visible on dashboard
&amp#27;[38;5;149m[b27cf6e0]&amp#27;[0m&amp#27;[38;5;86m[HTTP]&amp#27;[0m &amp#27;[37m-->&amp#27;[39m &amp#27;[37mPOST&amp#27;[39m &amp#27;[37m/session/b27cf6e0-fb68-426a-90ee-2cfdd1c6269b/execute/sync&amp#27;[39m {"script":"flutter:getOffset","args":[{"element-6066-11e4-a52e-4f735466cecf":"eyJrZXlWYWx1ZVR5cGUiOiJTdHJpbmciLCJrZXlWYWx1ZVN0cmluZyI6ImhvbWVfdGFza2JveF9lbnRyeSIsImZpbmRlclR5cGUiOiJCeVZhbHVlS2V5In0="},{"offsetType":"center"}]}
&amp#27;[38;5;149m[b27cf6e0]&amp#27;[0m&amp#27;[38;5;86m[HTTP]&amp#27;[0m <-- POST /session/b27cf6e0-fb68-426a-90ee-2cfdd1c6269b/execute/sync 200 25 ms - 57
[CHECK] flutter:getOffset center={dx=127.86445899114362, dy=814.859940549047}
[CHECK] Scaled tap logical=(128,815) dpr=2.625 physical=(336,2139)
&amp#27;[38;5;149m[b27cf6e0]&amp#27;[0m&amp#27;[38;5;86m[HTTP]&amp#27;[0m &amp#27;[37m-->&amp#27;[39m &amp#27;[37mPOST&amp#27;[39m &amp#27;[37m/session/b27cf6e0-fb68-426a-90ee-2cfdd1c6269b/execute/sync&amp#27;[39m {"script":"flutter:waitFor","args":[{"element-6066-11e4-a52e-4f735466cecf":"eyJrZXlWYWx1ZVR5cGUiOiJTdHJpbmciLCJrZXlWYWx1ZVN0cmluZyI6InRhc2tib3hfY2F0ZWdvcnlfbGVhdmVfcmVxdWVzdHMiLCJmaW5kZXJUeXBlIjoiQnlWYWx1ZUtleSJ9"},12000]}
&amp#27;[38;5;149m[b27cf6e0]&amp#27;[0m&amp#27;[38;5;86m[HTTP]&amp#27;[0m <-- POST /session/b27cf6e0-fb68-426a-90ee-2cfdd1c6269b/execute/sync 200 17 ms - 337
&amp#27;[38;5;149m[b27cf6e0]&amp#27;[0m&amp#27;[38;5;86m[HTTP]&amp#27;[0m &amp#27;[37m-->&amp#27;[39m &amp#27;[37mPOST&amp#27;[39m &amp#27;[37m/session/b27cf6e0-fb68-426a-90ee-2cfdd1c6269b/execute/sync&amp#27;[39m {"script":"flutter:waitFor","args":[{"element-6066-11e4-a52e-4f735466cecf":"eyJrZXlWYWx1ZVR5cGUiOiJTdHJpbmciLCJrZXlWYWx1ZVN0cmluZyI6InRhc2tib3hfY2F0ZWdvcnlfbGVhdmVfcmVxdWVzdHMiLCJmaW5kZXJUeXBlIjoiQnlWYWx1ZUtleSJ9"},20000]}
&amp#27;[38;5;149m[b27cf6e0]&amp#27;[0m&amp#27;[38;5;86m[HTTP]&amp#27;[0m <-- POST /session/b27cf6e0-fb68-426a-90ee-2cfdd1c6269b/execute/sync 200 16 ms - 337
&amp#27;[38;5;149m[b27cf6e0]&amp#27;[0m&amp#27;[38;5;86m[HTTP]&amp#27;[0m &amp#27;[37m-->&amp#27;[39m &amp#27;[37mPOST&amp#27;[39m &amp#27;[37m/session/b27cf6e0-fb68-426a-90ee-2cfdd1c6269b/execute/sync&amp#27;[39m {"script":"flutter:waitFor","args":[{"element-6066-11e4-a52e-4f735466cecf":"eyJrZXlWYWx1ZVR5cGUiOiJTdHJpbmciLCJrZXlWYWx1ZVN0cmluZyI6InRhc2tib3hfY2F0ZWdvcnlfbGVhdmVfcmVxdWVzdHMiLCJmaW5kZXJUeXBlIjoiQnlWYWx1ZUtleSJ9"},25000]}
&amp#27;[38;5;149m[b27cf6e0]&amp#27;[0m&amp#27;[38;5;86m[HTTP]&amp#27;[0m <-- POST /session/b27cf6e0-fb68-426a-90ee-2cfdd1c6269b/execute/sync 200 16 ms - 337
[CHECK] Taskbox opened — taskbox_category_leave_requests visible
[ACTION] clickAction -> {"keyValueType":"String","keyValueString":"taskbox_category_leave_requests","finderType":"ByValueKey"}
&amp#27;[38;5;149m[b27cf6e0]&amp#27;[0m&amp#27;[38;5;86m[HTTP]&amp#27;[0m &amp#27;[37m-->&amp#27;[39m &amp#27;[37mPOST&amp#27;[39m &amp#27;[37m/session/b27cf6e0-fb68-426a-90ee-2cfdd1c6269b/execute/sync&amp#27;[39m {"script":"flutter:waitFor","args":[{"element-6066-11e4-a52e-4f735466cecf":"eyJrZXlWYWx1ZVR5cGUiOiJTdHJpbmciLCJrZXlWYWx1ZVN0cmluZyI6InRhc2tib3hfY2F0ZWdvcnlfbGVhdmVfcmVxdWVzdHMiLCJmaW5kZXJUeXBlIjoiQnlWYWx1ZUtleSJ9"},120000]}
&amp#27;[38;5;149m[b27cf6e0]&amp#27;[0m&amp#27;[38;5;86m[HTTP]&amp#27;[0m <-- POST /session/b27cf6e0-fb68-426a-90ee-2cfdd1c6269b/execute/sync 200 15 ms - 337
&amp#27;[38;5;149m[b27cf6e0]&amp#27;[0m&amp#27;[38;5;86m[HTTP]&amp#27;[0m &amp#27;[37m-->&amp#27;[39m &amp#27;[37mPOST&amp#27;[39m &amp#27;[37m/session/b27cf6e0-fb68-426a-90ee-2cfdd1c6269b/element/eyJrZXlWYWx1ZVR5cGUiOiJTdHJpbmciLCJrZXlWYWx1ZVN0cmluZyI6InRhc2tib3hfY2F0ZWdvcnlfbGVhdmVfcmVxdWVzdHMiLCJmaW5kZXJUeXBlIjoiQnlWYWx1ZUtleSJ9/click&amp#27;[39m {"id":"eyJrZXlWYWx1ZVR5cGUiOiJTdHJpbmciLCJrZXlWYWx1ZVN0cmluZyI6InRhc2tib3hfY2F0ZWdvcnlfbGVhdmVfcmVxdWVzdHMiLCJmaW5kZXJUeXBlIjoiQnlWYWx1ZUtleSJ9"}
&amp#27;[38;5;149m[b27cf6e0]&amp#27;[0m&amp#27;[38;5;86m[HTTP]&amp#27;[0m <-- POST /session/b27cf6e0-fb68-426a-90ee-2cfdd1c6269b/element/eyJrZXlWYWx1ZVR5cGUiOiJTdHJpbmciLCJrZXlWYWx1ZVN0cmluZyI6InRhc2tib3hfY2F0ZWdvcnlfbGVhdmVfcmVxdWVzdHMiLCJmaW5kZXJUeXBlIjoiQnlWYWx1ZUtleSJ9/click 200 145 ms - 12
&amp#27;[38;5;149m[b27cf6e0]&amp#27;[0m&amp#27;[38;5;86m[HTTP]&amp#27;[0m &amp#27;[37m-->&amp#27;[39m &amp#27;[37mPOST&amp#27;[39m &amp#27;[37m/session/b27cf6e0-fb68-426a-90ee-2cfdd1c6269b/execute/sync&amp#27;[39m {"script":"flutter:waitFor","args":[{"element-6066-11e4-a52e-4f735466cecf":"eyJrZXlWYWx1ZVR5cGUiOiJTdHJpbmciLCJrZXlWYWx1ZVN0cmluZyI6InRhc2tib3hfcmVxdWVzdF90eXBlX2xlYXZlX3JlcXVlc3RzX3NjcmVlbiIsImZpbmRlclR5cGUiOiJCeVZhbHVlS2V5In0="},30000]}
&amp#27;[38;5;149m[b27cf6e0]&amp#27;[0m&amp#27;[38;5;86m[HTTP]&amp#27;[0m <-- POST /session/b27cf6e0-fb68-426a-90ee-2cfdd1c6269b/execute/sync 200 2008 ms - 369
&amp#27;[38;5;149m[b27cf6e0]&amp#27;[0m&amp#27;[38;5;86m[HTTP]&amp#27;[0m &amp#27;[37m-->&amp#27;[39m &amp#27;[37mPOST&amp#27;[39m &amp#27;[37m/session/b27cf6e0-fb68-426a-90ee-2cfdd1c6269b/execute/sync&amp#27;[39m {"script":"flutter:waitFor","args":[{"element-6066-11e4-a52e-4f735466cecf":"eyJrZXlWYWx1ZVR5cGUiOiJTdHJpbmciLCJrZXlWYWx1ZVN0cmluZyI6InRhc2tib3hfcmVxdWVzdF9saXN0IiwiZmluZGVyVHlwZSI6IkJ5VmFsdWVLZXkifQ=="},30000]}
&amp#27;[38;5;149m[b27cf6e0]&amp#27;[0m&amp#27;[38;5;86m[HTTP]&amp#27;[0m <-- POST /session/b27cf6e0-fb68-426a-90ee-2cfdd1c6269b/execute/sync 200 11 ms - 313
[ACTION] clickAction -> {"keyValueType":"String","keyValueString":"taskbox_bulk_select_app_bar_cta","finderType":"ByValueKey"}
&amp#27;[38;5;149m[b27cf6e0]&amp#27;[0m&amp#27;[38;5;86m[HTTP]&amp#27;[0m &amp#27;[37m-->&amp#27;[39m &amp#27;[37mPOST&amp#27;[39m &amp#27;[37m/session/b27cf6e0-fb68-426a-90ee-2cfdd1c6269b/execute/sync&amp#27;[39m {"script":"flutter:waitFor","args":[{"element-6066-11e4-a52e-4f735466cecf":"eyJrZXlWYWx1ZVR5cGUiOiJTdHJpbmciLCJrZXlWYWx1ZVN0cmluZyI6InRhc2tib3hfYnVsa19zZWxlY3RfYXBwX2Jhcl9jdGEiLCJmaW5kZXJUeXBlIjoiQnlWYWx1ZUtleSJ9"},120000]}
&amp#27;[38;5;149m[b27cf6e0]&amp#27;[0m&amp#27;[38;5;86m[HTTP]&amp#27;[0m <-- POST /session/b27cf6e0-fb68-426a-90ee-2cfdd1c6269b/execute/sync 200 13 ms - 337
&amp#27;[38;5;149m[b27cf6e0]&amp#27;[0m&amp#27;[38;5;86m[HTTP]&amp#27;[0m &amp#27;[37m-->&amp#27;[39m &amp#27;[37mPOST&amp#27;[39m &amp#27;[37m/session/b27cf6e0-fb68-426a-90ee-2cfdd1c6269b/element/eyJrZXlWYWx1ZVR5cGUiOiJTdHJpbmciLCJrZXlWYWx1ZVN0cmluZyI6InRhc2tib3hfYnVsa19zZWxlY3RfYXBwX2Jhcl9jdGEiLCJmaW5kZXJUeXBlIjoiQnlWYWx1ZUtleSJ9/click&amp#27;[39m {"id":"eyJrZXlWYWx1ZVR5cGUiOiJTdHJpbmciLCJrZXlWYWx1ZVN0cmluZyI6InRhc2tib3hfYnVsa19zZWxlY3RfYXBwX2Jhcl9jdGEiLCJmaW5kZXJUeXBlIjoiQnlWYWx1ZUtleSJ9"}
&amp#27;[38;5;149m[b27cf6e0]&amp#27;[0m&amp#27;[38;5;86m[HTTP]&amp#27;[0m <-- POST /session/b27cf6e0-fb68-426a-90ee-2cfdd1c6269b/element/eyJrZXlWYWx1ZVR5cGUiOiJTdHJpbmciLCJrZXlWYWx1ZVN0cmluZyI6InRhc2tib3hfYnVsa19zZWxlY3RfYXBwX2Jhcl9jdGEiLCJmaW5kZXJUeXBlIjoiQnlWYWx1ZUtleSJ9/click 200 71 ms - 12
&amp#27;[38;5;149m[b27cf6e0]&amp#27;[0m&amp#27;[38;5;86m[HTTP]&amp#27;[0m &amp#27;[37m-->&amp#27;[39m &amp#27;[37mPOST&amp#27;[39m &amp#27;[37m/session/b27cf6e0-fb68-426a-90ee-2cfdd1c6269b/execute/sync&amp#27;[39m {"script":"flutter:waitFor","args":[{"element-6066-11e4-a52e-4f735466cecf":"eyJrZXlWYWx1ZVR5cGUiOiJTdHJpbmciLCJrZXlWYWx1ZVN0cmluZyI6InRhc2tib3hfYnVsa19zZWxlY3RfbW9kZV9jb250YWluZXIiLCJmaW5kZXJUeXBlIjoiQnlWYWx1ZUtleSJ9"},15000]}
&amp#27;[38;5;149m[b27cf6e0]&amp#27;[0m&amp#27;[38;5;86m[HTTP]&amp#27;[0m <-- POST /session/b27cf6e0-fb68-426a-90ee-2cfdd1c6269b/execute/sync 200 395 ms - 345
&amp#27;[38;5;149m[b27cf6e0]&amp#27;[0m&amp#27;[38;5;86m[HTTP]&amp#27;[0m &amp#27;[37m-->&amp#27;[39m &amp#27;[37mPOST&amp#27;[39m &amp#27;[37m/session/b27cf6e0-fb68-426a-90ee-2cfdd1c6269b/execute/sync&amp#27;[39m {"script":"flutter:waitFor","args":[{"element-6066-11e4-a52e-4f735466cecf":"eyJrZXlWYWx1ZVR5cGUiOiJTdHJpbmciLCJrZXlWYWx1ZVN0cmluZyI6InRhc2tib3hfYnVsa19wZW5kb19mcmUiLCJmaW5kZXJUeXBlIjoiQnlWYWx1ZUtleSJ9"},3000]}
&amp#27;[38;5;149m[b27cf6e0]&amp#27;[0m&amp#27;[38;5;86m[HTTP]&amp#27;[0m <-- POST /session/b27cf6e0-fb68-426a-90ee-2cfdd1c6269b/execute/sync 500 3112 ms - 3352
Element not found within timeout: Cannot execute command waitFor, server response {
  "isError": true,
  "response": "Timeout while executing waitFor: TimeoutException after 0:00:03.000000: Future not completed\n#0      Future.timeout.<anonymous closure> (dart:async/future_impl.dart:1025:22)\n<asynchronous suspension>\n#1      FlutterDriverExtension.call (package:flutter_driver/src/extension/extension.dart:423:31)\n<asynchronous suspension>\n#2      BindingBase.registerServiceExtension.<anonymous closure> (package:flutter/src/foundation/binding.dart:960:18)\n<asynchronous suspension>\n#3      _runExtension.<anonymous closure> (dart:developer-patch/developer.dart:138:13)\n<asynchronous suspension>\n",
  "type": "_extensionType",
  "method": "ext.flutter.driver"
}
Build info: version: '4.13.0', revision: 'ba948ece5b*'
System info: os.name: 'Windows 11', os.arch: 'amd64', os.version: '10.0', java.version: '21.0.11'
Driver info: io.appium.java_client.AppiumDriver
Command: [b27cf6e0-fb68-426a-90ee-2cfdd1c6269b, executeScript {script=flutter:waitFor, args=[{element-6066-11e4-a52e-4f735466cecf=eyJrZXlWYWx1ZVR5cGUiOiJTdHJpbmciLCJrZXlWYWx1ZVN0cmluZyI6InRhc2tib3hfYnVsa19wZW5kb19mcmUiLCJmaW5kZXJUeXBlIjoiQnlWYWx1ZUtleSJ9}, 3000]}]
Capabilities {appium:adbExecTimeout: 120000, appium:address: 127.0.0.1, appium:allowCors: false, appium:allowInsecure: [], appium:appActivity: com.dbox.dbox_flutter.host...., appium:appPackage: com.dbox.dbox_flutter.host, appium:autoGrantPermissions: true, appium:automationName: Flutter, appium:basePath: , appium:callbackPort: 4723, appium:debugLogSpacing: false, appium:denyInsecure: [], appium:deviceName: SM-515F/DSN, appium:disableWindowAnimation: true, appium:driversImportChunkSize: 3, appium:extraArgs: [], appium:fastReset: false, appium:fullReset: false, appium:ignoreHiddenApiPolicyError: true, appium:keepAliveTimeout: 600, appium:localTimezone: false, appium:logFormat: text, appium:logNoColors: false, appium:logTimestamp: false, appium:loglevel: info, appium:longStacktrace: false, appium:newCommandTimeout: 600, appium:noPermsCheck: false, appium:noReset: true, appium:observatoryRetryTimeout: 120000, appium:pluginsImportChunkSize: 7, appium:port: 28985, appium:printPageSourceOnFindFailure: true, appium:relaxedSecurityEnabled: false, appium:requestTimeout: 3600, appium:sessionOverride: true, appium:shutdownTimeout: 5000, appium:skipDeviceInitialization: false, appium:skipServerInstallation: false, appium:skipUninstall: true, appium:strictCaps: false, appium:subcommand: server, appium:tmpDir: C:\Users\SHAIWA~1\AppData\L..., appium:udid: RZ8NA06H1FJ, appium:uiautomator2ServerInstallTimeout: 60000, appium:uiautomator2ServerLaunchTimeout: 60000, appium:useDrivers: [], appium:usePlugins: [], appium:waitForQuiescence: false, platformName: ANDROID}
Session ID: b27cf6e0-fb68-426a-90ee-2cfdd1c6269b
&amp#27;[38;5;149m[b27cf6e0]&amp#27;[0m&amp#27;[38;5;86m[HTTP]&amp#27;[0m &amp#27;[37m-->&amp#27;[39m &amp#27;[37mPOST&amp#27;[39m &amp#27;[37m/session/b27cf6e0-fb68-426a-90ee-2cfdd1c6269b/execute/sync&amp#27;[39m {"script":"flutter:getRenderTree","args":[]}
&amp#27;[38;5;149m[b27cf6e0]&amp#27;[0m&amp#27;[38;5;86m[HTTP]&amp#27;[0m <-- POST /session/b27cf6e0-fb68-426a-90ee-2cfdd1c6269b/execute/sync 200 3068 ms - 5060204
[CHECK] Discovered taskbox_task_card_ ids=[a6a68f827aad64181752795, a6a68f81d422c2189272528]
[CHECK] tapBulkCardCheckbox id=a6a68f827aad64181752795
[ACTION] clickAction -> {"keyValueType":"String","keyValueString":"taskbox_bulk_card_checkbox_a6a68f827aad64181752795","finderType":"ByValueKey"}
&amp#27;[38;5;149m[b27cf6e0]&amp#27;[0m&amp#27;[38;5;86m[HTTP]&amp#27;[0m &amp#27;[37m-->&amp#27;[39m &amp#27;[37mPOST&amp#27;[39m &amp#27;[37m/session/b27cf6e0-fb68-426a-90ee-2cfdd1c6269b/execute/sync&amp#27;[39m {"script":"flutter:waitFor","args":[{"element-6066-11e4-a52e-4f735466cecf":"eyJrZXlWYWx1ZVR5cGUiOiJTdHJpbmciLCJrZXlWYWx1ZVN0cmluZyI6InRhc2tib3hfYnVsa19jYXJkX2NoZWNrYm94X2E2YTY4ZjgyN2FhZDY0MTgxNzUyNzk1IiwiZmluZGVyVHlwZSI6IkJ5VmFsdWVLZXkifQ=="},120000]}
&amp#27;[38;5;149m[b27cf6e0]&amp#27;[0m&amp#27;[38;5;86m[HTTP]&amp#27;[0m <-- POST /session/b27cf6e0-fb68-426a-90ee-2cfdd1c6269b/execute/sync 200 13 ms - 393
&amp#27;[38;5;149m[b27cf6e0]&amp#27;[0m&amp#27;[38;5;86m[HTTP]&amp#27;[0m &amp#27;[37m-->&amp#27;[39m &amp#27;[37mPOST&amp#27;[39m &amp#27;[37m/session/b27cf6e0-fb68-426a-90ee-2cfdd1c6269b/element/eyJrZXlWYWx1ZVR5cGUiOiJTdHJpbmciLCJrZXlWYWx1ZVN0cmluZyI6InRhc2tib3hfYnVsa19jYXJkX2NoZWNrYm94X2E2YTY4ZjgyN2FhZDY0MTgxNzUyNzk1IiwiZmluZGVyVHlwZSI6IkJ5VmFsdWVLZXkifQ%3D%3D/click&amp#27;[39m {"id":"eyJrZXlWYWx1ZVR5cGUiOiJTdHJpbmciLCJrZXlWYWx1ZVN0cmluZyI6InRhc2tib3hfYnVsa19jYXJkX2NoZWNrYm94X2E2YTY4ZjgyN2FhZDY0MTgxNzUyNzk1IiwiZmluZGVyVHlwZSI6IkJ5VmFsdWVLZXkifQ=="}
&amp#27;[38;5;149m[b27cf6e0]&amp#27;[0m&amp#27;[38;5;86m[HTTP]&amp#27;[0m <-- POST /session/b27cf6e0-fb68-426a-90ee-2cfdd1c6269b/element/eyJrZXlWYWx1ZVR5cGUiOiJTdHJpbmciLCJrZXlWYWx1ZVN0cmluZyI6InRhc2tib3hfYnVsa19jYXJkX2NoZWNrYm94X2E2YTY4ZjgyN2FhZDY0MTgxNzUyNzk1IiwiZmluZGVyVHlwZSI6IkJ5VmFsdWVLZXkifQ%3D%3D/click 200 55 ms - 12
&amp#27;[38;5;149m[b27cf6e0]&amp#27;[0m&amp#27;[38;5;86m[HTTP]&amp#27;[0m &amp#27;[37m-->&amp#27;[39m &amp#27;[37mPOST&amp#27;[39m &amp#27;[37m/session/b27cf6e0-fb68-426a-90ee-2cfdd1c6269b/execute/sync&amp#27;[39m {"script":"flutter:waitFor","args":[{"element-6066-11e4-a52e-4f735466cecf":"eyJrZXlWYWx1ZVR5cGUiOiJTdHJpbmciLCJrZXlWYWx1ZVN0cmluZyI6InRhc2tib3hfYnVsa19zZWxlY3RlZF9jb3VudF9sYWJlbCIsImZpbmRlclR5cGUiOiJCeVZhbHVlS2V5In0="},15000]}
&amp#27;[38;5;149m[b27cf6e0]&amp#27;[0m&amp#27;[38;5;86m[HTTP]&amp#27;[0m <-- POST /session/b27cf6e0-fb68-426a-90ee-2cfdd1c6269b/execute/sync 200 125 ms - 345
&amp#27;[38;5;149m[b27cf6e0]&amp#27;[0m&amp#27;[38;5;86m[HTTP]&amp#27;[0m &amp#27;[37m-->&amp#27;[39m &amp#27;[37mPOST&amp#27;[39m &amp#27;[37m/session/b27cf6e0-fb68-426a-90ee-2cfdd1c6269b/execute/sync&amp#27;[39m {"script":"flutter:getText","args":[{"element-6066-11e4-a52e-4f735466cecf":"eyJrZXlWYWx1ZVR5cGUiOiJTdHJpbmciLCJrZXlWYWx1ZVN0cmluZyI6InRhc2tib3hfYnVsa19zZWxlY3RlZF9jb3VudF9sYWJlbCIsImZpbmRlclR5cGUiOiJCeVZhbHVlS2V5In0="}]}
&amp#27;[38;5;149m[b27cf6e0]&amp#27;[0m&amp#27;[38;5;86m[HTTP]&amp#27;[0m <-- POST /session/b27cf6e0-fb68-426a-90ee-2cfdd1c6269b/execute/sync 500 10 ms - 2365
[WARN] flutter:getText failed: Command not supported: "flutter:getText"
Build info: version: '4.13.0', revision: 'ba948ece5b*'
System info: os.name: 'Windows 11', os.arch: 'amd64', os.version: '10.0', java.version: '21.0.11'
Driver info: io.appium.java_client.AppiumDriver
Command: [b27cf6e0-fb68-426a-90ee-2cfdd1c6269b, executeScript {script=flutter:getText, args=[{element-6066-11e4-a52e-4f735466cecf=eyJrZXlWYWx1ZVR5cGUiOiJTdHJpbmciLCJrZXlWYWx1ZVN0cmluZyI6InRhc2tib3hfYnVsa19zZWxlY3RlZF9jb3VudF9sYWJlbCIsImZpbmRlclR5cGUiOiJCeVZhbHVlS2V5In0=}]}]
Capabilities {appium:adbExecTimeout: 120000, appium:address: 127.0.0.1, appium:allowCors: false, appium:allowInsecure: [], appium:appActivity: com.dbox.dbox_flutter.host...., appium:appPackage: com.dbox.dbox_flutter.host, appium:autoGrantPermissions: true, appium:automationName: Flutter, appium:basePath: , appium:callbackPort: 4723, appium:debugLogSpacing: false, appium:denyInsecure: [], appium:deviceName: SM-515F/DSN, appium:disableWindowAnimation: true, appium:driversImportChunkSize: 3, appium:extraArgs: [], appium:fastReset: false, appium:fullReset: false, appium:ignoreHiddenApiPolicyError: true, appium:keepAliveTimeout: 600, appium:localTimezone: false, appium:logFormat: text, appium:logNoColors: false, appium:logTimestamp: false, appium:loglevel: info, appium:longStacktrace: false, appium:newCommandTimeout: 600, appium:noPermsCheck: false, appium:noReset: true, appium:observatoryRetryTimeout: 120000, appium:pluginsImportChunkSize: 7, appium:port: 28985, appium:printPageSourceOnFindFailure: true, appium:relaxedSecurityEnabled: false, appium:requestTimeout: 3600, appium:sessionOverride: true, appium:shutdownTimeout: 5000, appium:skipDeviceInitialization: false, appium:skipServerInstallation: false, appium:skipUninstall: true, appium:strictCaps: false, appium:subcommand: server, appium:tmpDir: C:\Users\SHAIWA~1\AppData\L..., appium:udid: RZ8NA06H1FJ, appium:uiautomator2ServerInstallTimeout: 60000, appium:uiautomator2ServerLaunchTimeout: 60000, appium:useDrivers: [], appium:usePlugins: [], appium:waitForQuiescence: false, platformName: ANDROID}
Session ID: b27cf6e0-fb68-426a-90ee-2cfdd1c6269b
&amp#27;[38;5;149m[b27cf6e0]&amp#27;[0m&amp#27;[38;5;86m[HTTP]&amp#27;[0m &amp#27;[37m-->&amp#27;[39m &amp#27;[37mPOST&amp#27;[39m &amp#27;[37m/session/b27cf6e0-fb68-426a-90ee-2cfdd1c6269b/execute/sync&amp#27;[39m {"script":"flutter:waitFor","args":[{"element-6066-11e4-a52e-4f735466cecf":"eyJ0ZXh0IjoiMCBTZWxlY3RlZCIsImZpbmRlclR5cGUiOiJCeVRleHQifQ=="},1000]}
&amp#27;[38;5;149m[b27cf6e0]&amp#27;[0m&amp#27;[38;5;86m[HTTP]&amp#27;[0m <-- POST /session/b27cf6e0-fb68-426a-90ee-2cfdd1c6269b/execute/sync 500 1035 ms - 3352
Element not found within timeout: Cannot execute command waitFor, server response {
  "isError": true,
  "response": "Timeout while executing waitFor: TimeoutException after 0:00:01.000000: Future not completed\n#0      Future.timeout.<anonymous closure> (dart:async/future_impl.dart:1025:22)\n<asynchronous suspension>\n#1      FlutterDriverExtension.call (package:flutter_driver/src/extension/extension.dart:423:31)\n<asynchronous suspension>\n#2      BindingBase.registerServiceExtension.<anonymous closure> (package:flutter/src/foundation/binding.dart:960:18)\n<asynchronous suspension>\n#3      _runExtension.<anonymous closure> (dart:developer-patch/developer.dart:138:13)\n<asynchronous suspension>\n",
  "type": "_extensionType",
  "method": "ext.flutter.driver"
}
Build info: version: '4.13.0', revision: 'ba948ece5b*'
System info: os.name: 'Windows 11', os.arch: 'amd64', os.version: '10.0', java.version: '21.0.11'
Driver info: io.appium.java_client.AppiumDriver
Command: [b27cf6e0-fb68-426a-90ee-2cfdd1c6269b, executeScript {script=flutter:waitFor, args=[{element-6066-11e4-a52e-4f735466cecf=eyJ0ZXh0IjoiMCBTZWxlY3RlZCIsImZpbmRlclR5cGUiOiJCeVRleHQifQ==}, 1000]}]
Capabilities {appium:adbExecTimeout: 120000, appium:address: 127.0.0.1, appium:allowCors: false, appium:allowInsecure: [], appium:appActivity: com.dbox.dbox_flutter.host...., appium:appPackage: com.dbox.dbox_flutter.host, appium:autoGrantPermissions: true, appium:automationName: Flutter, appium:basePath: , appium:callbackPort: 4723, appium:debugLogSpacing: false, appium:denyInsecure: [], appium:deviceName: SM-515F/DSN, appium:disableWindowAnimation: true, appium:driversImportChunkSize: 3, appium:extraArgs: [], appium:fastReset: false, appium:fullReset: false, appium:ignoreHiddenApiPolicyError: true, appium:keepAliveTimeout: 600, appium:localTimezone: false, appium:logFormat: text, appium:logNoColors: false, appium:logTimestamp: false, appium:loglevel: info, appium:longStacktrace: false, appium:newCommandTimeout: 600, appium:noPermsCheck: false, appium:noReset: true, appium:observatoryRetryTimeout: 120000, appium:pluginsImportChunkSize: 7, appium:port: 28985, appium:printPageSourceOnFindFailure: true, appium:relaxedSecurityEnabled: false, appium:requestTimeout: 3600, appium:sessionOverride: true, appium:shutdownTimeout: 5000, appium:skipDeviceInitialization: false, appium:skipServerInstallation: false, appium:skipUninstall: true, appium:strictCaps: false, appium:subcommand: server, appium:tmpDir: C:\Users\SHAIWA~1\AppData\L..., appium:udid: RZ8NA06H1FJ, appium:uiautomator2ServerInstallTimeout: 60000, appium:uiautomator2ServerLaunchTimeout: 60000, appium:useDrivers: [], appium:usePlugins: [], appium:waitForQuiescence: false, platformName: ANDROID}
Session ID: b27cf6e0-fb68-426a-90ee-2cfdd1c6269b
&amp#27;[38;5;149m[b27cf6e0]&amp#27;[0m&amp#27;[38;5;86m[HTTP]&amp#27;[0m &amp#27;[37m-->&amp#27;[39m &amp#27;[37mPOST&amp#27;[39m &amp#27;[37m/session/b27cf6e0-fb68-426a-90ee-2cfdd1c6269b/execute/sync&amp#27;[39m {"script":"flutter:waitFor","args":[{"element-6066-11e4-a52e-4f735466cecf":"eyJ0ZXh0IjoiMCBzZWxlY3RlZCIsImZpbmRlclR5cGUiOiJCeVRleHQifQ=="},1000]}
&amp#27;[38;5;149m[b27cf6e0]&amp#27;[0m&amp#27;[38;5;86m[HTTP]&amp#27;[0m <-- POST /session/b27cf6e0-fb68-426a-90ee-2cfdd1c6269b/execute/sync 500 1015 ms - 3352
Element not found within timeout: Cannot execute command waitFor, server response {
  "isError": true,
  "response": "Timeout while executing waitFor: TimeoutException after 0:00:01.000000: Future not completed\n#0      Future.timeout.<anonymous closure> (dart:async/future_impl.dart:1025:22)\n<asynchronous suspension>\n#1      FlutterDriverExtension.call (package:flutter_driver/src/extension/extension.dart:423:31)\n<asynchronous suspension>\n#2      BindingBase.registerServiceExtension.<anonymous closure> (package:flutter/src/foundation/binding.dart:960:18)\n<asynchronous suspension>\n#3      _runExtension.<anonymous closure> (dart:developer-patch/developer.dart:138:13)\n<asynchronous suspension>\n",
  "type": "_extensionType",
  "method": "ext.flutter.driver"
}
Build info: version: '4.13.0', revision: 'ba948ece5b*'
System info: os.name: 'Windows 11', os.arch: 'amd64', os.version: '10.0', java.version: '21.0.11'
Driver info: io.appium.java_client.AppiumDriver
Command: [b27cf6e0-fb68-426a-90ee-2cfdd1c6269b, executeScript {script=flutter:waitFor, args=[{element-6066-11e4-a52e-4f735466cecf=eyJ0ZXh0IjoiMCBzZWxlY3RlZCIsImZpbmRlclR5cGUiOiJCeVRleHQifQ==}, 1000]}]
Capabilities {appium:adbExecTimeout: 120000, appium:address: 127.0.0.1, appium:allowCors: false, appium:allowInsecure: [], appium:appActivity: com.dbox.dbox_flutter.host...., appium:appPackage: com.dbox.dbox_flutter.host, appium:autoGrantPermissions: true, appium:automationName: Flutter, appium:basePath: , appium:callbackPort: 4723, appium:debugLogSpacing: false, appium:denyInsecure: [], appium:deviceName: SM-515F/DSN, appium:disableWindowAnimation: true, appium:driversImportChunkSize: 3, appium:extraArgs: [], appium:fastReset: false, appium:fullReset: false, appium:ignoreHiddenApiPolicyError: true, appium:keepAliveTimeout: 600, appium:localTimezone: false, appium:logFormat: text, appium:logNoColors: false, appium:logTimestamp: false, appium:loglevel: info, appium:longStacktrace: false, appium:newCommandTimeout: 600, appium:noPermsCheck: false, appium:noReset: true, appium:observatoryRetryTimeout: 120000, appium:pluginsImportChunkSize: 7, appium:port: 28985, appium:printPageSourceOnFindFailure: true, appium:relaxedSecurityEnabled: false, appium:requestTimeout: 3600, appium:sessionOverride: true, appium:shutdownTimeout: 5000, appium:skipDeviceInitialization: false, appium:skipServerInstallation: false, appium:skipUninstall: true, appium:strictCaps: false, appium:subcommand: server, appium:tmpDir: C:\Users\SHAIWA~1\AppData\L..., appium:udid: RZ8NA06H1FJ, appium:uiautomator2ServerInstallTimeout: 60000, appium:uiautomator2ServerLaunchTimeout: 60000, appium:useDrivers: [], appium:usePlugins: [], appium:waitForQuiescence: false, platformName: ANDROID}
Session ID: b27cf6e0-fb68-426a-90ee-2cfdd1c6269b
&amp#27;[38;5;149m[b27cf6e0]&amp#27;[0m&amp#27;[38;5;86m[HTTP]&amp#27;[0m &amp#27;[37m-->&amp#27;[39m &amp#27;[37mPOST&amp#27;[39m &amp#27;[37m/session/b27cf6e0-fb68-426a-90ee-2cfdd1c6269b/execute/sync&amp#27;[39m {"script":"flutter:waitFor","args":[{"element-6066-11e4-a52e-4f735466cecf":"eyJ0ZXh0IjoiMSBTZWxlY3RlZCIsImZpbmRlclR5cGUiOiJCeVRleHQifQ=="},1000]}
&amp#27;[38;5;149m[b27cf6e0]&amp#27;[0m&amp#27;[38;5;86m[HTTP]&amp#27;[0m <-- POST /session/b27cf6e0-fb68-426a-90ee-2cfdd1c6269b/execute/sync 200 15 ms - 185
[CHECK] tapBulkCardCheckbox id=a6a68f81d422c2189272528
[ACTION] clickAction -> {"keyValueType":"String","keyValueString":"taskbox_bulk_card_checkbox_a6a68f81d422c2189272528","finderType":"ByValueKey"}
&amp#27;[38;5;149m[b27cf6e0]&amp#27;[0m&amp#27;[38;5;86m[HTTP]&amp#27;[0m &amp#27;[37m-->&amp#27;[39m &amp#27;[37mPOST&amp#27;[39m &amp#27;[37m/session/b27cf6e0-fb68-426a-90ee-2cfdd1c6269b/execute/sync&amp#27;[39m {"script":"flutter:waitFor","args":[{"element-6066-11e4-a52e-4f735466cecf":"eyJrZXlWYWx1ZVR5cGUiOiJTdHJpbmciLCJrZXlWYWx1ZVN0cmluZyI6InRhc2tib3hfYnVsa19jYXJkX2NoZWNrYm94X2E2YTY4ZjgxZDQyMmMyMTg5MjcyNTI4IiwiZmluZGVyVHlwZSI6IkJ5VmFsdWVLZXkifQ=="},120000]}
&amp#27;[38;5;149m[b27cf6e0]&amp#27;[0m&amp#27;[38;5;86m[HTTP]&amp#27;[0m <-- POST /session/b27cf6e0-fb68-426a-90ee-2cfdd1c6269b/execute/sync 200 16 ms - 393
&amp#27;[38;5;149m[b27cf6e0]&amp#27;[0m&amp#27;[38;5;86m[HTTP]&amp#27;[0m &amp#27;[37m-->&amp#27;[39m &amp#27;[37mPOST&amp#27;[39m &amp#27;[37m/session/b27cf6e0-fb68-426a-90ee-2cfdd1c6269b/element/eyJrZXlWYWx1ZVR5cGUiOiJTdHJpbmciLCJrZXlWYWx1ZVN0cmluZyI6InRhc2tib3hfYnVsa19jYXJkX2NoZWNrYm94X2E2YTY4ZjgxZDQyMmMyMTg5MjcyNTI4IiwiZmluZGVyVHlwZSI6IkJ5VmFsdWVLZXkifQ%3D%3D/click&amp#27;[39m {"id":"eyJrZXlWYWx1ZVR5cGUiOiJTdHJpbmciLCJrZXlWYWx1ZVN0cmluZyI6InRhc2tib3hfYnVsa19jYXJkX2NoZWNrYm94X2E2YTY4ZjgxZDQyMmMyMTg5MjcyNTI4IiwiZmluZGVyVHlwZSI6IkJ5VmFsdWVLZXkifQ=="}
&amp#27;[38;5;149m[b27cf6e0]&amp#27;[0m&amp#27;[38;5;86m[HTTP]&amp#27;[0m <-- POST /session/b27cf6e0-fb68-426a-90ee-2cfdd1c6269b/element/eyJrZXlWYWx1ZVR5cGUiOiJTdHJpbmciLCJrZXlWYWx1ZVN0cmluZyI6InRhc2tib3hfYnVsa19jYXJkX2NoZWNrYm94X2E2YTY4ZjgxZDQyMmMyMTg5MjcyNTI4IiwiZmluZGVyVHlwZSI6IkJ5VmFsdWVLZXkifQ%3D%3D/click 200 77 ms - 12
&amp#27;[38;5;149m[b27cf6e0]&amp#27;[0m&amp#27;[38;5;86m[HTTP]&amp#27;[0m &amp#27;[37m-->&amp#27;[39m &amp#27;[37mPOST&amp#27;[39m &amp#27;[37m/session/b27cf6e0-fb68-426a-90ee-2cfdd1c6269b/execute/sync&amp#27;[39m {"script":"flutter:waitFor","args":[{"element-6066-11e4-a52e-4f735466cecf":"eyJrZXlWYWx1ZVR5cGUiOiJTdHJpbmciLCJrZXlWYWx1ZVN0cmluZyI6InRhc2tib3hfYnVsa19zZWxlY3RlZF9jb3VudF9sYWJlbCIsImZpbmRlclR5cGUiOiJCeVZhbHVlS2V5In0="},15000]}
&amp#27;[38;5;149m[b27cf6e0]&amp#27;[0m&amp#27;[38;5;86m[HTTP]&amp#27;[0m <-- POST /session/b27cf6e0-fb68-426a-90ee-2cfdd1c6269b/execute/sync 200 121 ms - 345
&amp#27;[38;5;149m[b27cf6e0]&amp#27;[0m&amp#27;[38;5;86m[HTTP]&amp#27;[0m &amp#27;[37m-->&amp#27;[39m &amp#27;[37mPOST&amp#27;[39m &amp#27;[37m/session/b27cf6e0-fb68-426a-90ee-2cfdd1c6269b/execute/sync&amp#27;[39m {"script":"flutter:getText","args":[{"element-6066-11e4-a52e-4f735466cecf":"eyJrZXlWYWx1ZVR5cGUiOiJTdHJpbmciLCJrZXlWYWx1ZVN0cmluZyI6InRhc2tib3hfYnVsa19zZWxlY3RlZF9jb3VudF9sYWJlbCIsImZpbmRlclR5cGUiOiJCeVZhbHVlS2V5In0="}]}
&amp#27;[38;5;149m[b27cf6e0]&amp#27;[0m&amp#27;[38;5;86m[HTTP]&amp#27;[0m <-- POST /session/b27cf6e0-fb68-426a-90ee-2cfdd1c6269b/execute/sync 500 2 ms - 2365
[WARN] flutter:getText failed: Command not supported: "flutter:getText"
Build info: version: '4.13.0', revision: 'ba948ece5b*'
System info: os.name: 'Windows 11', os.arch: 'amd64', os.version: '10.0', java.version: '21.0.11'
Driver info: io.appium.java_client.AppiumDriver
Command: [b27cf6e0-fb68-426a-90ee-2cfdd1c6269b, executeScript {script=flutter:getText, args=[{element-6066-11e4-a52e-4f735466cecf=eyJrZXlWYWx1ZVR5cGUiOiJTdHJpbmciLCJrZXlWYWx1ZVN0cmluZyI6InRhc2tib3hfYnVsa19zZWxlY3RlZF9jb3VudF9sYWJlbCIsImZpbmRlclR5cGUiOiJCeVZhbHVlS2V5In0=}]}]
Capabilities {appium:adbExecTimeout: 120000, appium:address: 127.0.0.1, appium:allowCors: false, appium:allowInsecure: [], appium:appActivity: com.dbox.dbox_flutter.host...., appium:appPackage: com.dbox.dbox_flutter.host, appium:autoGrantPermissions: true, appium:automationName: Flutter, appium:basePath: , appium:callbackPort: 4723, appium:debugLogSpacing: false, appium:denyInsecure: [], appium:deviceName: SM-515F/DSN, appium:disableWindowAnimation: true, appium:driversImportChunkSize: 3, appium:extraArgs: [], appium:fastReset: false, appium:fullReset: false, appium:ignoreHiddenApiPolicyError: true, appium:keepAliveTimeout: 600, appium:localTimezone: false, appium:logFormat: text, appium:logNoColors: false, appium:logTimestamp: false, appium:loglevel: info, appium:longStacktrace: false, appium:newCommandTimeout: 600, appium:noPermsCheck: false, appium:noReset: true, appium:observatoryRetryTimeout: 120000, appium:pluginsImportChunkSize: 7, appium:port: 28985, appium:printPageSourceOnFindFailure: true, appium:relaxedSecurityEnabled: false, appium:requestTimeout: 3600, appium:sessionOverride: true, appium:shutdownTimeout: 5000, appium:skipDeviceInitialization: false, appium:skipServerInstallation: false, appium:skipUninstall: true, appium:strictCaps: false, appium:subcommand: server, appium:tmpDir: C:\Users\SHAIWA~1\AppData\L..., appium:udid: RZ8NA06H1FJ, appium:uiautomator2ServerInstallTimeout: 60000, appium:uiautomator2ServerLaunchTimeout: 60000, appium:useDrivers: [], appium:usePlugins: [], appium:waitForQuiescence: false, platformName: ANDROID}
Session ID: b27cf6e0-fb68-426a-90ee-2cfdd1c6269b
&amp#27;[38;5;149m[b27cf6e0]&amp#27;[0m&amp#27;[38;5;86m[HTTP]&amp#27;[0m &amp#27;[37m-->&amp#27;[39m &amp#27;[37mPOST&amp#27;[39m &amp#27;[37m/session/b27cf6e0-fb68-426a-90ee-2cfdd1c6269b/execute/sync&amp#27;[39m {"script":"flutter:waitFor","args":[{"element-6066-11e4-a52e-4f735466cecf":"eyJ0ZXh0IjoiMCBTZWxlY3RlZCIsImZpbmRlclR5cGUiOiJCeVRleHQifQ=="},1000]}
&amp#27;[38;5;149m[b27cf6e0]&amp#27;[0m&amp#27;[38;5;86m[HTTP]&amp#27;[0m <-- POST /session/b27cf6e0-fb68-426a-90ee-2cfdd1c6269b/execute/sync 500 1036 ms - 3352
Element not found within timeout: Cannot execute command waitFor, server response {
  "isError": true,
  "response": "Timeout while executing waitFor: TimeoutException after 0:00:01.000000: Future not completed\n#0      Future.timeout.<anonymous closure> (dart:async/future_impl.dart:1025:22)\n<asynchronous suspension>\n#1      FlutterDriverExtension.call (package:flutter_driver/src/extension/extension.dart:423:31)\n<asynchronous suspension>\n#2      BindingBase.registerServiceExtension.<anonymous closure> (package:flutter/src/foundation/binding.dart:960:18)\n<asynchronous suspension>\n#3      _runExtension.<anonymous closure> (dart:developer-patch/developer.dart:138:13)\n<asynchronous suspension>\n",
  "type": "_extensionType",
  "method": "ext.flutter.driver"
}
Build info: version: '4.13.0', revision: 'ba948ece5b*'
System info: os.name: 'Windows 11', os.arch: 'amd64', os.version: '10.0', java.version: '21.0.11'
Driver info: io.appium.java_client.AppiumDriver
Command: [b27cf6e0-fb68-426a-90ee-2cfdd1c6269b, executeScript {script=flutter:waitFor, args=[{element-6066-11e4-a52e-4f735466cecf=eyJ0ZXh0IjoiMCBTZWxlY3RlZCIsImZpbmRlclR5cGUiOiJCeVRleHQifQ==}, 1000]}]
Capabilities {appium:adbExecTimeout: 120000, appium:address: 127.0.0.1, appium:allowCors: false, appium:allowInsecure: [], appium:appActivity: com.dbox.dbox_flutter.host...., appium:appPackage: com.dbox.dbox_flutter.host, appium:autoGrantPermissions: true, appium:automationName: Flutter, appium:basePath: , appium:callbackPort: 4723, appium:debugLogSpacing: false, appium:denyInsecure: [], appium:deviceName: SM-515F/DSN, appium:disableWindowAnimation: true, appium:driversImportChunkSize: 3, appium:extraArgs: [], appium:fastReset: false, appium:fullReset: false, appium:ignoreHiddenApiPolicyError: true, appium:keepAliveTimeout: 600, appium:localTimezone: false, appium:logFormat: text, appium:logNoColors: false, appium:logTimestamp: false, appium:loglevel: info, appium:longStacktrace: false, appium:newCommandTimeout: 600, appium:noPermsCheck: false, appium:noReset: true, appium:observatoryRetryTimeout: 120000, appium:pluginsImportChunkSize: 7, appium:port: 28985, appium:printPageSourceOnFindFailure: true, appium:relaxedSecurityEnabled: false, appium:requestTimeout: 3600, appium:sessionOverride: true, appium:shutdownTimeout: 5000, appium:skipDeviceInitialization: false, appium:skipServerInstallation: false, appium:skipUninstall: true, appium:strictCaps: false, appium:subcommand: server, appium:tmpDir: C:\Users\SHAIWA~1\AppData\L..., appium:udid: RZ8NA06H1FJ, appium:uiautomator2ServerInstallTimeout: 60000, appium:uiautomator2ServerLaunchTimeout: 60000, appium:useDrivers: [], appium:usePlugins: [], appium:waitForQuiescence: false, platformName: ANDROID}
Session ID: b27cf6e0-fb68-426a-90ee-2cfdd1c6269b
&amp#27;[38;5;149m[b27cf6e0]&amp#27;[0m&amp#27;[38;5;86m[HTTP]&amp#27;[0m &amp#27;[37m-->&amp#27;[39m &amp#27;[37mPOST&amp#27;[39m &amp#27;[37m/session/b27cf6e0-fb68-426a-90ee-2cfdd1c6269b/execute/sync&amp#27;[39m {"script":"flutter:waitFor","args":[{"element-6066-11e4-a52e-4f735466cecf":"eyJ0ZXh0IjoiMCBzZWxlY3RlZCIsImZpbmRlclR5cGUiOiJCeVRleHQifQ=="},1000]}
&amp#27;[38;5;149m[b27cf6e0]&amp#27;[0m&amp#27;[38;5;86m[HTTP]&amp#27;[0m <-- POST /session/b27cf6e0-fb68-426a-90ee-2cfdd1c6269b/execute/sync 500 1019 ms - 3352
Element not found within timeout: Cannot execute command waitFor, server response {
  "isError": true,
  "response": "Timeout while executing waitFor: TimeoutException after 0:00:01.000000: Future not completed\n#0      Future.timeout.<anonymous closure> (dart:async/future_impl.dart:1025:22)\n<asynchronous suspension>\n#1      FlutterDriverExtension.call (package:flutter_driver/src/extension/extension.dart:423:31)\n<asynchronous suspension>\n#2      BindingBase.registerServiceExtension.<anonymous closure> (package:flutter/src/foundation/binding.dart:960:18)\n<asynchronous suspension>\n#3      _runExtension.<anonymous closure> (dart:developer-patch/developer.dart:138:13)\n<asynchronous suspension>\n",
  "type": "_extensionType",
  "method": "ext.flutter.driver"
}
Build info: version: '4.13.0', revision: 'ba948ece5b*'
System info: os.name: 'Windows 11', os.arch: 'amd64', os.version: '10.0', java.version: '21.0.11'
Driver info: io.appium.java_client.AppiumDriver
Command: [b27cf6e0-fb68-426a-90ee-2cfdd1c6269b, executeScript {script=flutter:waitFor, args=[{element-6066-11e4-a52e-4f735466cecf=eyJ0ZXh0IjoiMCBzZWxlY3RlZCIsImZpbmRlclR5cGUiOiJCeVRleHQifQ==}, 1000]}]
Capabilities {appium:adbExecTimeout: 120000, appium:address: 127.0.0.1, appium:allowCors: false, appium:allowInsecure: [], appium:appActivity: com.dbox.dbox_flutter.host...., appium:appPackage: com.dbox.dbox_flutter.host, appium:autoGrantPermissions: true, appium:automationName: Flutter, appium:basePath: , appium:callbackPort: 4723, appium:debugLogSpacing: false, appium:denyInsecure: [], appium:deviceName: SM-515F/DSN, appium:disableWindowAnimation: true, appium:driversImportChunkSize: 3, appium:extraArgs: [], appium:fastReset: false, appium:fullReset: false, appium:ignoreHiddenApiPolicyError: true, appium:keepAliveTimeout: 600, appium:localTimezone: false, appium:logFormat: text, appium:logNoColors: false, appium:logTimestamp: false, appium:loglevel: info, appium:longStacktrace: false, appium:newCommandTimeout: 600, appium:noPermsCheck: false, appium:noReset: true, appium:observatoryRetryTimeout: 120000, appium:pluginsImportChunkSize: 7, appium:port: 28985, appium:printPageSourceOnFindFailure: true, appium:relaxedSecurityEnabled: false, appium:requestTimeout: 3600, appium:sessionOverride: true, appium:shutdownTimeout: 5000, appium:skipDeviceInitialization: false, appium:skipServerInstallation: false, appium:skipUninstall: true, appium:strictCaps: false, appium:subcommand: server, appium:tmpDir: C:\Users\SHAIWA~1\AppData\L..., appium:udid: RZ8NA06H1FJ, appium:uiautomator2ServerInstallTimeout: 60000, appium:uiautomator2ServerLaunchTimeout: 60000, appium:useDrivers: [], appium:usePlugins: [], appium:waitForQuiescence: false, platformName: ANDROID}
Session ID: b27cf6e0-fb68-426a-90ee-2cfdd1c6269b
&amp#27;[38;5;149m[b27cf6e0]&amp#27;[0m&amp#27;[38;5;86m[HTTP]&amp#27;[0m &amp#27;[37m-->&amp#27;[39m &amp#27;[37mPOST&amp#27;[39m &amp#27;[37m/session/b27cf6e0-fb68-426a-90ee-2cfdd1c6269b/execute/sync&amp#27;[39m {"script":"flutter:waitFor","args":[{"element-6066-11e4-a52e-4f735466cecf":"eyJ0ZXh0IjoiMSBTZWxlY3RlZCIsImZpbmRlclR5cGUiOiJCeVRleHQifQ=="},1000]}
&amp#27;[38;5;149m[b27cf6e0]&amp#27;[0m&amp#27;[38;5;86m[HTTP]&amp#27;[0m <-- POST /session/b27cf6e0-fb68-426a-90ee-2cfdd1c6269b/execute/sync 500 1018 ms - 3352
Element not found within timeout: Cannot execute command waitFor, server response {
  "isError": true,
  "response": "Timeout while executing waitFor: TimeoutException after 0:00:01.000000: Future not completed\n#0      Future.timeout.<anonymous closure> (dart:async/future_impl.dart:1025:22)\n<asynchronous suspension>\n#1      FlutterDriverExtension.call (package:flutter_driver/src/extension/extension.dart:423:31)\n<asynchronous suspension>\n#2      BindingBase.registerServiceExtension.<anonymous closure> (package:flutter/src/foundation/binding.dart:960:18)\n<asynchronous suspension>\n#3      _runExtension.<anonymous closure> (dart:developer-patch/developer.dart:138:13)\n<asynchronous suspension>\n",
  "type": "_extensionType",
  "method": "ext.flutter.driver"
}
Build info: version: '4.13.0', revision: 'ba948ece5b*'
System info: os.name: 'Windows 11', os.arch: 'amd64', os.version: '10.0', java.version: '21.0.11'
Driver info: io.appium.java_client.AppiumDriver
Command: [b27cf6e0-fb68-426a-90ee-2cfdd1c6269b, executeScript {script=flutter:waitFor, args=[{element-6066-11e4-a52e-4f735466cecf=eyJ0ZXh0IjoiMSBTZWxlY3RlZCIsImZpbmRlclR5cGUiOiJCeVRleHQifQ==}, 1000]}]
Capabilities {appium:adbExecTimeout: 120000, appium:address: 127.0.0.1, appium:allowCors: false, appium:allowInsecure: [], appium:appActivity: com.dbox.dbox_flutter.host...., appium:appPackage: com.dbox.dbox_flutter.host, appium:autoGrantPermissions: true, appium:automationName: Flutter, appium:basePath: , appium:callbackPort: 4723, appium:debugLogSpacing: false, appium:denyInsecure: [], appium:deviceName: SM-515F/DSN, appium:disableWindowAnimation: true, appium:driversImportChunkSize: 3, appium:extraArgs: [], appium:fastReset: false, appium:fullReset: false, appium:ignoreHiddenApiPolicyError: true, appium:keepAliveTimeout: 600, appium:localTimezone: false, appium:logFormat: text, appium:logNoColors: false, appium:logTimestamp: false, appium:loglevel: info, appium:longStacktrace: false, appium:newCommandTimeout: 600, appium:noPermsCheck: false, appium:noReset: true, appium:observatoryRetryTimeout: 120000, appium:pluginsImportChunkSize: 7, appium:port: 28985, appium:printPageSourceOnFindFailure: true, appium:relaxedSecurityEnabled: false, appium:requestTimeout: 3600, appium:sessionOverride: true, appium:shutdownTimeout: 5000, appium:skipDeviceInitialization: false, appium:skipServerInstallation: false, appium:skipUninstall: true, appium:strictCaps: false, appium:subcommand: server, appium:tmpDir: C:\Users\SHAIWA~1\AppData\L..., appium:udid: RZ8NA06H1FJ, appium:uiautomator2ServerInstallTimeout: 60000, appium:uiautomator2ServerLaunchTimeout: 60000, appium:useDrivers: [], appium:usePlugins: [], appium:waitForQuiescence: false, platformName: ANDROID}
Session ID: b27cf6e0-fb68-426a-90ee-2cfdd1c6269b
&amp#27;[38;5;149m[b27cf6e0]&amp#27;[0m&amp#27;[38;5;86m[HTTP]&amp#27;[0m &amp#27;[37m-->&amp#27;[39m &amp#27;[37mPOST&amp#27;[39m &amp#27;[37m/session/b27cf6e0-fb68-426a-90ee-2cfdd1c6269b/execute/sync&amp#27;[39m {"script":"flutter:waitFor","args":[{"element-6066-11e4-a52e-4f735466cecf":"eyJ0ZXh0IjoiMSBzZWxlY3RlZCIsImZpbmRlclR5cGUiOiJCeVRleHQifQ=="},1000]}
&amp#27;[38;5;149m[b27cf6e0]&amp#27;[0m&amp#27;[38;5;86m[HTTP]&amp#27;[0m <-- POST /session/b27cf6e0-fb68-426a-90ee-2cfdd1c6269b/execute/sync 500 1017 ms - 3352
Element not found within timeout: Cannot execute command waitFor, server response {
  "isError": true,
  "response": "Timeout while executing waitFor: TimeoutException after 0:00:01.000000: Future not completed\n#0      Future.timeout.<anonymous closure> (dart:async/future_impl.dart:1025:22)\n<asynchronous suspension>\n#1      FlutterDriverExtension.call (package:flutter_driver/src/extension/extension.dart:423:31)\n<asynchronous suspension>\n#2      BindingBase.registerServiceExtension.<anonymous closure> (package:flutter/src/foundation/binding.dart:960:18)\n<asynchronous suspension>\n#3      _runExtension.<anonymous closure> (dart:developer-patch/developer.dart:138:13)\n<asynchronous suspension>\n",
  "type": "_extensionType",
  "method": "ext.flutter.driver"
}
Build info: version: '4.13.0', revision: 'ba948ece5b*'
System info: os.name: 'Windows 11', os.arch: 'amd64', os.version: '10.0', java.version: '21.0.11'
Driver info: io.appium.java_client.AppiumDriver
Command: [b27cf6e0-fb68-426a-90ee-2cfdd1c6269b, executeScript {script=flutter:waitFor, args=[{element-6066-11e4-a52e-4f735466cecf=eyJ0ZXh0IjoiMSBzZWxlY3RlZCIsImZpbmRlclR5cGUiOiJCeVRleHQifQ==}, 1000]}]
Capabilities {appium:adbExecTimeout: 120000, appium:address: 127.0.0.1, appium:allowCors: false, appium:allowInsecure: [], appium:appActivity: com.dbox.dbox_flutter.host...., appium:appPackage: com.dbox.dbox_flutter.host, appium:autoGrantPermissions: true, appium:automationName: Flutter, appium:basePath: , appium:callbackPort: 4723, appium:debugLogSpacing: false, appium:denyInsecure: [], appium:deviceName: SM-515F/DSN, appium:disableWindowAnimation: true, appium:driversImportChunkSize: 3, appium:extraArgs: [], appium:fastReset: false, appium:fullReset: false, appium:ignoreHiddenApiPolicyError: true, appium:keepAliveTimeout: 600, appium:localTimezone: false, appium:logFormat: text, appium:logNoColors: false, appium:logTimestamp: false, appium:loglevel: info, appium:longStacktrace: false, appium:newCommandTimeout: 600, appium:noPermsCheck: false, appium:noReset: true, appium:observatoryRetryTimeout: 120000, appium:pluginsImportChunkSize: 7, appium:port: 28985, appium:printPageSourceOnFindFailure: true, appium:relaxedSecurityEnabled: false, appium:requestTimeout: 3600, appium:sessionOverride: true, appium:shutdownTimeout: 5000, appium:skipDeviceInitialization: false, appium:skipServerInstallation: false, appium:skipUninstall: true, appium:strictCaps: false, appium:subcommand: server, appium:tmpDir: C:\Users\SHAIWA~1\AppData\L..., appium:udid: RZ8NA06H1FJ, appium:uiautomator2ServerInstallTimeout: 60000, appium:uiautomator2ServerLaunchTimeout: 60000, appium:useDrivers: [], appium:usePlugins: [], appium:waitForQuiescence: false, platformName: ANDROID}
Session ID: b27cf6e0-fb68-426a-90ee-2cfdd1c6269b
&amp#27;[38;5;149m[b27cf6e0]&amp#27;[0m&amp#27;[38;5;86m[HTTP]&amp#27;[0m &amp#27;[37m-->&amp#27;[39m &amp#27;[37mPOST&amp#27;[39m &amp#27;[37m/session/b27cf6e0-fb68-426a-90ee-2cfdd1c6269b/execute/sync&amp#27;[39m {"script":"flutter:waitFor","args":[{"element-6066-11e4-a52e-4f735466cecf":"eyJ0ZXh0IjoiMiBTZWxlY3RlZCIsImZpbmRlclR5cGUiOiJCeVRleHQifQ=="},1000]}
&amp#27;[38;5;149m[b27cf6e0]&amp#27;[0m&amp#27;[38;5;86m[HTTP]&amp#27;[0m <-- POST /session/b27cf6e0-fb68-426a-90ee-2cfdd1c6269b/execute/sync 200 16 ms - 185
[CHECK] tapBulkCardCheckbox id=a6a68f827aad64181752795
[ACTION] clickAction -> {"keyValueType":"String","keyValueString":"taskbox_bulk_card_checkbox_a6a68f827aad64181752795","finderType":"ByValueKey"}
&amp#27;[38;5;149m[b27cf6e0]&amp#27;[0m&amp#27;[38;5;86m[HTTP]&amp#27;[0m &amp#27;[37m-->&amp#27;[39m &amp#27;[37mPOST&amp#27;[39m &amp#27;[37m/session/b27cf6e0-fb68-426a-90ee-2cfdd1c6269b/execute/sync&amp#27;[39m {"script":"flutter:waitFor","args":[{"element-6066-11e4-a52e-4f735466cecf":"eyJrZXlWYWx1ZVR5cGUiOiJTdHJpbmciLCJrZXlWYWx1ZVN0cmluZyI6InRhc2tib3hfYnVsa19jYXJkX2NoZWNrYm94X2E2YTY4ZjgyN2FhZDY0MTgxNzUyNzk1IiwiZmluZGVyVHlwZSI6IkJ5VmFsdWVLZXkifQ=="},120000]}
&amp#27;[38;5;149m[b27cf6e0]&amp#27;[0m&amp#27;[38;5;86m[HTTP]&amp#27;[0m <-- POST /session/b27cf6e0-fb68-426a-90ee-2cfdd1c6269b/execute/sync 200 17 ms - 393
&amp#27;[38;5;149m[b27cf6e0]&amp#27;[0m&amp#27;[38;5;86m[HTTP]&amp#27;[0m &amp#27;[37m-->&amp#27;[39m &amp#27;[37mPOST&amp#27;[39m &amp#27;[37m/session/b27cf6e0-fb68-426a-90ee-2cfdd1c6269b/element/eyJrZXlWYWx1ZVR5cGUiOiJTdHJpbmciLCJrZXlWYWx1ZVN0cmluZyI6InRhc2tib3hfYnVsa19jYXJkX2NoZWNrYm94X2E2YTY4ZjgyN2FhZDY0MTgxNzUyNzk1IiwiZmluZGVyVHlwZSI6IkJ5VmFsdWVLZXkifQ%3D%3D/click&amp#27;[39m {"id":"eyJrZXlWYWx1ZVR5cGUiOiJTdHJpbmciLCJrZXlWYWx1ZVN0cmluZyI6InRhc2tib3hfYnVsa19jYXJkX2NoZWNrYm94X2E2YTY4ZjgyN2FhZDY0MTgxNzUyNzk1IiwiZmluZGVyVHlwZSI6IkJ5VmFsdWVLZXkifQ=="}
&amp#27;[38;5;149m[b27cf6e0]&amp#27;[0m&amp#27;[38;5;86m[HTTP]&amp#27;[0m <-- POST /session/b27cf6e0-fb68-426a-90ee-2cfdd1c6269b/element/eyJrZXlWYWx1ZVR5cGUiOiJTdHJpbmciLCJrZXlWYWx1ZVN0cmluZyI6InRhc2tib3hfYnVsa19jYXJkX2NoZWNrYm94X2E2YTY4ZjgyN2FhZDY0MTgxNzUyNzk1IiwiZmluZGVyVHlwZSI6IkJ5VmFsdWVLZXkifQ%3D%3D/click 200 87 ms - 12
&amp#27;[38;5;149m[b27cf6e0]&amp#27;[0m&amp#27;[38;5;86m[HTTP]&amp#27;[0m &amp#27;[37m-->&amp#27;[39m &amp#27;[37mPOST&amp#27;[39m &amp#27;[37m/session/b27cf6e0-fb68-426a-90ee-2cfdd1c6269b/execute/sync&amp#27;[39m {"script":"flutter:waitFor","args":[{"element-6066-11e4-a52e-4f735466cecf":"eyJrZXlWYWx1ZVR5cGUiOiJTdHJpbmciLCJrZXlWYWx1ZVN0cmluZyI6InRhc2tib3hfYnVsa19zZWxlY3RlZF9jb3VudF9sYWJlbCIsImZpbmRlclR5cGUiOiJCeVZhbHVlS2V5In0="},15000]}
&amp#27;[38;5;149m[b27cf6e0]&amp#27;[0m&amp#27;[38;5;86m[HTTP]&amp#27;[0m <-- POST /session/b27cf6e0-fb68-426a-90ee-2cfdd1c6269b/execute/sync 200 13 ms - 345
&amp#27;[38;5;149m[b27cf6e0]&amp#27;[0m&amp#27;[38;5;86m[HTTP]&amp#27;[0m &amp#27;[37m-->&amp#27;[39m &amp#27;[37mPOST&amp#27;[39m &amp#27;[37m/session/b27cf6e0-fb68-426a-90ee-2cfdd1c6269b/execute/sync&amp#27;[39m {"script":"flutter:getText","args":[{"element-6066-11e4-a52e-4f735466cecf":"eyJrZXlWYWx1ZVR5cGUiOiJTdHJpbmciLCJrZXlWYWx1ZVN0cmluZyI6InRhc2tib3hfYnVsa19zZWxlY3RlZF9jb3VudF9sYWJlbCIsImZpbmRlclR5cGUiOiJCeVZhbHVlS2V5In0="}]}
&amp#27;[38;5;149m[b27cf6e0]&amp#27;[0m&amp#27;[38;5;86m[HTTP]&amp#27;[0m <-- POST /session/b27cf6e0-fb68-426a-90ee-2cfdd1c6269b/execute/sync 500 2 ms - 2365
[WARN] flutter:getText failed: Command not supported: "flutter:getText"
Build info: version: '4.13.0', revision: 'ba948ece5b*'
System info: os.name: 'Windows 11', os.arch: 'amd64', os.version: '10.0', java.version: '21.0.11'
Driver info: io.appium.java_client.AppiumDriver
Command: [b27cf6e0-fb68-426a-90ee-2cfdd1c6269b, executeScript {script=flutter:getText, args=[{element-6066-11e4-a52e-4f735466cecf=eyJrZXlWYWx1ZVR5cGUiOiJTdHJpbmciLCJrZXlWYWx1ZVN0cmluZyI6InRhc2tib3hfYnVsa19zZWxlY3RlZF9jb3VudF9sYWJlbCIsImZpbmRlclR5cGUiOiJCeVZhbHVlS2V5In0=}]}]
Capabilities {appium:adbExecTimeout: 120000, appium:address: 127.0.0.1, appium:allowCors: false, appium:allowInsecure: [], appium:appActivity: com.dbox.dbox_flutter.host...., appium:appPackage: com.dbox.dbox_flutter.host, appium:autoGrantPermissions: true, appium:automationName: Flutter, appium:basePath: , appium:callbackPort: 4723, appium:debugLogSpacing: false, appium:denyInsecure: [], appium:deviceName: SM-515F/DSN, appium:disableWindowAnimation: true, appium:driversImportChunkSize: 3, appium:extraArgs: [], appium:fastReset: false, appium:fullReset: false, appium:ignoreHiddenApiPolicyError: true, appium:keepAliveTimeout: 600, appium:localTimezone: false, appium:logFormat: text, appium:logNoColors: false, appium:logTimestamp: false, appium:loglevel: info, appium:longStacktrace: false, appium:newCommandTimeout: 600, appium:noPermsCheck: false, appium:noReset: true, appium:observatoryRetryTimeout: 120000, appium:pluginsImportChunkSize: 7, appium:port: 28985, appium:printPageSourceOnFindFailure: true, appium:relaxedSecurityEnabled: false, appium:requestTimeout: 3600, appium:sessionOverride: true, appium:shutdownTimeout: 5000, appium:skipDeviceInitialization: false, appium:skipServerInstallation: false, appium:skipUninstall: true, appium:strictCaps: false, appium:subcommand: server, appium:tmpDir: C:\Users\SHAIWA~1\AppData\L..., appium:udid: RZ8NA06H1FJ, appium:uiautomator2ServerInstallTimeout: 60000, appium:uiautomator2ServerLaunchTimeout: 60000, appium:useDrivers: [], appium:usePlugins: [], appium:waitForQuiescence: false, platformName: ANDROID}
Session ID: b27cf6e0-fb68-426a-90ee-2cfdd1c6269b
&amp#27;[38;5;149m[b27cf6e0]&amp#27;[0m&amp#27;[38;5;86m[HTTP]&amp#27;[0m &amp#27;[37m-->&amp#27;[39m &amp#27;[37mPOST&amp#27;[39m &amp#27;[37m/session/b27cf6e0-fb68-426a-90ee-2cfdd1c6269b/execute/sync&amp#27;[39m {"script":"flutter:waitFor","args":[{"element-6066-11e4-a52e-4f735466cecf":"eyJ0ZXh0IjoiMCBTZWxlY3RlZCIsImZpbmRlclR5cGUiOiJCeVRleHQifQ=="},1000]}
&amp#27;[38;5;149m[b27cf6e0]&amp#27;[0m&amp#27;[38;5;86m[HTTP]&amp#27;[0m <-- POST /session/b27cf6e0-fb68-426a-90ee-2cfdd1c6269b/execute/sync 500 1070 ms - 3352
Element not found within timeout: Cannot execute command waitFor, server response {
  "isError": true,
  "response": "Timeout while executing waitFor: TimeoutException after 0:00:01.000000: Future not completed\n#0      Future.timeout.<anonymous closure> (dart:async/future_impl.dart:1025:22)\n<asynchronous suspension>\n#1      FlutterDriverExtension.call (package:flutter_driver/src/extension/extension.dart:423:31)\n<asynchronous suspension>\n#2      BindingBase.registerServiceExtension.<anonymous closure> (package:flutter/src/foundation/binding.dart:960:18)\n<asynchronous suspension>\n#3      _runExtension.<anonymous closure> (dart:developer-patch/developer.dart:138:13)\n<asynchronous suspension>\n",
  "type": "_extensionType",
  "method": "ext.flutter.driver"
}
Build info: version: '4.13.0', revision: 'ba948ece5b*'
System info: os.name: 'Windows 11', os.arch: 'amd64', os.version: '10.0', java.version: '21.0.11'
Driver info: io.appium.java_client.AppiumDriver
Command: [b27cf6e0-fb68-426a-90ee-2cfdd1c6269b, executeScript {script=flutter:waitFor, args=[{element-6066-11e4-a52e-4f735466cecf=eyJ0ZXh0IjoiMCBTZWxlY3RlZCIsImZpbmRlclR5cGUiOiJCeVRleHQifQ==}, 1000]}]
Capabilities {appium:adbExecTimeout: 120000, appium:address: 127.0.0.1, appium:allowCors: false, appium:allowInsecure: [], appium:appActivity: com.dbox.dbox_flutter.host...., appium:appPackage: com.dbox.dbox_flutter.host, appium:autoGrantPermissions: true, appium:automationName: Flutter, appium:basePath: , appium:callbackPort: 4723, appium:debugLogSpacing: false, appium:denyInsecure: [], appium:deviceName: SM-515F/DSN, appium:disableWindowAnimation: true, appium:driversImportChunkSize: 3, appium:extraArgs: [], appium:fastReset: false, appium:fullReset: false, appium:ignoreHiddenApiPolicyError: true, appium:keepAliveTimeout: 600, appium:localTimezone: false, appium:logFormat: text, appium:logNoColors: false, appium:logTimestamp: false, appium:loglevel: info, appium:longStacktrace: false, appium:newCommandTimeout: 600, appium:noPermsCheck: false, appium:noReset: true, appium:observatoryRetryTimeout: 120000, appium:pluginsImportChunkSize: 7, appium:port: 28985, appium:printPageSourceOnFindFailure: true, appium:relaxedSecurityEnabled: false, appium:requestTimeout: 3600, appium:sessionOverride: true, appium:shutdownTimeout: 5000, appium:skipDeviceInitialization: false, appium:skipServerInstallation: false, appium:skipUninstall: true, appium:strictCaps: false, appium:subcommand: server, appium:tmpDir: C:\Users\SHAIWA~1\AppData\L..., appium:udid: RZ8NA06H1FJ, appium:uiautomator2ServerInstallTimeout: 60000, appium:uiautomator2ServerLaunchTimeout: 60000, appium:useDrivers: [], appium:usePlugins: [], appium:waitForQuiescence: false, platformName: ANDROID}
Session ID: b27cf6e0-fb68-426a-90ee-2cfdd1c6269b
&amp#27;[38;5;149m[b27cf6e0]&amp#27;[0m&amp#27;[38;5;86m[HTTP]&amp#27;[0m &amp#27;[37m-->&amp#27;[39m &amp#27;[37mPOST&amp#27;[39m &amp#27;[37m/session/b27cf6e0-fb68-426a-90ee-2cfdd1c6269b/execute/sync&amp#27;[39m {"script":"flutter:waitFor","args":[{"element-6066-11e4-a52e-4f735466cecf":"eyJ0ZXh0IjoiMCBzZWxlY3RlZCIsImZpbmRlclR5cGUiOiJCeVRleHQifQ=="},1000]}
&amp#27;[38;5;149m[b27cf6e0]&amp#27;[0m&amp#27;[38;5;86m[HTTP]&amp#27;[0m <-- POST /session/b27cf6e0-fb68-426a-90ee-2cfdd1c6269b/execute/sync 500 1017 ms - 3352
Element not found within timeout: Cannot execute command waitFor, server response {
  "isError": true,
  "response": "Timeout while executing waitFor: TimeoutException after 0:00:01.000000: Future not completed\n#0      Future.timeout.<anonymous closure> (dart:async/future_impl.dart:1025:22)\n<asynchronous suspension>\n#1      FlutterDriverExtension.call (package:flutter_driver/src/extension/extension.dart:423:31)\n<asynchronous suspension>\n#2      BindingBase.registerServiceExtension.<anonymous closure> (package:flutter/src/foundation/binding.dart:960:18)\n<asynchronous suspension>\n#3      _runExtension.<anonymous closure> (dart:developer-patch/developer.dart:138:13)\n<asynchronous suspension>\n",
  "type": "_extensionType",
  "method": "ext.flutter.driver"
}
Build info: version: '4.13.0', revision: 'ba948ece5b*'
System info: os.name: 'Windows 11', os.arch: 'amd64', os.version: '10.0', java.version: '21.0.11'
Driver info: io.appium.java_client.AppiumDriver
Command: [b27cf6e0-fb68-426a-90ee-2cfdd1c6269b, executeScript {script=flutter:waitFor, args=[{element-6066-11e4-a52e-4f735466cecf=eyJ0ZXh0IjoiMCBzZWxlY3RlZCIsImZpbmRlclR5cGUiOiJCeVRleHQifQ==}, 1000]}]
Capabilities {appium:adbExecTimeout: 120000, appium:address: 127.0.0.1, appium:allowCors: false, appium:allowInsecure: [], appium:appActivity: com.dbox.dbox_flutter.host...., appium:appPackage: com.dbox.dbox_flutter.host, appium:autoGrantPermissions: true, appium:automationName: Flutter, appium:basePath: , appium:callbackPort: 4723, appium:debugLogSpacing: false, appium:denyInsecure: [], appium:deviceName: SM-515F/DSN, appium:disableWindowAnimation: true, appium:driversImportChunkSize: 3, appium:extraArgs: [], appium:fastReset: false, appium:fullReset: false, appium:ignoreHiddenApiPolicyError: true, appium:keepAliveTimeout: 600, appium:localTimezone: false, appium:logFormat: text, appium:logNoColors: false, appium:logTimestamp: false, appium:loglevel: info, appium:longStacktrace: false, appium:newCommandTimeout: 600, appium:noPermsCheck: false, appium:noReset: true, appium:observatoryRetryTimeout: 120000, appium:pluginsImportChunkSize: 7, appium:port: 28985, appium:printPageSourceOnFindFailure: true, appium:relaxedSecurityEnabled: false, appium:requestTimeout: 3600, appium:sessionOverride: true, appium:shutdownTimeout: 5000, appium:skipDeviceInitialization: false, appium:skipServerInstallation: false, appium:skipUninstall: true, appium:strictCaps: false, appium:subcommand: server, appium:tmpDir: C:\Users\SHAIWA~1\AppData\L..., appium:udid: RZ8NA06H1FJ, appium:uiautomator2ServerInstallTimeout: 60000, appium:uiautomator2ServerLaunchTimeout: 60000, appium:useDrivers: [], appium:usePlugins: [], appium:waitForQuiescence: false, platformName: ANDROID}
Session ID: b27cf6e0-fb68-426a-90ee-2cfdd1c6269b
&amp#27;[38;5;149m[b27cf6e0]&amp#27;[0m&amp#27;[38;5;86m[HTTP]&amp#27;[0m &amp#27;[37m-->&amp#27;[39m &amp#27;[37mPOST&amp#27;[39m &amp#27;[37m/session/b27cf6e0-fb68-426a-90ee-2cfdd1c6269b/execute/sync&amp#27;[39m {"script":"flutter:waitFor","args":[{"element-6066-11e4-a52e-4f735466cecf":"eyJ0ZXh0IjoiMSBTZWxlY3RlZCIsImZpbmRlclR5cGUiOiJCeVRleHQifQ=="},1000]}
&amp#27;[38;5;149m[b27cf6e0]&amp#27;[0m&amp#27;[38;5;86m[HTTP]&amp#27;[0m <-- POST /session/b27cf6e0-fb68-426a-90ee-2cfdd1c6269b/execute/sync 200 18 ms - 185
]]></system-out>
    <system-err><![CDATA[SLF4J: No SLF4J providers were found.
SLF4J: Defaulting to no-operation (NOP) logger implementation
SLF4J: See https://www.slf4j.org/codes.html#noProviders for further details.
]]></system-err>
  </testcase>
</testsuite>